Log file open, 05/17/21 19:51:15
LogWindows: Failed to load 'aqProf.dll' (GetLastError=126)
LogWindows: File 'aqProf.dll' does not exist
LogWindows: Failed to load 'VtuneApi.dll' (GetLastError=126)
LogWindows: File 'VtuneApi.dll' does not exist
LogWindows: Failed to load 'VtuneApi32e.dll' (GetLastError=126)
LogWindows: File 'VtuneApi32e.dll' does not exist
LogConsoleResponse: Display: Failed to find resolution value strings in scalability ini. Falling back to default.
LogInit: Display: Running engine for game: BattleTank
LogPakFile: Registered encryption key '00000000000000000000000000000000': 0 pak files mounted, 0 remain pending
LogPlatformFile: Not using cached read wrapper
LogTaskGraph: Started task graph with 5 named threads and 23 total threads with 3 sets of task threads.
LogStats: Stats thread started at 0.358891
LogD3D11RHI: Loaded GFSDK_Aftermath_Lib.x64.dll
LogICUInternationalization: ICU TimeZone Detection - Raw Offset: +2:00, Platform Override: ''
LogPluginManager: Mounting plugin Paper2D
LogPluginManager: Mounting plugin AISupport
LogPluginManager: Mounting plugin LightPropagationVolume
LogPluginManager: Mounting plugin ActorLayerUtilities
LogPluginManager: Mounting plugin AnimationSharing
LogPluginManager: Mounting plugin CLionSourceCodeAccess
LogPluginManager: Mounting plugin CodeLiteSourceCodeAccess
LogPluginManager: Mounting plugin GitSourceControl
LogPluginManager: Mounting plugin KDevelopSourceCodeAccess
LogPluginManager: Mounting plugin NullSourceCodeAccess
LogPluginManager: Mounting plugin PerforceSourceControl
LogPluginManager: Mounting plugin SubversionSourceControl
LogPluginManager: Mounting plugin UObjectPlugin
LogPluginManager: Mounting plugin VisualStudioCodeSourceCodeAccess
LogPluginManager: Mounting plugin VisualStudioSourceCodeAccess
LogPluginManager: Mounting plugin XCodeSourceCodeAccess
LogPluginManager: Mounting plugin AssetManagerEditor
LogPluginManager: Mounting plugin CryptoKeys
LogPluginManager: Mounting plugin DataValidation
LogPluginManager: Mounting plugin FacialAnimation
LogPluginManager: Mounting plugin GameplayTagsEditor
LogPluginManager: Mounting plugin MacGraphicsSwitching
LogPluginManager: Mounting plugin MaterialAnalyzer
LogPluginManager: Mounting plugin MobileLauncherProfileWizard
LogPluginManager: Mounting plugin PluginBrowser
LogPluginManager: Mounting plugin SpeedTreeImporter
LogPluginManager: Mounting plugin DatasmithContent
LogPluginManager: Mounting plugin VariantManagerContent
LogPluginManager: Mounting plugin AlembicImporter
LogPluginManager: Mounting plugin AppleImageUtils
LogPluginManager: Mounting plugin AppleVision
LogPluginManager: Mounting plugin BackChannel
LogPluginManager: Mounting plugin CharacterAI
LogPluginManager: Mounting plugin GeometryCache
LogPluginManager: Mounting plugin HTML5Networking
LogPluginManager: Mounting plugin ProxyLODPlugin
LogPluginManager: Mounting plugin SkeletalReduction
LogPluginManager: Mounting plugin MagicLeap
LogPluginManager: Mounting plugin MagicLeapMedia
LogPluginManager: Mounting plugin AndroidMedia
LogPluginManager: Mounting plugin AvfMedia
LogPluginManager: Mounting plugin ImgMedia
LogPluginManager: Mounting plugin LinearTimecode
LogPluginManager: Mounting plugin MediaCompositing
LogPluginManager: Mounting plugin MediaPlayerEditor
LogPluginManager: Mounting plugin WebMMedia
LogPluginManager: Mounting plugin WmfMedia
LogPluginManager: Mounting plugin TcpMessaging
LogPluginManager: Mounting plugin UdpMessaging
LogPluginManager: Mounting plugin ActorSequence
LogPluginManager: Mounting plugin LevelSequenceEditor
LogPluginManager: Mounting plugin MatineeToLevelSequence
LogPluginManager: Mounting plugin NetcodeUnitTest
LogPluginManager: Mounting plugin NUTUnrealEngine4
LogPluginManager: Mounting plugin OnlineSubsystemGooglePlay
LogPluginManager: Mounting plugin OnlineSubsystemIOS
LogPluginManager: Mounting plugin OnlineSubsystem
LogPluginManager: Mounting plugin OnlineSubsystemNull
LogPluginManager: Mounting plugin OnlineSubsystemUtils
LogPluginManager: Mounting plugin LauncherChunkInstaller
LogPluginManager: Mounting plugin AndroidDeviceProfileSelector
LogPluginManager: Mounting plugin AndroidMoviePlayer
LogPluginManager: Mounting plugin AndroidPermission
LogPluginManager: Mounting plugin AppleMoviePlayer
LogPluginManager: Mounting plugin ArchVisCharacter
LogPluginManager: Mounting plugin AudioCapture
LogPluginManager: Mounting plugin CableComponent
LogPluginManager: Mounting plugin CustomMeshComponent
LogPluginManager: Mounting plugin EditableMesh
LogPluginManager: Mounting plugin ExampleDeviceProfileSelector
LogPluginManager: Mounting plugin Firebase
LogPluginManager: Mounting plugin GoogleCloudMessaging
LogPluginManager: Mounting plugin IOSDeviceProfileSelector
LogPluginManager: Mounting plugin LinuxDeviceProfileSelector
LogPluginManager: Mounting plugin LocationServicesBPLibrary
LogPluginManager: Mounting plugin MobilePatchingUtils
LogPluginManager: Mounting plugin OculusVR
LogPluginManager: Mounting plugin PhysXVehicles
LogPluginManager: Mounting plugin ProceduralMeshComponent
LogPluginManager: Mounting plugin RuntimePhysXCooking
LogPluginManager: Mounting plugin SignificanceManager
LogPluginManager: Mounting plugin SteamVR
LogPluginManager: Mounting plugin WebMMoviePlayer
LogPluginManager: Mounting plugin WindowsMoviePlayer
LogInit: Using libcurl 7.55.1-DEV
LogInit:  - built for x86_64-pc-win32
LogInit:  - supports SSL with OpenSSL/1.1.1
LogInit:  - supports HTTP deflate (compression) using libz 1.2.8
LogInit:  - other features:
LogInit:      CURL_VERSION_SSL
LogInit:      CURL_VERSION_LIBZ
LogInit:      CURL_VERSION_IPV6
LogInit:      CURL_VERSION_ASYNCHDNS
LogInit:      CURL_VERSION_LARGEFILE
LogInit:      CURL_VERSION_IDN
LogInit:  CurlRequestOptions (configurable via config and command line):
LogInit:  - bVerifyPeer = true  - Libcurl will verify peer certificate
LogInit:  - bUseHttpProxy = false  - Libcurl will NOT use HTTP proxy
LogInit:  - bDontReuseConnections = false  - Libcurl will reuse connections
LogInit:  - MaxHostConnections = 16  - Libcurl will limit the number of connections to a host
LogInit:  - LocalHostAddr = Default
LogInit:  - BufferSize = 65536
LogInit: WinSock: version 1.1 (2.2), MaxSocks=32767, MaxUdp=65467
LogInit: Build: ++UE4+Release-4.22-CL-7053642
LogInit: Engine Version: 4.22.3-7053642+++UE4+Release-4.22
LogInit: Compatible Engine Version: 4.22.0-5660361+++UE4+Release-4.22
LogInit: Net CL: 5660361
LogInit: OS: Windows 10 (Release 2009) (), CPU: Intel(R) Core(TM) i5-10300H CPU @ 2.50GHz, GPU: Intel(R) UHD Graphics
LogInit: Compiled (64-bit): Jun 18 2019 03:09:11
LogInit: Compiled with Visual C++: 19.16.27025.01
LogInit: Build Configuration: Development
LogInit: Branch Name: ++UE4+Release-4.22
LogInit: Command Line:  -EpicPortal -epicusername=AndreiTataTau -epicuserid=c89c687000f243a7b66335cadee1bbb3 -epiclocale=en
LogInit: Base Directory: F:/program files al bun/unrealEngine/UE_4.22/Engine/Binaries/Win64/
LogInit: Installed Engine Build: 1
LogDevObjectVersion: Number of dev versions registered: 23
LogDevObjectVersion:   Dev-Blueprints (B0D832E4-1F89-4F0D-ACCF-7EB736FD4AA2): 10
LogDevObjectVersion:   Dev-Build (E1C64328-A22C-4D53-A36C-8E866417BD8C): 0
LogDevObjectVersion:   Dev-Core (375EC13C-06E4-48FB-B500-84F0262A717E): 3
LogDevObjectVersion:   Dev-Editor (E4B068ED-F494-42E9-A231-DA0B2E46BB41): 30
LogDevObjectVersion:   Dev-Framework (CFFC743F-43B0-4480-9391-14DF171D2073): 35
LogDevObjectVersion:   Dev-Mobile (B02B49B5-BB20-44E9-A304-32B752E40360): 2
LogDevObjectVersion:   Dev-Networking (A4E4105C-59A1-49B5-A7C5-40C4547EDFEE): 0
LogDevObjectVersion:   Dev-Online (39C831C9-5AE6-47DC-9A44-9C173E1C8E7C): 0
LogDevObjectVersion:   Dev-Physics (78F01B33-EBEA-4F98-B9B4-84EACCB95AA2): 0
LogDevObjectVersion:   Dev-Platform (6631380F-2D4D-43E0-8009-CF276956A95A): 0
LogDevObjectVersion:   Dev-Rendering (12F88B9F-8875-4AFC-A67C-D90C383ABD29): 28
LogDevObjectVersion:   Dev-Sequencer (7B5AE74C-D270-4C10-A958-57980B212A5A): 11
LogDevObjectVersion:   Dev-VR (D7296918-1DD6-4BDD-9DE2-64A83CC13884): 2
LogDevObjectVersion:   Dev-LoadTimes (C2A15278-BFE7-4AFE-6C17-90FF531DF755): 1
LogDevObjectVersion:   Private-Geometry (6EACA3D4-40EC-4CC1-B786-8BED09428FC5): 3
LogDevObjectVersion:   Dev-AnimPhys (29E575DD-E0A3-4627-9D10-D276232CDCEA): 17
LogDevObjectVersion:   Dev-Anim (AF43A65D-7FD3-4947-9873-3E8ED9C1BB05): 2
LogDevObjectVersion:   Dev-ReflectionCapture (6B266CEC-1EC7-4B8F-A30B-E4D90942FC07): 1
LogDevObjectVersion:   Dev-Automation (0DF73D61-A23F-47EA-B727-89E90C41499A): 1
LogDevObjectVersion:   FortniteMain (601D1886-AC64-4F84-AA16-D3DE0DEAC7D6): 25
LogDevObjectVersion:   Dev-Enterprise (9DFFBCD6-494F-0158-E221-12823C92A888): 6
LogDevObjectVersion:   Dev-Niagara (F2AED0AC-9AFE-416F-8664-AA7FFA26D6FC): 1
LogDevObjectVersion:   Dev-Destruction (174F1F0B-B4C6-45A5-B13F-2EE8D0FB917D): 2
LogInit: Presizing for max 16777216 objects, including 0 objects not considered by GC, pre-allocating 0 bytes for permanent pool.
LogInit: Object subsystem initialized
LogConfig: Setting CVar [[con.DebugEarlyDefault:1]]
LogConfig: Setting CVar [[r.setres:1280x720]]
[2021.05.17-16.51.15:964][  0]LogConfig: Setting CVar [[r.VSync:0]]
[2021.05.17-16.51.15:964][  0]LogConfig: Setting CVar [[r.RHICmdBypass:0]]
[2021.05.17-16.51.15:964][  0]LogConfig: Applying CVar settings from Section [/Script/Engine.RendererSettings] File [F:/Work/BattleTank/BattleTank/Saved/Config/Windows/Engine.ini]
[2021.05.17-16.51.15:964][  0]LogConfig: Setting CVar [[r.GPUCrashDebugging:0]]
[2021.05.17-16.51.15:964][  0]LogConfig: Setting CVar [[r.DefaultFeature.AutoExposure.ExtendDefaultLuminanceRange:1]]
[2021.05.17-16.51.15:964][  0]LogConfig: Applying CVar settings from Section [/Script/Engine.RendererOverrideSettings] File [F:/Work/BattleTank/BattleTank/Saved/Config/Windows/Engine.ini]
[2021.05.17-16.51.15:964][  0]LogConfig: Applying CVar settings from Section [/Script/Engine.StreamingSettings] File [F:/Work/BattleTank/BattleTank/Saved/Config/Windows/Engine.ini]
[2021.05.17-16.51.15:964][  0]LogConfig: Setting CVar [[s.MinBulkDataSizeForAsyncLoading:131072]]
[2021.05.17-16.51.15:964][  0]LogConfig: Setting CVar [[s.AsyncLoadingThreadEnabled:0]]
[2021.05.17-16.51.15:964][  0]LogConfig: Setting CVar [[s.EventDrivenLoaderEnabled:1]]
[2021.05.17-16.51.15:964][  0]LogConfig: Setting CVar [[s.WarnIfTimeLimitExceeded:0]]
[2021.05.17-16.51.15:964][  0]LogConfig: Setting CVar [[s.TimeLimitExceededMultiplier:1.5]]
[2021.05.17-16.51.15:964][  0]LogConfig: Setting CVar [[s.TimeLimitExceededMinTime:0.005]]
[2021.05.17-16.51.15:964][  0]LogConfig: Setting CVar [[s.UseBackgroundLevelStreaming:1]]
[2021.05.17-16.51.15:964][  0]LogConfig: Setting CVar [[s.PriorityAsyncLoadingExtraTime:15.0]]
[2021.05.17-16.51.15:964][  0]LogConfig: Setting CVar [[s.LevelStreamingActorsUpdateTimeLimit:5.0]]
[2021.05.17-16.51.15:964][  0]LogConfig: Setting CVar [[s.PriorityLevelStreamingActorsUpdateExtraTime:5.0]]
[2021.05.17-16.51.15:964][  0]LogConfig: Setting CVar [[s.LevelStreamingComponentsRegistrationGranularity:10]]
[2021.05.17-16.51.15:964][  0]LogConfig: Setting CVar [[s.UnregisterComponentsTimeLimit:1.0]]
[2021.05.17-16.51.15:964][  0]LogConfig: Setting CVar [[s.LevelStreamingComponentsUnregistrationGranularity:5]]
[2021.05.17-16.51.15:964][  0]LogConfig: Applying CVar settings from Section [/Script/Engine.GarbageCollectionSettings] File [F:/Work/BattleTank/BattleTank/Saved/Config/Windows/Engine.ini]
[2021.05.17-16.51.15:964][  0]LogConfig: Setting CVar [[gc.MaxObjectsNotConsideredByGC:1]]
[2021.05.17-16.51.15:964][  0]LogConfig: Setting CVar [[gc.SizeOfPermanentObjectPool:0]]
[2021.05.17-16.51.15:964][  0]LogConfig: Setting CVar [[gc.FlushStreamingOnGC:0]]
[2021.05.17-16.51.15:964][  0]LogConfig: Setting CVar [[gc.NumRetriesBeforeForcingGC:10]]
[2021.05.17-16.51.15:964][  0]LogConfig: Setting CVar [[gc.AllowParallelGC:1]]
[2021.05.17-16.51.15:964][  0]LogConfig: Setting CVar [[gc.TimeBetweenPurgingPendingKillObjects:61.1]]
[2021.05.17-16.51.15:964][  0]LogConfig: Setting CVar [[gc.MaxObjectsInEditor:16777216]]
[2021.05.17-16.51.15:964][  0]LogConfig: Setting CVar [[gc.IncrementalBeginDestroyEnabled:1]]
[2021.05.17-16.51.15:964][  0]LogConfig: Setting CVar [[gc.CreateGCClusters:1]]
[2021.05.17-16.51.15:964][  0]LogConfig: Setting CVar [[gc.MinGCClusterSize:5]]
[2021.05.17-16.51.15:964][  0]LogConfig: Setting CVar [[gc.ActorClusteringEnabled:0]]
[2021.05.17-16.51.15:964][  0]LogConfig: Setting CVar [[gc.BlueprintClusteringEnabled:0]]
[2021.05.17-16.51.15:964][  0]LogConfig: Setting CVar [[gc.UseDisregardForGCOnDedicatedServers:0]]
[2021.05.17-16.51.15:964][  0]LogConfig: Applying CVar settings from Section [/Script/Engine.NetworkSettings] File [F:/Work/BattleTank/BattleTank/Saved/Config/Windows/Engine.ini]
[2021.05.17-16.51.15:964][  0]LogConfig: Applying CVar settings from Section [/Script/UnrealEd.CookerSettings] File [F:/Work/BattleTank/BattleTank/Saved/Config/Windows/Engine.ini]
[2021.05.17-16.51.15:968][  0]LogConfig: Applying CVar settings from Section [ViewDistanceQuality@3] File [F:/Work/BattleTank/BattleTank/Saved/Config/Windows/Scalability.ini]
[2021.05.17-16.51.15:968][  0]LogConfig: Setting CVar [[r.SkeletalMeshLODBias:0]]
[2021.05.17-16.51.15:968][  0]LogConfig: Setting CVar [[r.ViewDistanceScale:1.0]]
[2021.05.17-16.51.15:968][  0]LogConfig: Applying CVar settings from Section [AntiAliasingQuality@3] File [F:/Work/BattleTank/BattleTank/Saved/Config/Windows/Scalability.ini]
[2021.05.17-16.51.15:968][  0]LogConfig: Setting CVar [[r.PostProcessAAQuality:4]]
[2021.05.17-16.51.15:968][  0]LogConfig: Applying CVar settings from Section [ShadowQuality@3] File [F:/Work/BattleTank/BattleTank/Saved/Config/Windows/Scalability.ini]
[2021.05.17-16.51.15:968][  0]LogConfig: Setting CVar [[r.LightFunctionQuality:1]]
[2021.05.17-16.51.15:968][  0]LogConfig: Setting CVar [[r.ShadowQuality:5]]
[2021.05.17-16.51.15:968][  0]LogConfig: Setting CVar [[r.Shadow.CSM.MaxCascades:10]]
[2021.05.17-16.51.15:968][  0]LogConfig: Setting CVar [[r.Shadow.MaxResolution:2048]]
[2021.05.17-16.51.15:968][  0]LogConfig: Setting CVar [[r.Shadow.MaxCSMResolution:2048]]
[2021.05.17-16.51.15:968][  0]LogConfig: Setting CVar [[r.Shadow.RadiusThreshold:0.01]]
[2021.05.17-16.51.15:968][  0]LogConfig: Setting CVar [[r.Shadow.DistanceScale:1.0]]
[2021.05.17-16.51.15:968][  0]LogConfig: Setting CVar [[r.Shadow.CSM.TransitionScale:1.0]]
[2021.05.17-16.51.15:968][  0]LogConfig: Setting CVar [[r.Shadow.PreShadowResolutionFactor:1.0]]
[2021.05.17-16.51.15:968][  0]LogConfig: Setting CVar [[r.DistanceFieldShadowing:1]]
[2021.05.17-16.51.15:968][  0]LogConfig: Setting CVar [[r.DistanceFieldAO:1]]
[2021.05.17-16.51.15:968][  0]LogConfig: Setting CVar [[r.AOQuality:2]]
[2021.05.17-16.51.15:968][  0]LogConfig: Setting CVar [[r.VolumetricFog:1]]
[2021.05.17-16.51.15:968][  0]LogConfig: Setting CVar [[r.VolumetricFog.GridPixelSize:8]]
[2021.05.17-16.51.15:968][  0]LogConfig: Setting CVar [[r.VolumetricFog.GridSizeZ:128]]
[2021.05.17-16.51.15:968][  0]LogConfig: Setting CVar [[r.VolumetricFog.HistoryMissSupersampleCount:4]]
[2021.05.17-16.51.15:968][  0]LogConfig: Setting CVar [[r.LightMaxDrawDistanceScale:1]]
[2021.05.17-16.51.15:968][  0]LogConfig: Setting CVar [[r.CapsuleShadows:1]]
[2021.05.17-16.51.15:968][  0]LogConfig: Applying CVar settings from Section [PostProcessQuality@3] File [F:/Work/BattleTank/BattleTank/Saved/Config/Windows/Scalability.ini]
[2021.05.17-16.51.15:969][  0]LogConfig: Setting CVar [[r.MotionBlurQuality:4]]
[2021.05.17-16.51.15:969][  0]LogConfig: Setting CVar [[r.AmbientOcclusionMipLevelFactor:0.4]]
[2021.05.17-16.51.15:969][  0]LogConfig: Setting CVar [[r.AmbientOcclusionMaxQuality:100]]
[2021.05.17-16.51.15:969][  0]LogConfig: Setting CVar [[r.AmbientOcclusionLevels:-1]]
[2021.05.17-16.51.15:969][  0]LogConfig: Setting CVar [[r.AmbientOcclusionRadiusScale:1.0]]
[2021.05.17-16.51.15:969][  0]LogConfig: Setting CVar [[r.DepthOfFieldQuality:2]]
[2021.05.17-16.51.15:969][  0]LogConfig: Setting CVar [[r.RenderTargetPoolMin:400]]
[2021.05.17-16.51.15:969][  0]LogConfig: Setting CVar [[r.LensFlareQuality:2]]
[2021.05.17-16.51.15:969][  0]LogConfig: Setting CVar [[r.SceneColorFringeQuality:1]]
[2021.05.17-16.51.15:969][  0]LogConfig: Setting CVar [[r.EyeAdaptationQuality:2]]
[2021.05.17-16.51.15:969][  0]LogConfig: Setting CVar [[r.BloomQuality:5]]
[2021.05.17-16.51.15:969][  0]LogConfig: Setting CVar [[r.FastBlurThreshold:100]]
[2021.05.17-16.51.15:969][  0]LogConfig: Setting CVar [[r.Upscale.Quality:3]]
[2021.05.17-16.51.15:969][  0]LogConfig: Setting CVar [[r.Tonemapper.GrainQuantization:1]]
[2021.05.17-16.51.15:969][  0]LogConfig: Setting CVar [[r.LightShaftQuality:1]]
[2021.05.17-16.51.15:969][  0]LogConfig: Setting CVar [[r.Filter.SizeScale:1]]
[2021.05.17-16.51.15:969][  0]LogConfig: Setting CVar [[r.Tonemapper.Quality:5]]
[2021.05.17-16.51.15:969][  0]LogConfig: Setting CVar [[r.DOF.Gather.AccumulatorQuality:1        ; higher gathering accumulator quality]]
[2021.05.17-16.51.15:969][  0]LogConfig: Setting CVar [[r.DOF.Gather.PostfilterMethod:1          ; Median3x3 postfilering method]]
[2021.05.17-16.51.15:969][  0]LogConfig: Setting CVar [[r.DOF.Gather.EnableBokehSettings:0       ; no bokeh simulation when gathering]]
[2021.05.17-16.51.15:969][  0]LogConfig: Setting CVar [[r.DOF.Gather.RingCount:4                 ; medium number of samples when gathering]]
[2021.05.17-16.51.15:969][  0]LogConfig: Setting CVar [[r.DOF.Scatter.ForegroundCompositing:1    ; additive foreground scattering]]
[2021.05.17-16.51.15:969][  0]LogConfig: Setting CVar [[r.DOF.Scatter.BackgroundCompositing:2    ; additive background scattering]]
[2021.05.17-16.51.15:969][  0]LogConfig: Setting CVar [[r.DOF.Scatter.EnableBokehSettings:1      ; bokeh simulation when scattering]]
[2021.05.17-16.51.15:969][  0]LogConfig: Setting CVar [[r.DOF.Scatter.MaxSpriteRatio:0.1         ; only a maximum of 10% of scattered bokeh]]
[2021.05.17-16.51.15:969][  0]LogConfig: Setting CVar [[r.DOF.Recombine.Quality:1                ; cheap slight out of focus]]
[2021.05.17-16.51.15:969][  0]LogConfig: Setting CVar [[r.DOF.Recombine.EnableBokehSettings:0    ; no bokeh simulation on slight out of focus]]
[2021.05.17-16.51.15:969][  0]LogConfig: Setting CVar [[r.DOF.TemporalAAQuality:1                ; more stable temporal accumulation]]
[2021.05.17-16.51.15:969][  0]LogConfig: Setting CVar [[r.DOF.Kernel.MaxForegroundRadius:0.025]]
[2021.05.17-16.51.15:969][  0]LogConfig: Setting CVar [[r.DOF.Kernel.MaxBackgroundRadius:0.025]]
[2021.05.17-16.51.15:969][  0]LogConfig: Applying CVar settings from Section [TextureQuality@3] File [F:/Work/BattleTank/BattleTank/Saved/Config/Windows/Scalability.ini]
[2021.05.17-16.51.15:969][  0]LogConfig: Setting CVar [[r.Streaming.MipBias:0]]
[2021.05.17-16.51.15:969][  0]LogConfig: Setting CVar [[r.Streaming.AmortizeCPUToGPUCopy:0]]
[2021.05.17-16.51.15:969][  0]LogConfig: Setting CVar [[r.Streaming.MaxNumTexturesToStreamPerFrame:0]]
[2021.05.17-16.51.15:969][  0]LogConfig: Setting CVar [[r.Streaming.Boost:1]]
[2021.05.17-16.51.15:969][  0]LogConfig: Setting CVar [[r.MaxAnisotropy:8]]
[2021.05.17-16.51.15:969][  0]LogConfig: Setting CVar [[r.Streaming.LimitPoolSizeToVRAM:0]]
[2021.05.17-16.51.15:969][  0]LogConfig: Setting CVar [[r.Streaming.PoolSize:1000]]
[2021.05.17-16.51.15:969][  0]LogConfig: Setting CVar [[r.Streaming.MaxEffectiveScreenSize:0]]
[2021.05.17-16.51.15:969][  0]LogConfig: Applying CVar settings from Section [EffectsQuality@3] File [F:/Work/BattleTank/BattleTank/Saved/Config/Windows/Scalability.ini]
[2021.05.17-16.51.15:969][  0]LogConfig: Setting CVar [[r.TranslucencyLightingVolumeDim:64]]
[2021.05.17-16.51.15:969][  0]LogConfig: Setting CVar [[r.RefractionQuality:2]]
[2021.05.17-16.51.15:969][  0]LogConfig: Setting CVar [[r.SSR.Quality:3]]
[2021.05.17-16.51.15:969][  0]LogConfig: Setting CVar [[r.SceneColorFormat:4]]
[2021.05.17-16.51.15:969][  0]LogConfig: Setting CVar [[r.DetailMode:2]]
[2021.05.17-16.51.15:969][  0]LogConfig: Setting CVar [[r.TranslucencyVolumeBlur:1]]
[2021.05.17-16.51.15:969][  0]LogConfig: Setting CVar [[r.MaterialQualityLevel:1 ; High quality]]
[2021.05.17-16.51.15:969][  0]LogConfig: Setting CVar [[r.SSS.Scale:1]]
[2021.05.17-16.51.15:969][  0]LogConfig: Setting CVar [[r.SSS.SampleSet:2]]
[2021.05.17-16.51.15:969][  0]LogConfig: Setting CVar [[r.SSS.Quality:1]]
[2021.05.17-16.51.15:969][  0]LogConfig: Setting CVar [[r.SSS.HalfRes:1]]
[2021.05.17-16.51.15:969][  0]LogConfig: Setting CVar [[r.EmitterSpawnRateScale:1.0]]
[2021.05.17-16.51.15:969][  0]LogConfig: Setting CVar [[r.ParticleLightQuality:2]]
[2021.05.17-16.51.15:969][  0]LogConfig: Applying CVar settings from Section [FoliageQuality@3] File [F:/Work/BattleTank/BattleTank/Saved/Config/Windows/Scalability.ini]
[2021.05.17-16.51.15:969][  0]LogConfig: Setting CVar [[foliage.DensityScale:1.0]]
[2021.05.17-16.51.15:970][  0]LogConfig: Setting CVar [[grass.DensityScale:1.0]]
[2021.05.17-16.51.15:970][  0]LogInit: Selected Device Profile: [Windows]
[2021.05.17-16.51.15:970][  0]LogInit: Applying CVar settings loaded from the selected device profile: [Windows]
[2021.05.17-16.51.16:042][  0]LogHAL: Display: Platform has ~ 16 GB [17002713088 / 17179869184 / 16], which maps to Larger [LargestMinGB=32, LargerMinGB=12, DefaultMinGB=8, SmallerMinGB=6, SmallestMinGB=0)
[2021.05.17-16.51.16:042][  0]LogConfig: Setting CVar [[r.Vulkan.UseRealUBs:0		; Required until we fix HLR fall-out]]
[2021.05.17-16.51.16:042][  0]LogInit: Going up to parent DeviceProfile []
[2021.05.17-16.51.16:042][  0]LogConfig: Applying CVar settings from Section [ViewDistanceQuality@3] File [F:/Work/BattleTank/BattleTank/Saved/Config/Windows/Scalability.ini]
[2021.05.17-16.51.16:042][  0]LogConfig: Setting CVar [[r.SkeletalMeshLODBias:0]]
[2021.05.17-16.51.16:042][  0]LogConfig: Setting CVar [[r.ViewDistanceScale:1.0]]
[2021.05.17-16.51.16:042][  0]LogConfig: Applying CVar settings from Section [AntiAliasingQuality@3] File [F:/Work/BattleTank/BattleTank/Saved/Config/Windows/Scalability.ini]
[2021.05.17-16.51.16:042][  0]LogConfig: Setting CVar [[r.PostProcessAAQuality:4]]
[2021.05.17-16.51.16:042][  0]LogConfig: Applying CVar settings from Section [ShadowQuality@3] File [F:/Work/BattleTank/BattleTank/Saved/Config/Windows/Scalability.ini]
[2021.05.17-16.51.16:042][  0]LogConfig: Setting CVar [[r.LightFunctionQuality:1]]
[2021.05.17-16.51.16:042][  0]LogConfig: Setting CVar [[r.ShadowQuality:5]]
[2021.05.17-16.51.16:042][  0]LogConfig: Setting CVar [[r.Shadow.CSM.MaxCascades:10]]
[2021.05.17-16.51.16:042][  0]LogConfig: Setting CVar [[r.Shadow.MaxResolution:2048]]
[2021.05.17-16.51.16:042][  0]LogConfig: Setting CVar [[r.Shadow.MaxCSMResolution:2048]]
[2021.05.17-16.51.16:042][  0]LogConfig: Setting CVar [[r.Shadow.RadiusThreshold:0.01]]
[2021.05.17-16.51.16:042][  0]LogConfig: Setting CVar [[r.Shadow.DistanceScale:1.0]]
[2021.05.17-16.51.16:042][  0]LogConfig: Setting CVar [[r.Shadow.CSM.TransitionScale:1.0]]
[2021.05.17-16.51.16:042][  0]LogConfig: Setting CVar [[r.Shadow.PreShadowResolutionFactor:1.0]]
[2021.05.17-16.51.16:042][  0]LogConfig: Setting CVar [[r.DistanceFieldShadowing:1]]
[2021.05.17-16.51.16:042][  0]LogConfig: Setting CVar [[r.DistanceFieldAO:1]]
[2021.05.17-16.51.16:042][  0]LogConfig: Setting CVar [[r.AOQuality:2]]
[2021.05.17-16.51.16:042][  0]LogConfig: Setting CVar [[r.VolumetricFog:1]]
[2021.05.17-16.51.16:042][  0]LogConfig: Setting CVar [[r.VolumetricFog.GridPixelSize:8]]
[2021.05.17-16.51.16:042][  0]LogConfig: Setting CVar [[r.VolumetricFog.GridSizeZ:128]]
[2021.05.17-16.51.16:042][  0]LogConfig: Setting CVar [[r.VolumetricFog.HistoryMissSupersampleCount:4]]
[2021.05.17-16.51.16:042][  0]LogConfig: Setting CVar [[r.LightMaxDrawDistanceScale:1]]
[2021.05.17-16.51.16:042][  0]LogConfig: Setting CVar [[r.CapsuleShadows:1]]
[2021.05.17-16.51.16:042][  0]LogConfig: Applying CVar settings from Section [PostProcessQuality@3] File [F:/Work/BattleTank/BattleTank/Saved/Config/Windows/Scalability.ini]
[2021.05.17-16.51.16:042][  0]LogConfig: Setting CVar [[r.MotionBlurQuality:4]]
[2021.05.17-16.51.16:042][  0]LogConfig: Setting CVar [[r.AmbientOcclusionMipLevelFactor:0.4]]
[2021.05.17-16.51.16:042][  0]LogConfig: Setting CVar [[r.AmbientOcclusionMaxQuality:100]]
[2021.05.17-16.51.16:042][  0]LogConfig: Setting CVar [[r.AmbientOcclusionLevels:-1]]
[2021.05.17-16.51.16:042][  0]LogConfig: Setting CVar [[r.AmbientOcclusionRadiusScale:1.0]]
[2021.05.17-16.51.16:042][  0]LogConfig: Setting CVar [[r.DepthOfFieldQuality:2]]
[2021.05.17-16.51.16:042][  0]LogConfig: Setting CVar [[r.RenderTargetPoolMin:400]]
[2021.05.17-16.51.16:042][  0]LogConfig: Setting CVar [[r.LensFlareQuality:2]]
[2021.05.17-16.51.16:042][  0]LogConfig: Setting CVar [[r.SceneColorFringeQuality:1]]
[2021.05.17-16.51.16:042][  0]LogConfig: Setting CVar [[r.EyeAdaptationQuality:2]]
[2021.05.17-16.51.16:042][  0]LogConfig: Setting CVar [[r.BloomQuality:5]]
[2021.05.17-16.51.16:042][  0]LogConfig: Setting CVar [[r.FastBlurThreshold:100]]
[2021.05.17-16.51.16:042][  0]LogConfig: Setting CVar [[r.Upscale.Quality:3]]
[2021.05.17-16.51.16:042][  0]LogConfig: Setting CVar [[r.Tonemapper.GrainQuantization:1]]
[2021.05.17-16.51.16:042][  0]LogConfig: Setting CVar [[r.LightShaftQuality:1]]
[2021.05.17-16.51.16:042][  0]LogConfig: Setting CVar [[r.Filter.SizeScale:1]]
[2021.05.17-16.51.16:042][  0]LogConfig: Setting CVar [[r.Tonemapper.Quality:5]]
[2021.05.17-16.51.16:042][  0]LogConfig: Setting CVar [[r.DOF.Gather.AccumulatorQuality:1        ; higher gathering accumulator quality]]
[2021.05.17-16.51.16:042][  0]LogConfig: Setting CVar [[r.DOF.Gather.PostfilterMethod:1          ; Median3x3 postfilering method]]
[2021.05.17-16.51.16:042][  0]LogConfig: Setting CVar [[r.DOF.Gather.EnableBokehSettings:0       ; no bokeh simulation when gathering]]
[2021.05.17-16.51.16:042][  0]LogConfig: Setting CVar [[r.DOF.Gather.RingCount:4                 ; medium number of samples when gathering]]
[2021.05.17-16.51.16:042][  0]LogConfig: Setting CVar [[r.DOF.Scatter.ForegroundCompositing:1    ; additive foreground scattering]]
[2021.05.17-16.51.16:042][  0]LogConfig: Setting CVar [[r.DOF.Scatter.BackgroundCompositing:2    ; additive background scattering]]
[2021.05.17-16.51.16:042][  0]LogConfig: Setting CVar [[r.DOF.Scatter.EnableBokehSettings:1      ; bokeh simulation when scattering]]
[2021.05.17-16.51.16:042][  0]LogConfig: Setting CVar [[r.DOF.Scatter.MaxSpriteRatio:0.1         ; only a maximum of 10% of scattered bokeh]]
[2021.05.17-16.51.16:042][  0]LogConfig: Setting CVar [[r.DOF.Recombine.Quality:1                ; cheap slight out of focus]]
[2021.05.17-16.51.16:043][  0]LogConfig: Setting CVar [[r.DOF.Recombine.EnableBokehSettings:0    ; no bokeh simulation on slight out of focus]]
[2021.05.17-16.51.16:043][  0]LogConfig: Setting CVar [[r.DOF.TemporalAAQuality:1                ; more stable temporal accumulation]]
[2021.05.17-16.51.16:043][  0]LogConfig: Setting CVar [[r.DOF.Kernel.MaxForegroundRadius:0.025]]
[2021.05.17-16.51.16:043][  0]LogConfig: Setting CVar [[r.DOF.Kernel.MaxBackgroundRadius:0.025]]
[2021.05.17-16.51.16:043][  0]LogConfig: Applying CVar settings from Section [TextureQuality@3] File [F:/Work/BattleTank/BattleTank/Saved/Config/Windows/Scalability.ini]
[2021.05.17-16.51.16:043][  0]LogConfig: Setting CVar [[r.Streaming.MipBias:0]]
[2021.05.17-16.51.16:043][  0]LogConfig: Setting CVar [[r.Streaming.AmortizeCPUToGPUCopy:0]]
[2021.05.17-16.51.16:043][  0]LogConfig: Setting CVar [[r.Streaming.MaxNumTexturesToStreamPerFrame:0]]
[2021.05.17-16.51.16:043][  0]LogConfig: Setting CVar [[r.Streaming.Boost:1]]
[2021.05.17-16.51.16:043][  0]LogConfig: Setting CVar [[r.MaxAnisotropy:8]]
[2021.05.17-16.51.16:043][  0]LogConfig: Setting CVar [[r.Streaming.LimitPoolSizeToVRAM:0]]
[2021.05.17-16.51.16:043][  0]LogConfig: Setting CVar [[r.Streaming.PoolSize:1000]]
[2021.05.17-16.51.16:043][  0]LogConfig: Setting CVar [[r.Streaming.MaxEffectiveScreenSize:0]]
[2021.05.17-16.51.16:043][  0]LogConfig: Applying CVar settings from Section [EffectsQuality@3] File [F:/Work/BattleTank/BattleTank/Saved/Config/Windows/Scalability.ini]
[2021.05.17-16.51.16:043][  0]LogConfig: Setting CVar [[r.TranslucencyLightingVolumeDim:64]]
[2021.05.17-16.51.16:043][  0]LogConfig: Setting CVar [[r.RefractionQuality:2]]
[2021.05.17-16.51.16:043][  0]LogConfig: Setting CVar [[r.SSR.Quality:3]]
[2021.05.17-16.51.16:043][  0]LogConfig: Setting CVar [[r.SceneColorFormat:4]]
[2021.05.17-16.51.16:043][  0]LogConfig: Setting CVar [[r.DetailMode:2]]
[2021.05.17-16.51.16:043][  0]LogConfig: Setting CVar [[r.TranslucencyVolumeBlur:1]]
[2021.05.17-16.51.16:043][  0]LogConfig: Setting CVar [[r.MaterialQualityLevel:1 ; High quality]]
[2021.05.17-16.51.16:043][  0]LogConfig: Setting CVar [[r.SSS.Scale:1]]
[2021.05.17-16.51.16:043][  0]LogConfig: Setting CVar [[r.SSS.SampleSet:2]]
[2021.05.17-16.51.16:043][  0]LogConfig: Setting CVar [[r.SSS.Quality:1]]
[2021.05.17-16.51.16:043][  0]LogConfig: Setting CVar [[r.SSS.HalfRes:1]]
[2021.05.17-16.51.16:043][  0]LogConfig: Setting CVar [[r.EmitterSpawnRateScale:1.0]]
[2021.05.17-16.51.16:043][  0]LogConfig: Setting CVar [[r.ParticleLightQuality:2]]
[2021.05.17-16.51.16:043][  0]LogConfig: Applying CVar settings from Section [FoliageQuality@3] File [F:/Work/BattleTank/BattleTank/Saved/Config/Windows/Scalability.ini]
[2021.05.17-16.51.16:043][  0]LogConfig: Setting CVar [[foliage.DensityScale:1.0]]
[2021.05.17-16.51.16:043][  0]LogConfig: Setting CVar [[grass.DensityScale:1.0]]
[2021.05.17-16.51.16:043][  0]LogConfig: Applying CVar settings from Section [Startup] File [../../../Engine/Config/ConsoleVariables.ini]
[2021.05.17-16.51.16:043][  0]LogConfig: Setting CVar [[net.UseAdaptiveNetUpdateFrequency:0]]
[2021.05.17-16.51.16:043][  0]LogConfig: Setting CVar [[p.chaos.AllowCreatePhysxBodies:1]]
[2021.05.17-16.51.16:043][  0]LogConfig: Applying CVar settings from Section [ConsoleVariables] File [F:/Work/BattleTank/BattleTank/Saved/Config/Windows/Engine.ini]
[2021.05.17-16.51.16:043][  0]LogInit: Computer: DESKTOP-BVMFIOQ
[2021.05.17-16.51.16:043][  0]LogInit: User: andre
[2021.05.17-16.51.16:043][  0]LogInit: CPU Page size=4096, Cores=4
[2021.05.17-16.51.16:043][  0]LogInit: High frequency timer resolution =10.000000 MHz
[2021.05.17-16.51.16:044][  0]LogMemory: Memory total: Physical=15.8GB (16GB approx)
[2021.05.17-16.51.16:044][  0]LogMemory: Platform Memory Stats for Windows
[2021.05.17-16.51.16:044][  0]LogMemory: Process Physical Memory: 99.84 MB used, 99.84 MB peak
[2021.05.17-16.51.16:044][  0]LogMemory: Process Virtual Memory: 94.56 MB used, 94.56 MB peak
[2021.05.17-16.51.16:044][  0]LogMemory: Physical Memory: 4992.12 MB used,  11222.93 MB free, 16215.05 MB total
[2021.05.17-16.51.16:044][  0]LogMemory: Virtual Memory: 4648.59 MB used,  134213080.00 MB free, 134217728.00 MB total
[2021.05.17-16.51.16:092][  0]LogInit: Using OS detected language (en-US).
[2021.05.17-16.51.16:092][  0]LogInit: Using OS detected locale (en-US).
[2021.05.17-16.51.16:093][  0]LogTextLocalizationManager: No specific localization for 'en-US' exists, so the 'en' localization will be used.
[2021.05.17-16.51.16:288][  0]LogInit: Setting process to per monitor DPI aware
[2021.05.17-16.51.16:308][  0]LogSlate: New Slate User Created.  User Index 0, Is Virtual User: 0
[2021.05.17-16.51.16:308][  0]LogSlate: Slate User Registered.  User Index 0, Is Virtual User: 0
[2021.05.17-16.51.16:512][  0]LogHMD: Failed to initialize OpenVR with code 110
[2021.05.17-16.51.16:512][  0]LogD3D11RHI: D3D11 adapters:
[2021.05.17-16.51.16:619][  0]LogD3D11RHI:    0. 'NVIDIA GeForce RTX 2060' (Feature Level 11_0)
[2021.05.17-16.51.16:619][  0]LogD3D11RHI:       5980/0/8107 MB DedicatedVideo/DedicatedSystem/SharedSystem, Outputs:1, VendorId:0x10de
[2021.05.17-16.51.16:652][  0]LogD3D11RHI:    1. 'Intel(R) UHD Graphics' (Feature Level 11_0)
[2021.05.17-16.51.16:652][  0]LogD3D11RHI:       128/0/8107 MB DedicatedVideo/DedicatedSystem/SharedSystem, Outputs:0, VendorId:0x8086
[2021.05.17-16.51.16:654][  0]LogD3D11RHI:    2. 'Microsoft Basic Render Driver' (Feature Level 11_0)
[2021.05.17-16.51.16:654][  0]LogD3D11RHI:       0/0/8107 MB DedicatedVideo/DedicatedSystem/SharedSystem, Outputs:0, VendorId:0x1414
[2021.05.17-16.51.16:654][  0]LogD3D11RHI: Chosen D3D11 Adapter: 0
[2021.05.17-16.51.16:660][  0]LogD3D11RHI: Creating new Direct3DDevice
[2021.05.17-16.51.16:660][  0]LogD3D11RHI:     GPU DeviceId: 0x1f15 (for the marketing name, search the web for "GPU Device Id")
[2021.05.17-16.51.16:660][  0]LogWindows: EnumDisplayDevices:
[2021.05.17-16.51.16:660][  0]LogWindows:    0. 'Intel(R) UHD Graphics' (P:1 D:1)
[2021.05.17-16.51.16:661][  0]LogWindows:    1. 'Intel(R) UHD Graphics' (P:0 D:0)
[2021.05.17-16.51.16:661][  0]LogWindows:    2. 'Intel(R) UHD Graphics' (P:0 D:0)
[2021.05.17-16.51.16:661][  0]LogWindows:    3. 'NVIDIA GeForce RTX 2060' (P:0 D:0)
[2021.05.17-16.51.16:662][  0]LogWindows: DebugString: PrimaryIsNotTheChoosenAdapter PrimaryIsNotTheChoosenAdapter PrimaryIsNotTheChoosenAdapter 
[2021.05.17-16.51.16:662][  0]LogD3D11RHI:     Adapter Name: NVIDIA GeForce RTX 2060
[2021.05.17-16.51.16:662][  0]LogD3D11RHI:   Driver Version: 466.27 (internal:27.21.14.6627, unified:466.27)
[2021.05.17-16.51.16:662][  0]LogD3D11RHI:      Driver Date: 4-23-2021
[2021.05.17-16.51.16:662][  0]LogRHI: Texture pool is 4186 MB (70% of 5980 MB)
[2021.05.17-16.51.16:749][  0]LogD3D11RHI: Async texture creation enabled
[2021.05.17-16.51.16:753][  0]LogRendererCore: FGlobalReadBuffer::InitRHI
[2021.05.17-16.51.16:753][  0]LogRendererCore: FGlobalReadBuffer::InitRHI
[2021.05.17-16.51.16:753][  0]LogRendererCore: FGlobalReadBuffer::InitRHI
[2021.05.17-16.51.16:761][  0]LogD3D11RHI: GPU Timing Frequency: 1000.000000 (Debug: 2 1)
[2021.05.17-16.51.17:107][  0]LogTemp: Display: Module 'AllDesktopTargetPlatform' loaded TargetPlatform 'AllDesktop'
[2021.05.17-16.51.17:121][  0]LogTemp: Display: Module 'MacClientTargetPlatform' loaded TargetPlatform 'MacClient'
[2021.05.17-16.51.17:135][  0]LogTemp: Display: Module 'MacNoEditorTargetPlatform' loaded TargetPlatform 'MacNoEditor'
[2021.05.17-16.51.17:148][  0]LogTemp: Display: Module 'MacServerTargetPlatform' loaded TargetPlatform 'MacServer'
[2021.05.17-16.51.17:161][  0]LogTemp: Display: Module 'MacTargetPlatform' loaded TargetPlatform 'Mac'
[2021.05.17-16.51.17:174][  0]LogTemp: Display: Module 'WindowsClientTargetPlatform' loaded TargetPlatform 'WindowsClient'
[2021.05.17-16.51.17:187][  0]LogTemp: Display: Module 'WindowsNoEditorTargetPlatform' loaded TargetPlatform 'WindowsNoEditor'
[2021.05.17-16.51.17:201][  0]LogTemp: Display: Module 'WindowsServerTargetPlatform' loaded TargetPlatform 'WindowsServer'
[2021.05.17-16.51.17:207][  0]LogTemp: Display: Module 'WindowsTargetPlatform' loaded TargetPlatform 'Windows'
[2021.05.17-16.51.17:327][  0]LogTemp: Display: Module 'AndroidTargetPlatform' loaded TargetPlatform 'Android'
[2021.05.17-16.51.17:327][  0]LogTemp: Display: Module 'AndroidTargetPlatform' loaded TargetPlatform 'Android_ASTC'
[2021.05.17-16.51.17:327][  0]LogTemp: Display: Module 'AndroidTargetPlatform' loaded TargetPlatform 'Android_ATC'
[2021.05.17-16.51.17:327][  0]LogTemp: Display: Module 'AndroidTargetPlatform' loaded TargetPlatform 'Android_DXT'
[2021.05.17-16.51.17:327][  0]LogTemp: Display: Module 'AndroidTargetPlatform' loaded TargetPlatform 'Android_ETC1'
[2021.05.17-16.51.17:327][  0]LogTemp: Display: Module 'AndroidTargetPlatform' loaded TargetPlatform 'Android_ETC1a'
[2021.05.17-16.51.17:327][  0]LogTemp: Display: Module 'AndroidTargetPlatform' loaded TargetPlatform 'Android_ETC2'
[2021.05.17-16.51.17:327][  0]LogTemp: Display: Module 'AndroidTargetPlatform' loaded TargetPlatform 'Android_PVRTC'
[2021.05.17-16.51.17:327][  0]LogTemp: Display: Module 'AndroidTargetPlatform' loaded TargetPlatform 'AndroidClient'
[2021.05.17-16.51.17:327][  0]LogTemp: Display: Module 'AndroidTargetPlatform' loaded TargetPlatform 'Android_ASTCClient'
[2021.05.17-16.51.17:327][  0]LogTemp: Display: Module 'AndroidTargetPlatform' loaded TargetPlatform 'Android_ATCClient'
[2021.05.17-16.51.17:327][  0]LogTemp: Display: Module 'AndroidTargetPlatform' loaded TargetPlatform 'Android_DXTClient'
[2021.05.17-16.51.17:327][  0]LogTemp: Display: Module 'AndroidTargetPlatform' loaded TargetPlatform 'Android_ETC1Client'
[2021.05.17-16.51.17:327][  0]LogTemp: Display: Module 'AndroidTargetPlatform' loaded TargetPlatform 'Android_ETC1aClient'
[2021.05.17-16.51.17:327][  0]LogTemp: Display: Module 'AndroidTargetPlatform' loaded TargetPlatform 'Android_ETC2Client'
[2021.05.17-16.51.17:327][  0]LogTemp: Display: Module 'AndroidTargetPlatform' loaded TargetPlatform 'Android_PVRTCClient'
[2021.05.17-16.51.17:327][  0]LogTemp: Display: Module 'AndroidTargetPlatform' loaded TargetPlatform 'Android_Multi'
[2021.05.17-16.51.17:327][  0]LogTemp: Display: Module 'AndroidTargetPlatform' loaded TargetPlatform 'Android_MultiClient'
[2021.05.17-16.51.17:330][  0]LogTemp: Display: Module 'HTML5TargetPlatform' loaded TargetPlatform 'HTML5'
[2021.05.17-16.51.17:389][  0]LogTemp: Display: Module 'IOSTargetPlatform' loaded TargetPlatform 'IOSClient'
[2021.05.17-16.51.17:389][  0]LogTemp: Display: Module 'IOSTargetPlatform' loaded TargetPlatform 'IOS'
[2021.05.17-16.51.17:429][  0]LogTemp: Display: Module 'TVOSTargetPlatform' loaded TargetPlatform 'TVOSClient'
[2021.05.17-16.51.17:429][  0]LogTemp: Display: Module 'TVOSTargetPlatform' loaded TargetPlatform 'TVOS'
[2021.05.17-16.51.17:448][  0]LogTemp: Display: Module 'LinuxClientTargetPlatform' loaded TargetPlatform 'LinuxClient'
[2021.05.17-16.51.17:467][  0]LogTemp: Display: Module 'LinuxNoEditorTargetPlatform' loaded TargetPlatform 'LinuxNoEditor'
[2021.05.17-16.51.17:485][  0]LogTemp: Display: Module 'LinuxServerTargetPlatform' loaded TargetPlatform 'LinuxServer'
[2021.05.17-16.51.17:511][  0]LogTemp: Display: Module 'LinuxTargetPlatform' loaded TargetPlatform 'Linux'
[2021.05.17-16.51.17:592][  0]LogTemp: Display: Module 'LuminTargetPlatform' loaded TargetPlatform 'Lumin'
[2021.05.17-16.51.17:592][  0]LogTemp: Display: Module 'LuminTargetPlatform' loaded TargetPlatform 'LuminClient'
[2021.05.17-16.51.17:592][  0]LogTargetPlatformManager: Display: Building Assets For Windows
[2021.05.17-16.51.17:606][  0]LogAudioDebug: Display: Lib vorbis DLL was dynamically loaded.
[2021.05.17-16.51.17:679][  0]LogShaderCompilers: Guid format shader working directory is 2 characters bigger than the processId version (../../../../../../Work/BattleTank/BattleTank/Intermediate/Shaders/WorkingDirectory/8588/).
[2021.05.17-16.51.17:679][  0]LogShaderCompilers: Cleaned the shader compiler working directory 'C:/Users/andre/AppData/Local/Temp/UnrealShaderWorkingDir/7D7CEEDC491AA7A4B8C2289F74AA9C0D/'.
[2021.05.17-16.51.17:682][  0]LogXGEController: Cannot use XGE Controller as Incredibuild is not installed on this machine.
[2021.05.17-16.51.17:682][  0]LogShaderCompilers: Cannot use XGE Shader Compiler as Incredibuild is not installed on this machine.
[2021.05.17-16.51.17:682][  0]LogShaderCompilers: Display: Using Local Shader Compiler.
[2021.05.17-16.51.18:399][  0]LogDerivedDataCache: Display: Max Cache Size: 512 MB
[2021.05.17-16.51.18:460][  0]LogDerivedDataCache: Loaded boot cache 0.06s 71MB C:/Users/andre/AppData/Local/UnrealEngine/4.22/DerivedDataCache/Boot.ddc.
[2021.05.17-16.51.18:460][  0]LogDerivedDataCache: Display: Loaded Boot cache: C:/Users/andre/AppData/Local/UnrealEngine/4.22/DerivedDataCache/Boot.ddc
[2021.05.17-16.51.18:461][  0]LogDerivedDataCache: FDerivedDataBackendGraph:  Pak pak cache file ../../../../../../Work/BattleTank/BattleTank/DerivedDataCache/DDC.ddp not found, will not use a pak cache.
[2021.05.17-16.51.18:461][  0]LogDerivedDataCache: Unable to find inner node Pak for hierarchical cache Hierarchy.
[2021.05.17-16.51.18:461][  0]LogDerivedDataCache: FDerivedDataBackendGraph:  CompressedPak pak cache file ../../../../../../Work/BattleTank/BattleTank/DerivedDataCache/Compressed.ddp not found, will not use a pak cache.
[2021.05.17-16.51.18:461][  0]LogDerivedDataCache: Unable to find inner node CompressedPak for hierarchical cache Hierarchy.
[2021.05.17-16.51.18:480][  0]LogDerivedDataCache: Display: Pak cache opened for reading ../../../Engine/DerivedDataCache/Compressed.ddp.
[2021.05.17-16.51.18:481][  0]LogDerivedDataCache: FDerivedDataBackendGraph:  EnterprisePak pak cache file ../../../Enterprise/DerivedDataCache/Compressed.ddp not found, will not use a pak cache.
[2021.05.17-16.51.18:481][  0]LogDerivedDataCache: Unable to find inner node EnterprisePak for hierarchical cache Hierarchy.
[2021.05.17-16.51.18:494][  0]LogDerivedDataCache: Using Local data cache path C:/Users/andre/AppData/Local/UnrealEngine/Common/DerivedDataCache: Writable
[2021.05.17-16.51.18:494][  0]LogDerivedDataCache: Shared data cache path not found in *engine.ini, will not use an Shared cache.
[2021.05.17-16.51.18:494][  0]LogDerivedDataCache: Unable to find inner node Shared for hierarchical cache Hierarchy.
[2021.05.17-16.51.18:532][  0]LogMaterial: Verifying Global Shaders for PCD3D_SM5
[2021.05.17-16.51.18:534][  0]LogSlate: Using FreeType 2.6.0
[2021.05.17-16.51.18:535][  0]LogSlate: SlateFontServices - WITH_FREETYPE: 1, WITH_HARFBUZZ: 1
[2021.05.17-16.51.18:641][  0]LogAssetRegistry: FAssetRegistry took 0.0344 seconds to start up
[2021.05.17-16.51.18:985][  0]LogInit: Selected Device Profile: [Windows]
[2021.05.17-16.51.19:142][  0]LogMeshReduction: Using QuadricMeshReduction for automatic static mesh reduction
[2021.05.17-16.51.19:143][  0]LogMeshReduction: Using SimplygonMeshReduction for automatic skeletal mesh reduction
[2021.05.17-16.51.19:143][  0]LogMeshReduction: Using ProxyLODMeshReduction for automatic mesh merging
[2021.05.17-16.51.19:143][  0]LogMeshReduction: No distributed automatic mesh merging module available
[2021.05.17-16.51.19:143][  0]LogMeshMerging: No distributed automatic mesh merging module available
[2021.05.17-16.51.19:156][  0]LogNetVersion: BattleTank 1.0.0, NetCL: 5660361, EngineNetVer: 10, GameNetVer: 0 (Checksum: 704854574)
[2021.05.17-16.51.20:066][  0]LogPackageLocalizationCache: Processed 10 localized package path(s) for 1 prioritized culture(s) in 0.418247 seconds
[2021.05.17-16.51.20:074][  0]LogUObjectArray: 42205 objects as part of root set at end of initial load.
[2021.05.17-16.51.20:074][  0]LogUObjectAllocator: 7325032 out of 0 bytes used by permanent object pool.
[2021.05.17-16.51.20:074][  0]LogUObjectArray: CloseDisregardForGC: 0/0 objects in disregard for GC pool
[2021.05.17-16.51.21:041][  0]LogTcpMessaging: Initializing TcpMessaging bridge
[2021.05.17-16.51.21:054][  0]LogUdpMessaging: Initializing bridge on interface 0.0.0.0:0 to multicast group 230.0.0.1:6666.
[2021.05.17-16.51.21:288][  0]SourceControl: Source control is disabled
[2021.05.17-16.51.21:289][  0]SourceControl: Source control is disabled
[2021.05.17-16.51.21:290][  0]SourceControl: Source control is disabled
[2021.05.17-16.51.21:291][  0]SourceControl: Source control is disabled
[2021.05.17-16.51.21:389][  0]LogAndroidPermission: UAndroidPermissionCallbackProxy::GetInstance
[2021.05.17-16.51.21:494][  0]LogOcInput: OculusInput pre-init called
[2021.05.17-16.51.22:316][  0]LogEngine: Initializing Engine...
[2021.05.17-16.51.22:318][  0]LogHMD: Failed to initialize OpenVR with code 110
[2021.05.17-16.51.22:319][  0]LogStats: UGameplayTagsManager::InitializeManager -  0.000 s
[2021.05.17-16.51.22:645][  0]LogInit: Initializing FReadOnlyCVARCache
[2021.05.17-16.51.22:657][  0]LogAIModule: Creating AISystem for world Untitled
[2021.05.17-16.51.22:689][  0]LogInit: XAudio2 using 'Headphones (Realtek(R) Audio)' : 2 channels at 48 kHz using 32 bits per sample (channel mask 0x3)
[2021.05.17-16.51.23:150][  0]LogInit: FAudioDevice initialized.
[2021.05.17-16.51.23:150][  0]LogNetVersion: Set ProjectVersion to 1.0.0.0. Version Checksum will be recalculated on next use.
[2021.05.17-16.51.23:206][  0]LogDerivedDataCache: Saved boot cache 0.06s 71MB C:/Users/andre/AppData/Local/UnrealEngine/4.22/DerivedDataCache/Boot.ddc.
[2021.05.17-16.51.23:211][  0]LogInit: Texture streaming: Enabled
[2021.05.17-16.51.23:228][  0]LogEngineSessionManager: EngineSessionManager initialized
[2021.05.17-16.51.23:247][  0]LogInit: Transaction tracking system initialized
[2021.05.17-16.51.23:268][  0]BlueprintLog: New page: Editor Load
[2021.05.17-16.51.23:338][  0]LocalizationService: Localization service is disabled
[2021.05.17-16.51.23:674][  0]LogFileCache: Scanning file cache for directory 'F:/Work/BattleTank/BattleTank/Content/' took 0.01s
[2021.05.17-16.51.23:675][  0]LogCook: Display: Max memory allowance for cook 16384mb min free memory 0mb
[2021.05.17-16.51.23:675][  0]LogCook: Display: Mobile HDR setting 1
[2021.05.17-16.51.23:864][  0]SourceControl: Source control is disabled
[2021.05.17-16.51.23:864][  0]Cmd: MAP LOAD FILE="../../../../../../Work/BattleTank/BattleTank/Content/StarterContent/Maps/Minimal_Default.umap" TEMPLATE=0 SHOWPROGRESS=1 FEATURELEVEL=3
[2021.05.17-16.51.23:864][  0]LightingResults: New page: Lighting Build
[2021.05.17-16.51.23:866][  0]MapCheck: New page: Map Check
[2021.05.17-16.51.23:866][  0]LightingResults: New page: Lighting Build
[2021.05.17-16.51.23:895][  0]LogUObjectHash: Compacting FUObjectHashTables data took   1.70ms
[2021.05.17-16.51.24:407][  0]LogAIModule: Creating AISystem for world Minimal_Default
[2021.05.17-16.51.24:537][  0]LogEditorServer: Finished looking for orphan Actors (0.000 secs)
[2021.05.17-16.51.24:647][  0]LogUObjectHash: Compacting FUObjectHashTables data took   6.49ms
[2021.05.17-16.51.24:647][  0]Cmd: MAP CHECKDEP NOCLEARLOG
[2021.05.17-16.51.24:648][  0]MapCheck: Map check complete: 0 Error(s), 0 Warning(s), took 0.412ms to complete.
[2021.05.17-16.51.24:648][  0]LogFileHelpers: Loading map 'Minimal_Default' took 0.784
[2021.05.17-16.51.25:205][  0]LogSlate: Updating window title bar state: overlay mode, drag disabled, window buttons hidden, title bar hidden
[2021.05.17-16.51.25:213][  0]LogSlate: Updating window title bar state: overlay mode, drag disabled, window buttons hidden, title bar hidden
[2021.05.17-16.51.25:220][  0]LogSlate: Updating window title bar state: overlay mode, drag disabled, window buttons hidden, title bar hidden
[2021.05.17-16.51.25:228][  0]LogSlate: Updating window title bar state: overlay mode, drag disabled, window buttons hidden, title bar hidden
[2021.05.17-16.51.25:273][  0]LogCollectionManager: Loaded 0 collections in 0.001129 seconds
[2021.05.17-16.51.25:420][  0]LogFileCache: Scanning file cache for directory 'F:/Work/BattleTank/BattleTank/Saved/Collections/' took 0.01s
[2021.05.17-16.51.25:420][  0]LogFileCache: Scanning file cache for directory 'F:/Work/BattleTank/BattleTank/Content/Developers/andre/Collections/' took 0.00s
[2021.05.17-16.51.25:420][  0]LogFileCache: Scanning file cache for directory 'F:/Work/BattleTank/BattleTank/Content/Collections/' took 0.00s
[2021.05.17-16.51.25:420][  0]LogCollectionManager: Rebuilt the GUID cache for 0 collections in 0.000000 seconds
[2021.05.17-16.51.25:430][  0]LogContentBrowser: Native class hierarchy populated in 0.0094 seconds. Added 2733 classes and 661 folders.
[2021.05.17-16.51.25:489][  0]LogContentBrowser: Native class hierarchy updated for 'WidgetCarousel' in 0.0005 seconds. Added 0 classes and 0 folders.
[2021.05.17-16.51.25:575][  0]LogPakFile: Registered encryption key '00000000000000000000000000000000': 0 pak files mounted, 0 remain pending
[2021.05.17-16.51.25:630][  0]LogPakFile: Registered encryption key '00000000000000000000000000000000': 0 pak files mounted, 0 remain pending
[2021.05.17-16.51.25:643][  0]LogPakFile: Registered encryption key '00000000000000000000000000000000': 0 pak files mounted, 0 remain pending
[2021.05.17-16.51.25:653][  0]LogPakFile: Registered encryption key '00000000000000000000000000000000': 0 pak files mounted, 0 remain pending
[2021.05.17-16.51.25:666][  0]LogPakFile: Registered encryption key '00000000000000000000000000000000': 0 pak files mounted, 0 remain pending
[2021.05.17-16.51.25:674][  0]LogPakFile: Registered encryption key '00000000000000000000000000000000': 0 pak files mounted, 0 remain pending
[2021.05.17-16.51.25:682][  0]LogPakFile: Registered encryption key '00000000000000000000000000000000': 0 pak files mounted, 0 remain pending
[2021.05.17-16.51.25:683][  0]LogPakFile: Registered encryption key '00000000000000000000000000000000': 0 pak files mounted, 0 remain pending
[2021.05.17-16.51.25:702][  0]LogPakFile: Registered encryption key '00000000000000000000000000000000': 0 pak files mounted, 0 remain pending
[2021.05.17-16.51.25:715][  0]LogPakFile: Registered encryption key '00000000000000000000000000000000': 0 pak files mounted, 0 remain pending
[2021.05.17-16.51.25:717][  0]LogPakFile: Registered encryption key '00000000000000000000000000000000': 0 pak files mounted, 0 remain pending
[2021.05.17-16.51.25:718][  0]LogPakFile: Registered encryption key '00000000000000000000000000000000': 0 pak files mounted, 0 remain pending
[2021.05.17-16.51.25:734][  0]LogPakFile: Registered encryption key '00000000000000000000000000000000': 0 pak files mounted, 0 remain pending
[2021.05.17-16.51.25:737][  0]LogPakFile: Registered encryption key '00000000000000000000000000000000': 0 pak files mounted, 0 remain pending
[2021.05.17-16.51.25:740][  0]LogPakFile: Registered encryption key '00000000000000000000000000000000': 0 pak files mounted, 0 remain pending
[2021.05.17-16.51.25:759][  0]LogPakFile: Registered encryption key '00000000000000000000000000000000': 0 pak files mounted, 0 remain pending
[2021.05.17-16.51.25:776][  0]LogPakFile: Registered encryption key '00000000000000000000000000000000': 0 pak files mounted, 0 remain pending
[2021.05.17-16.51.25:779][  0]LogPakFile: Registered encryption key '00000000000000000000000000000000': 0 pak files mounted, 0 remain pending
[2021.05.17-16.51.25:811][  0]LogPakFile: Registered encryption key '00000000000000000000000000000000': 0 pak files mounted, 0 remain pending
[2021.05.17-16.51.25:865][  0]LogPakFile: Registered encryption key '00000000000000000000000000000000': 0 pak files mounted, 0 remain pending
[2021.05.17-16.51.25:870][  0]LogPakFile: Registered encryption key '00000000000000000000000000000000': 0 pak files mounted, 0 remain pending
[2021.05.17-16.51.25:886][  0]LogPakFile: Registered encryption key '00000000000000000000000000000000': 0 pak files mounted, 0 remain pending
[2021.05.17-16.51.25:891][  0]LogPakFile: Registered encryption key '00000000000000000000000000000000': 0 pak files mounted, 0 remain pending
[2021.05.17-16.51.25:914][  0]LogPakFile: Registered encryption key '00000000000000000000000000000000': 0 pak files mounted, 0 remain pending
[2021.05.17-16.51.25:937][  0]LogPakFile: Registered encryption key '00000000000000000000000000000000': 0 pak files mounted, 0 remain pending
[2021.05.17-16.51.25:942][  0]LogPakFile: Registered encryption key '00000000000000000000000000000000': 0 pak files mounted, 0 remain pending
[2021.05.17-16.51.27:203][  0]LogContentBrowser: Native class hierarchy updated for 'AddContentDialog' in 0.0005 seconds. Added 0 classes and 0 folders.
[2021.05.17-16.51.27:282][  0]LogContentBrowser: Native class hierarchy updated for 'SceneOutliner' in 0.0004 seconds. Added 1 classes and 2 folders.
[2021.05.17-16.51.27:829][  0]LogSlate: Took 0.000246 seconds to synchronously load lazily loaded font '../../../Engine/Content/Slate/Fonts/Roboto-Regular.ttf' (155K)
[2021.05.17-16.51.27:832][  0]LogSlate: Took 0.000450 seconds to synchronously load lazily loaded font '../../../Engine/Content/Slate/Fonts/Roboto-Bold.ttf' (160K)
[2021.05.17-16.51.27:861][  0]LogSlate: Took 0.009641 seconds to synchronously load lazily loaded font '../../../Engine/Content/Editor/Slate/Fonts/FontAwesome.ttf' (139K)
[2021.05.17-16.51.28:360][  0]LogRenderer: Reallocating scene render targets to support 1208x572 Format 10 NumSamples 1 (Frame:1).
[2021.05.17-16.51.28:703][  0]LogContentBrowser: Native class hierarchy updated for 'HierarchicalLODOutliner' in 0.0004 seconds. Added 0 classes and 0 folders.
[2021.05.17-16.51.28:703][  0]LogLoad: (Engine Initialization) Total time: 16.75 seconds
[2021.05.17-16.51.28:703][  0]LogLoad: (Engine Initialization) Total Blueprint compile time: 0.00 seconds
[2021.05.17-16.51.28:752][  0]LogSlate: FSceneViewport::OnFocusLost() reason 2
[2021.05.17-16.51.28:817][  0]LogAssetRegistry: Asset discovery search completed in 10.1986 seconds
[2021.05.17-16.51.28:819][  0]LogCollectionManager: Rebuilt the object cache for 0 collections in 0.000001 seconds (found 0 objects)
[2021.05.17-16.51.28:819][  0]LogCollectionManager: Fixed up redirectors for 0 collections in 0.000084 seconds (updated 0 objects)
[2021.05.17-16.51.28:820][  0]LogContentStreaming: Texture pool size now 1000 MB
[2021.05.17-16.51.28:877][  0]LogSlate: Took 0.029218 seconds to synchronously load lazily loaded font '../../../Engine/Content/Slate/Fonts/Roboto-Light.ttf' (167K)
[2021.05.17-16.51.39:685][525]LogSlate: FSceneViewport::OnFocusLost() reason 0
[2021.05.17-16.51.42:951][719]LogSlate: FSceneViewport::OnFocusLost() reason 0
[2021.05.17-16.51.43:107][728]LogSlate: Took 0.000604 seconds to synchronously load lazily loaded font '../../../Engine/Content/Slate/Fonts/Roboto-Light.ttf' (167K)
[2021.05.17-16.51.43:491][728]LogAIModule: Creating AISystem for world BattleGround
[2021.05.17-16.51.43:725][728]LogAssetEditorManager: Opening Asset editor for World /Game/BattleGround.BattleGround
[2021.05.17-16.51.43:782][728]LogUObjectHash: Compacting FUObjectHashTables data took   1.52ms
[2021.05.17-16.51.43:783][728]Cmd: MAP LOAD FILE="../../../../../../Work/BattleTank/BattleTank/Content/BattleGround.umap" TEMPLATE=0 SHOWPROGRESS=1 FEATURELEVEL=3
[2021.05.17-16.51.43:783][728]LightingResults: New page: Lighting Build
[2021.05.17-16.51.43:784][728]LoadErrors: New page: Loading map: BattleGround.umap
[2021.05.17-16.51.43:795][728]MapCheck: New page: Map Check
[2021.05.17-16.51.43:796][728]LightingResults: New page: Lighting Build
[2021.05.17-16.51.43:828][728]LogUObjectHash: Compacting FUObjectHashTables data took   2.20ms
[2021.05.17-16.51.44:268][728]LogEditorServer: Finished looking for orphan Actors (0.000 secs)
[2021.05.17-16.51.44:322][728]LogUObjectHash: Compacting FUObjectHashTables data took   2.47ms
[2021.05.17-16.51.44:336][728]Cmd: MAP CHECKDEP NOCLEARLOG
[2021.05.17-16.51.44:336][728]MapCheck: Map check complete: 0 Error(s), 0 Warning(s), took 0.103ms to complete.
[2021.05.17-16.51.44:336][728]LogFileHelpers: Loading map 'BattleGround' took 0.554
[2021.05.17-16.51.49:746][ 45]LogSlate: FSceneViewport::OnFocusLost() reason 0
[2021.05.17-16.51.51:500][149]LogAssetEditorManager: Opening Asset editor for MapBuildDataRegistry /Game/BattleGround_BuiltData.BattleGround_BuiltData
[2021.05.17-16.51.53:424][248]LogSlate: Window 'BattleGround_BuiltData' being destroyed
[2021.05.17-16.51.53:432][248]LogSlate: Window 'BattleGround_BuiltData' being destroyed
[2021.05.17-16.52.01:066][700]LogSlate: FSceneViewport::OnFocusLost() reason 0
[2021.05.17-16.52.05:774][965]LogEditorViewport: Clicking on Actor (LMB): Landscape (Landscape)
[2021.05.17-16.52.06:437][988]LogSlate: FSceneViewport::OnFocusLost() reason 2
[2021.05.17-16.52.06:447][988]Cmd: OBJ SAVEPACKAGE PACKAGE="/Game/BattleGround" FILE="../../../../../../Work/BattleTank/BattleTank/Content/BattleGround.umap" SILENT=true AUTOSAVING=false KEEPDIRTY=false
[2021.05.17-16.52.06:472][988]LogUObjectHash: Compacting FUObjectHashTables data took   0.65ms
[2021.05.17-16.52.07:224][988]LogSavePackage: Moving '../../../../../../Work/BattleTank/BattleTank/Saved/BattleGroundF4F32DDF46385E33A424F4B6F7D89810.tmp' to '../../../../../../Work/BattleTank/BattleTank/Content/BattleGround.umap'
[2021.05.17-16.52.07:280][988]Cmd: OBJ SAVEPACKAGE PACKAGE="/Game/BattleGround_BuiltData" FILE="../../../../../../Work/BattleTank/BattleTank/Content/BattleGround_BuiltData.uasset" SILENT=true
[2021.05.17-16.52.12:397][988]LogSavePackage: Moving '../../../../../../Work/BattleTank/BattleTank/Saved/BattleGround_BuiltData1225EEC2411B3A2D7E2467B42B236D17.tmp' to '../../../../../../Work/BattleTank/BattleTank/Content/BattleGround_BuiltData.uasset'
[2021.05.17-16.52.15:871][191]LogSlate: FSceneViewport::OnFocusLost() reason 2
[2021.05.17-16.52.17:099][264]MapCheck: New page: Map Check
[2021.05.17-16.52.17:132][264]LogSlate: FSceneViewport::OnFocusLost() reason 2
[2021.05.17-16.52.17:203][264]LightingResults: New page: Lighting Build - May 17, 2021, 10:52:17 PM
[2021.05.17-16.52.17:374][264]LogSwarmInterface: [OpenConnection] Registering TCP channel ...
[2021.05.17-16.52.17:480][264]LogSwarmInterface: [OpenConnection] Connecting to agent ...
[2021.05.17-16.52.17:502][264]LogSwarmInterface: [TryOpenConnection] Testing the Agent
[2021.05.17-16.52.18:538][264]LogSwarmInterface: [TryOpenConnection] Opening Connection to Agent
[2021.05.17-16.52.18:538][264]LogSwarmInterface: [TryOpenConnection] Local Process ID is 8588
[2021.05.17-16.52.20:824][264]LogStaticLightingSystem: Running Lightmass w/ ImmediateImport mode ENABLED
[2021.05.17-16.52.20:824][264]LogStaticLightingSystem: Running Lightmass w/ ImmediateProcess mode ENABLED
[2021.05.17-16.52.20:824][264]LogStaticLightingSystem: Running Lightmass w/ Sorting mode ENABLED
[2021.05.17-16.52.20:825][264]LogStaticLightingSystem: Running Lightmass w/ Mapping paddings ENABLED
[2021.05.17-16.52.20:825][264]LogStaticLightingSystem: Running Lightmass w/ Mapping debug paddings DISABLED
[2021.05.17-16.52.21:407][264]LogEditorBuildUtils: Build time 0:04
[2021.05.17-16.52.21:721][271]LogUObjectHash: Compacting FUObjectHashTables data took   1.72ms
[2021.05.17-16.54.29:204][839]Job is a success!
[2021.05.17-16.54.29:327][840]LogSlate: FSceneViewport::OnFocusLost() reason 2
[2021.05.17-16.54.29:572][840]LogVolumetricLightmapImport: Imported Volumetric Lightmap in 0.010s
[2021.05.17-16.54.29:573][840]LogVolumetricLightmapImport:      Indirection Texture 16x16x16 = 0.0Mb
[2021.05.17-16.54.29:573][840]LogVolumetricLightmapImport:      BrickData 15x5x5 = 0.0Mb
[2021.05.17-16.54.29:573][840]LogVolumetricLightmapImport:      Bricks at Level
[2021.05.17-16.54.29:573][840]LogVolumetricLightmapImport:          0: 33.3% covering 100.0% of volume
[2021.05.17-16.54.29:573][840]LogVolumetricLightmapImport:          1: 33.3% covering 1.6% of volume
[2021.05.17-16.54.29:573][840]LogVolumetricLightmapImport:          2: 33.3% covering 0.0% of volume
[2021.05.17-16.54.37:823][840]LogTexture: Display: Building textures: SkyOcclusion0_1 (AutoDXT, 512X256)
[2021.05.17-16.54.37:823][840]LogTexture: Display: Building textures: HQ_Lightmap0_1 (AutoDXT, 512X512)
[2021.05.17-16.54.37:823][840]LogTexture: Display: Building textures: LQ_Lightmap_0_1 (DXT1, 512X512)
[2021.05.17-16.54.37:823][840]LogTexture: Display: Building textures: LQ_Lightmap_0_2 (DXT1, 512X512)
[2021.05.17-16.54.37:823][840]LogTexture: Display: Building textures: SkyOcclusion0_2 (AutoDXT, 512X256)
[2021.05.17-16.54.37:823][840]LogTexture: Display: Building textures: HQ_Lightmap0_2 (AutoDXT, 512X512)
[2021.05.17-16.54.37:823][840]LogTexture: Display: Building textures: HQ_Lightmap1_3 (AutoDXT, 512X512)
[2021.05.17-16.54.37:823][840]LogTexture: Display: Building textures: SkyOcclusion1_3 (AutoDXT, 512X256)
[2021.05.17-16.54.37:823][840]LogTexture: Display: Building textures: LQ_Lightmap_1_3 (DXT1, 512X512)
[2021.05.17-16.54.37:824][840]LogTexture: Display: Building textures: SkyOcclusion1_4 (AutoDXT, 512X256)
[2021.05.17-16.54.37:824][840]LogTexture: Display: Building textures: HQ_Lightmap1_4 (AutoDXT, 512X512)
[2021.05.17-16.54.37:824][840]LogTexture: Display: Building textures: LQ_Lightmap_1_4 (DXT1, 512X512)
[2021.05.17-16.54.37:824][840]LogTexture: Display: Building textures: SkyOcclusion1_5 (AutoDXT, 512X256)
[2021.05.17-16.54.37:824][840]LogTexture: Display: Building textures: HQ_Lightmap1_5 (AutoDXT, 512X512)
[2021.05.17-16.54.37:824][840]LogTexture: Display: Building textures: LQ_Lightmap_1_5 (DXT1, 512X512)
[2021.05.17-16.54.37:824][840]LogTexture: Display: Building textures: SkyOcclusion1_6 (AutoDXT, 512X256)
[2021.05.17-16.54.37:824][840]LogTexture: Display: Building textures: HQ_Lightmap1_6 (AutoDXT, 512X512)
[2021.05.17-16.54.37:824][840]LogTexture: Display: Building textures: LQ_Lightmap_1_6 (DXT1, 512X512)
[2021.05.17-16.54.37:824][840]LogTexture: Display: Building textures: SkyOcclusion1_7 (AutoDXT, 512X256)
[2021.05.17-16.54.37:824][840]LogTexture: Display: Building textures: HQ_Lightmap1_7 (AutoDXT, 512X512)
[2021.05.17-16.54.37:824][840]LogTexture: Display: Building textures: LQ_Lightmap_1_7 (DXT1, 512X512)
[2021.05.17-16.54.37:824][840]LogTexture: Display: Building textures: SkyOcclusion1_8 (AutoDXT, 512X256)
[2021.05.17-16.54.37:824][840]LogTexture: Display: Building textures: HQ_Lightmap1_8 (AutoDXT, 512X512)
[2021.05.17-16.54.37:824][840]LogTexture: Display: Building textures: LQ_Lightmap_1_8 (DXT1, 512X512)
[2021.05.17-16.54.37:824][840]LogTexture: Display: Building textures: SkyOcclusion1_9 (AutoDXT, 512X256)
[2021.05.17-16.54.37:824][840]LogTexture: Display: Building textures: HQ_Lightmap1_9 (AutoDXT, 512X512)
[2021.05.17-16.54.37:824][840]LogTexture: Display: Building textures: LQ_Lightmap_1_9 (DXT1, 512X512)
[2021.05.17-16.54.37:824][840]LogTexture: Display: Building textures: SkyOcclusion1_10 (AutoDXT, 512X256)
[2021.05.17-16.54.37:824][840]LogTexture: Display: Building textures: HQ_Lightmap1_10 (AutoDXT, 512X512)
[2021.05.17-16.54.37:824][840]LogTexture: Display: Building textures: LQ_Lightmap_1_10 (DXT1, 512X512)
[2021.05.17-16.54.37:824][840]LogTexture: Display: Building textures: SkyOcclusion1_11 (AutoDXT, 512X256)
[2021.05.17-16.54.37:824][840]LogTexture: Display: Building textures: HQ_Lightmap1_11 (AutoDXT, 512X512)
[2021.05.17-16.54.37:824][840]LogTexture: Display: Building textures: LQ_Lightmap_1_11 (DXT1, 512X512)
[2021.05.17-16.54.37:824][840]LogTexture: Display: Building textures: SkyOcclusion1_12 (AutoDXT, 512X256)
[2021.05.17-16.54.37:824][840]LogTexture: Display: Building textures: HQ_Lightmap1_12 (AutoDXT, 512X512)
[2021.05.17-16.54.37:824][840]LogTexture: Display: Building textures: LQ_Lightmap_1_12 (DXT1, 512X512)
[2021.05.17-16.54.37:824][840]LogTexture: Display: Building textures: SkyOcclusion1_13 (AutoDXT, 512X256)
[2021.05.17-16.54.37:824][840]LogTexture: Display: Building textures: HQ_Lightmap1_13 (AutoDXT, 512X512)
[2021.05.17-16.54.37:824][840]LogTexture: Display: Building textures: LQ_Lightmap_1_13 (DXT1, 512X512)
[2021.05.17-16.54.37:824][840]LogTexture: Display: Building textures: SkyOcclusion1_14 (AutoDXT, 512X256)
[2021.05.17-16.54.37:824][840]LogTexture: Display: Building textures: HQ_Lightmap1_14 (AutoDXT, 512X512)
[2021.05.17-16.54.37:824][840]LogTexture: Display: Building textures: LQ_Lightmap_1_14 (DXT1, 512X512)
[2021.05.17-16.54.37:824][840]LogTexture: Display: Building textures: SkyOcclusion1_15 (AutoDXT, 512X256)
[2021.05.17-16.54.37:824][840]LogTexture: Display: Building textures: HQ_Lightmap1_15 (AutoDXT, 512X512)
[2021.05.17-16.54.37:824][840]LogTexture: Display: Building textures: LQ_Lightmap_1_15 (DXT1, 512X512)
[2021.05.17-16.54.37:824][840]LogTexture: Display: Building textures: SkyOcclusion1_16 (AutoDXT, 512X256)
[2021.05.17-16.54.37:824][840]LogTexture: Display: Building textures: HQ_Lightmap1_16 (AutoDXT, 512X512)
[2021.05.17-16.54.37:824][840]LogTexture: Display: Building textures: LQ_Lightmap_1_16 (DXT1, 512X512)
[2021.05.17-16.54.37:824][840]LogTexture: Display: Building textures: SkyOcclusion1_17 (AutoDXT, 512X256)
[2021.05.17-16.54.37:824][840]LogTexture: Display: Building textures: HQ_Lightmap1_17 (AutoDXT, 512X512)
[2021.05.17-16.54.37:825][840]LogTexture: Display: Building textures: LQ_Lightmap_1_17 (DXT1, 512X512)
[2021.05.17-16.54.37:825][840]LogTexture: Display: Building textures: SkyOcclusion1_18 (AutoDXT, 512X256)
[2021.05.17-16.54.37:825][840]LogTexture: Display: Building textures: HQ_Lightmap1_18 (AutoDXT, 512X512)
[2021.05.17-16.54.37:825][840]LogTexture: Display: Building textures: LQ_Lightmap_1_18 (DXT1, 512X512)
[2021.05.17-16.54.37:825][840]LogTexture: Display: Building textures: SkyOcclusion1_19 (AutoDXT, 512X256)
[2021.05.17-16.54.37:825][840]LogTexture: Display: Building textures: HQ_Lightmap1_19 (AutoDXT, 512X512)
[2021.05.17-16.54.37:825][840]LogTexture: Display: Building textures: LQ_Lightmap_1_19 (DXT1, 512X512)
[2021.05.17-16.54.37:825][840]LogTexture: Display: Building textures: SkyOcclusion1_20 (AutoDXT, 512X256)
[2021.05.17-16.54.37:825][840]LogTexture: Display: Building textures: HQ_Lightmap1_20 (AutoDXT, 512X512)
[2021.05.17-16.54.37:825][840]LogTexture: Display: Building textures: LQ_Lightmap_1_20 (DXT1, 512X512)
[2021.05.17-16.54.37:825][840]LogTexture: Display: Building textures: SkyOcclusion1_21 (AutoDXT, 512X256)
[2021.05.17-16.54.37:825][840]LogTexture: Display: Building textures: HQ_Lightmap1_21 (AutoDXT, 512X512)
[2021.05.17-16.54.37:825][840]LogTexture: Display: Building textures: LQ_Lightmap_1_21 (DXT1, 512X512)
[2021.05.17-16.54.37:825][840]LogTexture: Display: Building textures: SkyOcclusion1_22 (AutoDXT, 512X256)
[2021.05.17-16.54.37:825][840]LogTexture: Display: Building textures: HQ_Lightmap1_22 (AutoDXT, 512X512)
[2021.05.17-16.54.37:825][840]LogTexture: Display: Building textures: LQ_Lightmap_1_22 (DXT1, 512X512)
[2021.05.17-16.54.37:825][840]LogTexture: Display: Building textures: SkyOcclusion1_23 (AutoDXT, 512X256)
[2021.05.17-16.54.37:825][840]LogTexture: Display: Building textures: HQ_Lightmap1_23 (AutoDXT, 512X512)
[2021.05.17-16.54.37:825][840]LogTexture: Display: Building textures: LQ_Lightmap_1_23 (DXT1, 512X512)
[2021.05.17-16.54.37:825][840]LogTexture: Display: Building textures: SkyOcclusion1_24 (AutoDXT, 512X256)
[2021.05.17-16.54.37:825][840]LogTexture: Display: Building textures: HQ_Lightmap1_24 (AutoDXT, 512X512)
[2021.05.17-16.54.37:825][840]LogTexture: Display: Building textures: LQ_Lightmap_1_24 (DXT1, 512X512)
[2021.05.17-16.54.37:825][840]LogTexture: Display: Building textures: SkyOcclusion1_25 (AutoDXT, 512X256)
[2021.05.17-16.54.37:825][840]LogTexture: Display: Building textures: HQ_Lightmap1_25 (AutoDXT, 512X512)
[2021.05.17-16.54.37:825][840]LogTexture: Display: Building textures: LQ_Lightmap_1_25 (DXT1, 512X512)
[2021.05.17-16.54.37:825][840]LogTexture: Display: Building textures: SkyOcclusion1_26 (AutoDXT, 512X256)
[2021.05.17-16.54.37:825][840]LogTexture: Display: Building textures: HQ_Lightmap1_26 (AutoDXT, 512X512)
[2021.05.17-16.54.37:825][840]LogTexture: Display: Building textures: LQ_Lightmap_1_26 (DXT1, 512X512)
[2021.05.17-16.54.37:825][840]LogTexture: Display: Building textures: SkyOcclusion1_27 (AutoDXT, 512X256)
[2021.05.17-16.54.37:825][840]LogTexture: Display: Building textures: HQ_Lightmap1_27 (AutoDXT, 512X512)
[2021.05.17-16.54.37:825][840]LogTexture: Display: Building textures: LQ_Lightmap_1_27 (DXT1, 512X512)
[2021.05.17-16.54.37:825][840]LogTexture: Display: Building textures: SkyOcclusion1_28 (AutoDXT, 512X256)
[2021.05.17-16.54.37:825][840]LogTexture: Display: Building textures: HQ_Lightmap1_28 (AutoDXT, 512X512)
[2021.05.17-16.54.37:825][840]LogTexture: Display: Building textures: LQ_Lightmap_1_28 (DXT1, 512X512)
[2021.05.17-16.54.37:825][840]LogTexture: Display: Building textures: SkyOcclusion1_29 (AutoDXT, 512X256)
[2021.05.17-16.54.37:825][840]LogTexture: Display: Building textures: HQ_Lightmap1_29 (AutoDXT, 512X512)
[2021.05.17-16.54.37:825][840]LogTexture: Display: Building textures: LQ_Lightmap_1_29 (DXT1, 512X512)
[2021.05.17-16.54.37:825][840]LogTexture: Display: Building textures: SkyOcclusion1_30 (AutoDXT, 512X256)
[2021.05.17-16.54.37:825][840]LogTexture: Display: Building textures: HQ_Lightmap1_30 (AutoDXT, 512X512)
[2021.05.17-16.54.37:825][840]LogTexture: Display: Building textures: LQ_Lightmap_1_30 (DXT1, 512X512)
[2021.05.17-16.54.37:825][840]LogTexture: Display: Building textures: SkyOcclusion1_31 (AutoDXT, 512X256)
[2021.05.17-16.54.37:825][840]LogTexture: Display: Building textures: HQ_Lightmap1_31 (AutoDXT, 512X512)
[2021.05.17-16.54.37:825][840]LogTexture: Display: Building textures: LQ_Lightmap_1_31 (DXT1, 512X512)
[2021.05.17-16.54.37:825][840]LogTexture: Display: Building textures: SkyOcclusion1_32 (AutoDXT, 512X256)
[2021.05.17-16.54.37:826][840]LogTexture: Display: Building textures: HQ_Lightmap1_32 (AutoDXT, 512X512)
[2021.05.17-16.54.37:826][840]LogTexture: Display: Building textures: LQ_Lightmap_1_32 (DXT1, 512X512)
[2021.05.17-16.54.37:826][840]LogTexture: Display: Building textures: SkyOcclusion1_33 (AutoDXT, 512X256)
[2021.05.17-16.54.37:826][840]LogTexture: Display: Building textures: HQ_Lightmap1_33 (AutoDXT, 512X512)
[2021.05.17-16.54.37:826][840]LogTexture: Display: Building textures: LQ_Lightmap_1_33 (DXT1, 512X512)
[2021.05.17-16.54.37:826][840]LogTexture: Display: Building textures: SkyOcclusion1_34 (AutoDXT, 512X256)
[2021.05.17-16.54.37:826][840]LogTexture: Display: Building textures: HQ_Lightmap1_34 (AutoDXT, 512X512)
[2021.05.17-16.54.37:826][840]LogTexture: Display: Building textures: LQ_Lightmap_1_34 (DXT1, 512X512)
[2021.05.17-16.54.37:826][840]LogTexture: Display: Building textures: SkyOcclusion1_35 (AutoDXT, 512X256)
[2021.05.17-16.54.37:826][840]LogTexture: Display: Building textures: HQ_Lightmap1_35 (AutoDXT, 512X512)
[2021.05.17-16.54.37:826][840]LogTexture: Display: Building textures: LQ_Lightmap_1_35 (DXT1, 512X512)
[2021.05.17-16.54.37:826][840]LogTexture: Display: Building textures: SkyOcclusion1_36 (AutoDXT, 512X256)
[2021.05.17-16.54.37:826][840]LogTexture: Display: Building textures: HQ_Lightmap1_36 (AutoDXT, 512X512)
[2021.05.17-16.54.37:826][840]LogTexture: Display: Building textures: LQ_Lightmap_1_36 (DXT1, 512X512)
[2021.05.17-16.54.37:826][840]LogTexture: Display: Building textures: SkyOcclusion1_37 (AutoDXT, 512X256)
[2021.05.17-16.54.37:826][840]LogTexture: Display: Building textures: HQ_Lightmap1_37 (AutoDXT, 512X512)
[2021.05.17-16.54.37:826][840]LogTexture: Display: Building textures: LQ_Lightmap_1_37 (DXT1, 512X512)
[2021.05.17-16.54.37:826][840]LogTexture: Display: Building textures: SkyOcclusion1_38 (AutoDXT, 512X256)
[2021.05.17-16.54.37:826][840]LogTexture: Display: Building textures: HQ_Lightmap1_38 (AutoDXT, 512X512)
[2021.05.17-16.54.37:826][840]LogTexture: Display: Building textures: LQ_Lightmap_1_38 (DXT1, 512X512)
[2021.05.17-16.54.37:826][840]LogTexture: Display: Building textures: SkyOcclusion1_39 (AutoDXT, 512X256)
[2021.05.17-16.54.37:826][840]LogTexture: Display: Building textures: HQ_Lightmap1_39 (AutoDXT, 512X512)
[2021.05.17-16.54.37:826][840]LogTexture: Display: Building textures: LQ_Lightmap_1_39 (DXT1, 512X512)
[2021.05.17-16.54.37:826][840]LogTexture: Display: Building textures: SkyOcclusion1_40 (AutoDXT, 512X256)
[2021.05.17-16.54.37:826][840]LogTexture: Display: Building textures: HQ_Lightmap1_40 (AutoDXT, 512X512)
[2021.05.17-16.54.37:826][840]LogTexture: Display: Building textures: LQ_Lightmap_1_40 (DXT1, 512X512)
[2021.05.17-16.54.37:826][840]LogTexture: Display: Building textures: SkyOcclusion1_41 (AutoDXT, 512X256)
[2021.05.17-16.54.37:826][840]LogTexture: Display: Building textures: HQ_Lightmap1_41 (AutoDXT, 512X512)
[2021.05.17-16.54.37:826][840]LogTexture: Display: Building textures: LQ_Lightmap_1_41 (DXT1, 512X512)
[2021.05.17-16.54.37:826][840]LogTexture: Display: Building textures: SkyOcclusion1_42 (AutoDXT, 512X256)
[2021.05.17-16.54.37:826][840]LogTexture: Display: Building textures: HQ_Lightmap1_42 (AutoDXT, 512X512)
[2021.05.17-16.54.37:826][840]LogTexture: Display: Building textures: LQ_Lightmap_1_42 (DXT1, 512X512)
[2021.05.17-16.54.37:826][840]LogTexture: Display: Building textures: SkyOcclusion1_43 (AutoDXT, 512X256)
[2021.05.17-16.54.37:826][840]LogTexture: Display: Building textures: HQ_Lightmap1_43 (AutoDXT, 512X512)
[2021.05.17-16.54.37:826][840]LogTexture: Display: Building textures: LQ_Lightmap_1_43 (DXT1, 512X512)
[2021.05.17-16.54.37:826][840]LogTexture: Display: Building textures: SkyOcclusion1_44 (AutoDXT, 512X256)
[2021.05.17-16.54.37:826][840]LogTexture: Display: Building textures: HQ_Lightmap1_44 (AutoDXT, 512X512)
[2021.05.17-16.54.37:826][840]LogTexture: Display: Building textures: LQ_Lightmap_1_44 (DXT1, 512X512)
[2021.05.17-16.54.37:826][840]LogTexture: Display: Building textures: SkyOcclusion1_45 (AutoDXT, 512X256)
[2021.05.17-16.54.37:826][840]LogTexture: Display: Building textures: HQ_Lightmap1_45 (AutoDXT, 512X512)
[2021.05.17-16.54.37:826][840]LogTexture: Display: Building textures: LQ_Lightmap_1_45 (DXT1, 512X512)
[2021.05.17-16.54.37:826][840]LogTexture: Display: Building textures: SkyOcclusion1_46 (AutoDXT, 512X256)
[2021.05.17-16.54.37:827][840]LogTexture: Display: Building textures: HQ_Lightmap1_46 (AutoDXT, 512X512)
[2021.05.17-16.54.37:827][840]LogTexture: Display: Building textures: LQ_Lightmap_1_46 (DXT1, 512X512)
[2021.05.17-16.54.37:827][840]LogTexture: Display: Building textures: SkyOcclusion1_47 (AutoDXT, 512X256)
[2021.05.17-16.54.37:827][840]LogTexture: Display: Building textures: HQ_Lightmap1_47 (AutoDXT, 512X512)
[2021.05.17-16.54.37:827][840]LogTexture: Display: Building textures: LQ_Lightmap_1_47 (DXT1, 512X512)
[2021.05.17-16.54.37:827][840]LogTexture: Display: Building textures: SkyOcclusion1_48 (AutoDXT, 512X256)
[2021.05.17-16.54.37:827][840]LogTexture: Display: Building textures: HQ_Lightmap1_48 (AutoDXT, 512X512)
[2021.05.17-16.54.37:827][840]LogTexture: Display: Building textures: LQ_Lightmap_1_48 (DXT1, 512X512)
[2021.05.17-16.54.37:827][840]LogTexture: Display: Building textures: SkyOcclusion1_49 (AutoDXT, 512X256)
[2021.05.17-16.54.37:827][840]LogTexture: Display: Building textures: HQ_Lightmap1_49 (AutoDXT, 512X512)
[2021.05.17-16.54.37:827][840]LogTexture: Display: Building textures: LQ_Lightmap_1_49 (DXT1, 512X512)
[2021.05.17-16.54.37:827][840]LogTexture: Display: Building textures: SkyOcclusion1_50 (AutoDXT, 512X256)
[2021.05.17-16.54.37:827][840]LogTexture: Display: Building textures: HQ_Lightmap1_50 (AutoDXT, 512X512)
[2021.05.17-16.54.37:827][840]LogTexture: Display: Building textures: LQ_Lightmap_1_50 (DXT1, 512X512)
[2021.05.17-16.54.37:827][840]LogTexture: Display: Building textures: SkyOcclusion1_51 (AutoDXT, 512X256)
[2021.05.17-16.54.37:827][840]LogTexture: Display: Building textures: HQ_Lightmap1_51 (AutoDXT, 512X512)
[2021.05.17-16.54.37:827][840]LogTexture: Display: Building textures: LQ_Lightmap_1_51 (DXT1, 512X512)
[2021.05.17-16.54.37:827][840]LogTexture: Display: Building textures: SkyOcclusion1_52 (AutoDXT, 512X256)
[2021.05.17-16.54.37:827][840]LogTexture: Display: Building textures: HQ_Lightmap1_52 (AutoDXT, 512X512)
[2021.05.17-16.54.37:827][840]LogTexture: Display: Building textures: LQ_Lightmap_1_52 (DXT1, 512X512)
[2021.05.17-16.54.37:827][840]LogTexture: Display: Building textures: SkyOcclusion1_53 (AutoDXT, 512X256)
[2021.05.17-16.54.37:827][840]LogTexture: Display: Building textures: HQ_Lightmap1_53 (AutoDXT, 512X512)
[2021.05.17-16.54.37:827][840]LogTexture: Display: Building textures: LQ_Lightmap_1_53 (DXT1, 512X512)
[2021.05.17-16.54.37:827][840]LogTexture: Display: Building textures: SkyOcclusion1_54 (AutoDXT, 512X256)
[2021.05.17-16.54.37:827][840]LogTexture: Display: Building textures: HQ_Lightmap1_54 (AutoDXT, 512X512)
[2021.05.17-16.54.37:827][840]LogTexture: Display: Building textures: LQ_Lightmap_1_54 (DXT1, 512X512)
[2021.05.17-16.54.37:827][840]LogTexture: Display: Building textures: SkyOcclusion1_55 (AutoDXT, 512X256)
[2021.05.17-16.54.37:827][840]LogTexture: Display: Building textures: HQ_Lightmap1_55 (AutoDXT, 512X512)
[2021.05.17-16.54.37:827][840]LogTexture: Display: Building textures: LQ_Lightmap_1_55 (DXT1, 512X512)
[2021.05.17-16.54.37:827][840]LogTexture: Display: Building textures: SkyOcclusion1_56 (AutoDXT, 512X256)
[2021.05.17-16.54.37:827][840]LogTexture: Display: Building textures: HQ_Lightmap1_56 (AutoDXT, 512X512)
[2021.05.17-16.54.37:827][840]LogTexture: Display: Building textures: LQ_Lightmap_1_56 (DXT1, 512X512)
[2021.05.17-16.54.37:827][840]LogTexture: Display: Building textures: SkyOcclusion1_57 (AutoDXT, 512X256)
[2021.05.17-16.54.37:827][840]LogTexture: Display: Building textures: HQ_Lightmap1_57 (AutoDXT, 512X512)
[2021.05.17-16.54.37:827][840]LogTexture: Display: Building textures: LQ_Lightmap_1_57 (DXT1, 512X512)
[2021.05.17-16.54.37:827][840]LogTexture: Display: Building textures: SkyOcclusion1_58 (AutoDXT, 512X256)
[2021.05.17-16.54.37:827][840]LogTexture: Display: Building textures: HQ_Lightmap1_58 (AutoDXT, 512X512)
[2021.05.17-16.54.37:827][840]LogTexture: Display: Building textures: LQ_Lightmap_1_58 (DXT1, 512X512)
[2021.05.17-16.54.37:827][840]LogTexture: Display: Building textures: SkyOcclusion1_59 (AutoDXT, 512X256)
[2021.05.17-16.54.37:827][840]LogTexture: Display: Building textures: HQ_Lightmap1_59 (AutoDXT, 512X512)
[2021.05.17-16.54.37:827][840]LogTexture: Display: Building textures: LQ_Lightmap_1_59 (DXT1, 512X512)
[2021.05.17-16.54.37:827][840]LogTexture: Display: Building textures: SkyOcclusion1_60 (AutoDXT, 512X256)
[2021.05.17-16.54.37:827][840]LogTexture: Display: Building textures: HQ_Lightmap1_60 (AutoDXT, 512X512)
[2021.05.17-16.54.37:828][840]LogTexture: Display: Building textures: LQ_Lightmap_1_60 (DXT1, 512X512)
[2021.05.17-16.54.37:828][840]LogTexture: Display: Building textures: SkyOcclusion1_61 (AutoDXT, 512X256)
[2021.05.17-16.54.37:828][840]LogTexture: Display: Building textures: HQ_Lightmap1_61 (AutoDXT, 512X512)
[2021.05.17-16.54.37:828][840]LogTexture: Display: Building textures: LQ_Lightmap_1_61 (DXT1, 512X512)
[2021.05.17-16.54.37:828][840]LogTexture: Display: Building textures: SkyOcclusion1_62 (AutoDXT, 512X256)
[2021.05.17-16.54.37:828][840]LogTexture: Display: Building textures: HQ_Lightmap1_62 (AutoDXT, 512X512)
[2021.05.17-16.54.37:828][840]LogTexture: Display: Building textures: LQ_Lightmap_1_62 (DXT1, 512X512)
[2021.05.17-16.54.37:828][840]LogTexture: Display: Building textures: SkyOcclusion1_63 (AutoDXT, 512X256)
[2021.05.17-16.54.37:828][840]LogTexture: Display: Building textures: HQ_Lightmap1_63 (AutoDXT, 512X512)
[2021.05.17-16.54.37:828][840]LogTexture: Display: Building textures: LQ_Lightmap_1_63 (DXT1, 512X512)
[2021.05.17-16.54.37:828][840]LogTexture: Display: Building textures: SkyOcclusion1_64 (AutoDXT, 512X256)
[2021.05.17-16.54.37:828][840]LogTexture: Display: Building textures: HQ_Lightmap1_64 (AutoDXT, 512X512)
[2021.05.17-16.54.37:828][840]LogTexture: Display: Building textures: LQ_Lightmap_1_64 (DXT1, 512X512)
[2021.05.17-16.54.37:828][840]LogTexture: Display: Building textures: SkyOcclusion1_65 (AutoDXT, 64X32)
[2021.05.17-16.54.37:828][840]LogTexture: Display: Building textures: HQ_Lightmap1_65 (AutoDXT, 64X64)
[2021.05.17-16.54.37:828][840]LogTexture: Display: Building textures: LQ_Lightmap_1_65 (DXT1, 64X64)
[2021.05.17-16.54.38:224][840]LogTexture: Display: Building textures: ShadowMapTexture2D_9 (G8, 256X256)
[2021.05.17-16.54.38:224][840]LogTexture: Display: Building textures: ShadowMapTexture2D_8 (G8, 256X256)
[2021.05.17-16.54.38:224][840]LogTexture: Display: Building textures: ShadowMapTexture2D_67 (G8, 256X256)
[2021.05.17-16.54.38:224][840]LogTexture: Display: Building textures: ShadowMapTexture2D_69 (G8, 256X256)
[2021.05.17-16.54.38:224][840]LogTexture: Display: Building textures: ShadowMapTexture2D_68 (G8, 256X256)
[2021.05.17-16.54.38:224][840]LogTexture: Display: Building textures: ShadowMapTexture2D_70 (G8, 256X256)
[2021.05.17-16.54.38:224][840]LogTexture: Display: Building textures: ShadowMapTexture2D_73 (G8, 256X256)
[2021.05.17-16.54.38:224][840]LogTexture: Display: Building textures: ShadowMapTexture2D_71 (G8, 256X256)
[2021.05.17-16.54.38:224][840]LogTexture: Display: Building textures: ShadowMapTexture2D_72 (G8, 256X256)
[2021.05.17-16.54.38:224][840]LogTexture: Display: Building textures: ShadowMapTexture2D_74 (G8, 256X256)
[2021.05.17-16.54.38:224][840]LogTexture: Display: Building textures: ShadowMapTexture2D_75 (G8, 256X256)
[2021.05.17-16.54.38:224][840]LogTexture: Display: Building textures: ShadowMapTexture2D_76 (G8, 256X256)
[2021.05.17-16.54.38:224][840]LogTexture: Display: Building textures: ShadowMapTexture2D_77 (G8, 256X256)
[2021.05.17-16.54.38:224][840]LogTexture: Display: Building textures: ShadowMapTexture2D_79 (G8, 256X256)
[2021.05.17-16.54.38:224][840]LogTexture: Display: Building textures: ShadowMapTexture2D_78 (G8, 256X256)
[2021.05.17-16.54.38:224][840]LogTexture: Display: Building textures: ShadowMapTexture2D_81 (G8, 256X256)
[2021.05.17-16.54.38:224][840]LogTexture: Display: Building textures: ShadowMapTexture2D_80 (G8, 256X256)
[2021.05.17-16.54.38:224][840]LogTexture: Display: Building textures: ShadowMapTexture2D_83 (G8, 256X256)
[2021.05.17-16.54.38:224][840]LogTexture: Display: Building textures: ShadowMapTexture2D_82 (G8, 256X256)
[2021.05.17-16.54.38:224][840]LogTexture: Display: Building textures: ShadowMapTexture2D_84 (G8, 256X256)
[2021.05.17-16.54.38:224][840]LogTexture: Display: Building textures: ShadowMapTexture2D_85 (G8, 256X256)
[2021.05.17-16.54.38:224][840]LogTexture: Display: Building textures: ShadowMapTexture2D_86 (G8, 256X256)
[2021.05.17-16.54.38:224][840]LogTexture: Display: Building textures: ShadowMapTexture2D_87 (G8, 256X256)
[2021.05.17-16.54.38:224][840]LogTexture: Display: Building textures: ShadowMapTexture2D_88 (G8, 256X256)
[2021.05.17-16.54.38:224][840]LogTexture: Display: Building textures: ShadowMapTexture2D_89 (G8, 256X256)
[2021.05.17-16.54.38:225][840]LogTexture: Display: Building textures: ShadowMapTexture2D_90 (G8, 256X256)
[2021.05.17-16.54.38:225][840]LogTexture: Display: Building textures: ShadowMapTexture2D_91 (G8, 256X256)
[2021.05.17-16.54.38:225][840]LogTexture: Display: Building textures: ShadowMapTexture2D_92 (G8, 256X256)
[2021.05.17-16.54.38:225][840]LogTexture: Display: Building textures: ShadowMapTexture2D_93 (G8, 256X256)
[2021.05.17-16.54.38:225][840]LogTexture: Display: Building textures: ShadowMapTexture2D_95 (G8, 256X256)
[2021.05.17-16.54.38:225][840]LogTexture: Display: Building textures: ShadowMapTexture2D_94 (G8, 256X256)
[2021.05.17-16.54.38:225][840]LogTexture: Display: Building textures: ShadowMapTexture2D_96 (G8, 256X256)
[2021.05.17-16.54.38:225][840]LogTexture: Display: Building textures: ShadowMapTexture2D_97 (G8, 256X256)
[2021.05.17-16.54.38:225][840]LogTexture: Display: Building textures: ShadowMapTexture2D_98 (G8, 256X256)
[2021.05.17-16.54.38:225][840]LogTexture: Display: Building textures: ShadowMapTexture2D_99 (G8, 256X256)
[2021.05.17-16.54.38:225][840]LogTexture: Display: Building textures: ShadowMapTexture2D_100 (G8, 256X256)
[2021.05.17-16.54.38:225][840]LogTexture: Display: Building textures: ShadowMapTexture2D_102 (G8, 256X256)
[2021.05.17-16.54.38:225][840]LogTexture: Display: Building textures: ShadowMapTexture2D_101 (G8, 256X256)
[2021.05.17-16.54.38:225][840]LogTexture: Display: Building textures: ShadowMapTexture2D_103 (G8, 256X256)
[2021.05.17-16.54.38:225][840]LogTexture: Display: Building textures: ShadowMapTexture2D_105 (G8, 256X256)
[2021.05.17-16.54.38:225][840]LogTexture: Display: Building textures: ShadowMapTexture2D_104 (G8, 256X256)
[2021.05.17-16.54.38:225][840]LogTexture: Display: Building textures: ShadowMapTexture2D_106 (G8, 256X256)
[2021.05.17-16.54.38:225][840]LogTexture: Display: Building textures: ShadowMapTexture2D_107 (G8, 256X256)
[2021.05.17-16.54.38:225][840]LogTexture: Display: Building textures: ShadowMapTexture2D_108 (G8, 256X256)
[2021.05.17-16.54.38:225][840]LogTexture: Display: Building textures: ShadowMapTexture2D_109 (G8, 256X256)
[2021.05.17-16.54.38:225][840]LogTexture: Display: Building textures: ShadowMapTexture2D_110 (G8, 256X256)
[2021.05.17-16.54.38:225][840]LogTexture: Display: Building textures: ShadowMapTexture2D_111 (G8, 256X256)
[2021.05.17-16.54.38:225][840]LogTexture: Display: Building textures: ShadowMapTexture2D_112 (G8, 256X256)
[2021.05.17-16.54.38:225][840]LogTexture: Display: Building textures: ShadowMapTexture2D_113 (G8, 256X256)
[2021.05.17-16.54.38:225][840]LogTexture: Display: Building textures: ShadowMapTexture2D_114 (G8, 256X256)
[2021.05.17-16.54.38:225][840]LogTexture: Display: Building textures: ShadowMapTexture2D_115 (G8, 256X256)
[2021.05.17-16.54.38:225][840]LogTexture: Display: Building textures: ShadowMapTexture2D_116 (G8, 256X256)
[2021.05.17-16.54.38:225][840]LogTexture: Display: Building textures: ShadowMapTexture2D_118 (G8, 256X256)
[2021.05.17-16.54.38:225][840]LogTexture: Display: Building textures: ShadowMapTexture2D_117 (G8, 256X256)
[2021.05.17-16.54.38:263][840]LogTexture: Display: Building textures: ShadowMapTexture2D_119 (G8, 256X256)
[2021.05.17-16.54.38:263][840]LogTexture: Display: Building textures: ShadowMapTexture2D_120 (G8, 256X256)
[2021.05.17-16.54.38:263][840]LogTexture: Display: Building textures: ShadowMapTexture2D_121 (G8, 256X256)
[2021.05.17-16.54.38:263][840]LogTexture: Display: Building textures: ShadowMapTexture2D_124 (G8, 256X256)
[2021.05.17-16.54.38:263][840]LogTexture: Display: Building textures: ShadowMapTexture2D_122 (G8, 256X256)
[2021.05.17-16.54.38:263][840]LogTexture: Display: Building textures: ShadowMapTexture2D_129 (G8, 32X32)
[2021.05.17-16.54.38:263][840]LogTexture: Display: Building textures: ShadowMapTexture2D_123 (G8, 256X256)
[2021.05.17-16.54.38:263][840]LogTexture: Display: Building textures: ShadowMapTexture2D_125 (G8, 256X256)
[2021.05.17-16.54.38:263][840]LogTexture: Display: Building textures: ShadowMapTexture2D_126 (G8, 256X256)
[2021.05.17-16.54.38:263][840]LogTexture: Display: Building textures: ShadowMapTexture2D_127 (G8, 256X256)
[2021.05.17-16.54.38:263][840]LogTexture: Display: Building textures: ShadowMapTexture2D_128 (G8, 256X256)
[2021.05.17-16.54.38:299][840]Lightmass on DESKTOP-BVMFIOQ: 2:15 min total, 2.55 sec importing, 4.31 sec setup, 43.5 sec photons, 1:25 min processing, 0 ms extra exporting [65/65 mappings]. Threads: 9:57 min total, 7:20 min processing.
[2021.05.17-16.54.38:302][840]LogStaticLightingSystem: BattleGround_BuiltData storing lightmap data for 65 meshes in 65 LightmapResourceClusters (1.0 Meshes per cluster).
[2021.05.17-16.54.38:339][840]LogUObjectHash: Compacting FUObjectHashTables data took   2.29ms
[2021.05.17-16.54.38:347][840]LogStaticLightingSystem: Illumination: 2:21 min (7.72 sec encoding lightmaps, 433 ms encoding shadowmaps)
[2021.05.17-16.54.38:347][840]LogStaticLightingSystem: Lightmap texture memory:  42.7 MB (42.7 MB streaming, 0.0 MB non-streaming), 130 textures
[2021.05.17-16.54.38:347][840]LogStaticLightingSystem: Shadowmap texture memory: 5.3 MB (5.3 MB streaming, 0.0 MB non-streaming), 65 textures
[2021.05.17-16.54.38:916][840]DumpUnbuiltLightIteractions
[2021.05.17-16.54.38:916][840]Lights with unbuilt interactions: 0
[2021.05.17-16.54.38:916][840]
[2021.05.17-16.54.38:916][840]Primitives with unbuilt interactions: 0
[2021.05.17-16.54.38:924][840]LogSlate: FSceneViewport::OnFocusLost() reason 2
[2021.05.17-16.54.39:015][841]Cmd: MAP CHECK NOTIFYRESULTS
[2021.05.17-16.54.39:015][841]MapCheck: New page: BattleGround - May 17, 2021, 10:54:39 PM
[2021.05.17-16.54.39:039][841]MapCheck: Map check complete: 0 Error(s), 0 Warning(s), took 23.007ms to complete.
[2021.05.17-16.54.49:623][472]LogEditorViewport: Clicking on Actor (LMB): Landscape (Landscape)
[2021.05.17-16.54.50:263][508]Cmd: CAMERA ALIGN ACTIVEVIEWPORTONLY
[2021.05.17-16.55.02:386][217]LogEditorViewport: Clicking on Actor (LMB): BP_Sky_Sphere_C (BP_Sky_Sphere)
