Log file open, 06/07/21 10:10:37
LogWindows: Failed to load 'aqProf.dll' (GetLastError=126)
LogWindows: File 'aqProf.dll' does not exist
LogWindows: Failed to load 'VtuneApi.dll' (GetLastError=126)
LogWindows: File 'VtuneApi.dll' does not exist
LogWindows: Failed to load 'VtuneApi32e.dll' (GetLastError=126)
LogWindows: File 'VtuneApi32e.dll' does not exist
LogConsoleResponse: Display: Failed to find resolution value strings in scalability ini. Falling back to default.
LogInit: Display: Running engine for game: BattleTank
LogPakFile: Registered encryption key '00000000000000000000000000000000': 0 pak files mounted, 0 remain pending
LogPlatformFile: Not using cached read wrapper
LogTaskGraph: Started task graph with 5 named threads and 23 total threads with 3 sets of task threads.
LogStats: Stats thread started at 0.368597
LogD3D11RHI: Loaded GFSDK_Aftermath_Lib.x64.dll
LogICUInternationalization: ICU TimeZone Detection - Raw Offset: +2:00, Platform Override: ''
LogPluginManager: Mounting plugin Paper2D
LogPluginManager: Mounting plugin AISupport
LogPluginManager: Mounting plugin LightPropagationVolume
LogPluginManager: Mounting plugin ActorLayerUtilities
LogPluginManager: Mounting plugin AnimationSharing
LogPluginManager: Mounting plugin CLionSourceCodeAccess
LogPluginManager: Mounting plugin CodeLiteSourceCodeAccess
LogPluginManager: Mounting plugin GitSourceControl
LogPluginManager: Mounting plugin KDevelopSourceCodeAccess
LogPluginManager: Mounting plugin NullSourceCodeAccess
LogPluginManager: Mounting plugin PerforceSourceControl
LogPluginManager: Mounting plugin SubversionSourceControl
LogPluginManager: Mounting plugin UObjectPlugin
LogPluginManager: Mounting plugin VisualStudioCodeSourceCodeAccess
LogPluginManager: Mounting plugin VisualStudioSourceCodeAccess
LogPluginManager: Mounting plugin XCodeSourceCodeAccess
LogPluginManager: Mounting plugin AssetManagerEditor
LogPluginManager: Mounting plugin CryptoKeys
LogPluginManager: Mounting plugin DataValidation
LogPluginManager: Mounting plugin FacialAnimation
LogPluginManager: Mounting plugin GameplayTagsEditor
LogPluginManager: Mounting plugin MacGraphicsSwitching
LogPluginManager: Mounting plugin MaterialAnalyzer
LogPluginManager: Mounting plugin MobileLauncherProfileWizard
LogPluginManager: Mounting plugin PluginBrowser
LogPluginManager: Mounting plugin SpeedTreeImporter
LogPluginManager: Mounting plugin DatasmithContent
LogPluginManager: Mounting plugin VariantManagerContent
LogPluginManager: Mounting plugin AlembicImporter
LogPluginManager: Mounting plugin AppleImageUtils
LogPluginManager: Mounting plugin AppleVision
LogPluginManager: Mounting plugin BackChannel
LogPluginManager: Mounting plugin CharacterAI
LogPluginManager: Mounting plugin GeometryCache
LogPluginManager: Mounting plugin HTML5Networking
LogPluginManager: Mounting plugin ProxyLODPlugin
LogPluginManager: Mounting plugin SkeletalReduction
LogPluginManager: Mounting plugin MagicLeap
LogPluginManager: Mounting plugin MagicLeapMedia
LogPluginManager: Mounting plugin AndroidMedia
LogPluginManager: Mounting plugin AvfMedia
LogPluginManager: Mounting plugin ImgMedia
LogPluginManager: Mounting plugin LinearTimecode
LogPluginManager: Mounting plugin MediaCompositing
LogPluginManager: Mounting plugin MediaPlayerEditor
LogPluginManager: Mounting plugin WebMMedia
LogPluginManager: Mounting plugin WmfMedia
LogPluginManager: Mounting plugin TcpMessaging
LogPluginManager: Mounting plugin UdpMessaging
LogPluginManager: Mounting plugin ActorSequence
LogPluginManager: Mounting plugin LevelSequenceEditor
LogPluginManager: Mounting plugin MatineeToLevelSequence
LogPluginManager: Mounting plugin NetcodeUnitTest
LogPluginManager: Mounting plugin NUTUnrealEngine4
LogPluginManager: Mounting plugin OnlineSubsystemGooglePlay
LogPluginManager: Mounting plugin OnlineSubsystemIOS
LogPluginManager: Mounting plugin OnlineSubsystem
LogPluginManager: Mounting plugin OnlineSubsystemNull
LogPluginManager: Mounting plugin OnlineSubsystemUtils
LogPluginManager: Mounting plugin LauncherChunkInstaller
LogPluginManager: Mounting plugin AndroidDeviceProfileSelector
LogPluginManager: Mounting plugin AndroidMoviePlayer
LogPluginManager: Mounting plugin AndroidPermission
LogPluginManager: Mounting plugin AppleMoviePlayer
LogPluginManager: Mounting plugin ArchVisCharacter
LogPluginManager: Mounting plugin AudioCapture
LogPluginManager: Mounting plugin CableComponent
LogPluginManager: Mounting plugin CustomMeshComponent
LogPluginManager: Mounting plugin EditableMesh
LogPluginManager: Mounting plugin ExampleDeviceProfileSelector
LogPluginManager: Mounting plugin Firebase
LogPluginManager: Mounting plugin GoogleCloudMessaging
LogPluginManager: Mounting plugin IOSDeviceProfileSelector
LogPluginManager: Mounting plugin LinuxDeviceProfileSelector
LogPluginManager: Mounting plugin LocationServicesBPLibrary
LogPluginManager: Mounting plugin MobilePatchingUtils
LogPluginManager: Mounting plugin OculusVR
LogPluginManager: Mounting plugin PhysXVehicles
LogPluginManager: Mounting plugin ProceduralMeshComponent
LogPluginManager: Mounting plugin RuntimePhysXCooking
LogPluginManager: Mounting plugin SignificanceManager
LogPluginManager: Mounting plugin SteamVR
LogPluginManager: Mounting plugin WebMMoviePlayer
LogPluginManager: Mounting plugin WindowsMoviePlayer
LogInit: Using libcurl 7.55.1-DEV
LogInit:  - built for x86_64-pc-win32
LogInit:  - supports SSL with OpenSSL/1.1.1
LogInit:  - supports HTTP deflate (compression) using libz 1.2.8
LogInit:  - other features:
LogInit:      CURL_VERSION_SSL
LogInit:      CURL_VERSION_LIBZ
LogInit:      CURL_VERSION_IPV6
LogInit:      CURL_VERSION_ASYNCHDNS
LogInit:      CURL_VERSION_LARGEFILE
LogInit:      CURL_VERSION_IDN
LogInit:  CurlRequestOptions (configurable via config and command line):
LogInit:  - bVerifyPeer = true  - Libcurl will verify peer certificate
LogInit:  - bUseHttpProxy = false  - Libcurl will NOT use HTTP proxy
LogInit:  - bDontReuseConnections = false  - Libcurl will reuse connections
LogInit:  - MaxHostConnections = 16  - Libcurl will limit the number of connections to a host
LogInit:  - LocalHostAddr = Default
LogInit:  - BufferSize = 65536
LogInit: WinSock: version 1.1 (2.2), MaxSocks=32767, MaxUdp=65467
LogInit: Build: ++UE4+Release-4.22-CL-7053642
LogInit: Engine Version: 4.22.3-7053642+++UE4+Release-4.22
LogInit: Compatible Engine Version: 4.22.0-5660361+++UE4+Release-4.22
LogInit: Net CL: 5660361
LogInit: OS: Windows 10 (Release 2009) (), CPU: Intel(R) Core(TM) i5-10300H CPU @ 2.50GHz, GPU: Intel(R) UHD Graphics
LogInit: Compiled (64-bit): Jun 18 2019 03:09:11
LogInit: Compiled with Visual C++: 19.16.27025.01
LogInit: Build Configuration: Development
LogInit: Branch Name: ++UE4+Release-4.22
LogInit: Command Line:  -EpicPortal -epicusername=AndreiTataTau -epicuserid=c89c687000f243a7b66335cadee1bbb3 -epiclocale=en
LogInit: Base Directory: F:/program files al bun/unrealEngine/UE_4.22/Engine/Binaries/Win64/
LogInit: Installed Engine Build: 1
LogDevObjectVersion: Number of dev versions registered: 23
LogDevObjectVersion:   Dev-Blueprints (B0D832E4-1F89-4F0D-ACCF-7EB736FD4AA2): 10
LogDevObjectVersion:   Dev-Build (E1C64328-A22C-4D53-A36C-8E866417BD8C): 0
LogDevObjectVersion:   Dev-Core (375EC13C-06E4-48FB-B500-84F0262A717E): 3
LogDevObjectVersion:   Dev-Editor (E4B068ED-F494-42E9-A231-DA0B2E46BB41): 30
LogDevObjectVersion:   Dev-Framework (CFFC743F-43B0-4480-9391-14DF171D2073): 35
LogDevObjectVersion:   Dev-Mobile (B02B49B5-BB20-44E9-A304-32B752E40360): 2
LogDevObjectVersion:   Dev-Networking (A4E4105C-59A1-49B5-A7C5-40C4547EDFEE): 0
LogDevObjectVersion:   Dev-Online (39C831C9-5AE6-47DC-9A44-9C173E1C8E7C): 0
LogDevObjectVersion:   Dev-Physics (78F01B33-EBEA-4F98-B9B4-84EACCB95AA2): 0
LogDevObjectVersion:   Dev-Platform (6631380F-2D4D-43E0-8009-CF276956A95A): 0
LogDevObjectVersion:   Dev-Rendering (12F88B9F-8875-4AFC-A67C-D90C383ABD29): 28
LogDevObjectVersion:   Dev-Sequencer (7B5AE74C-D270-4C10-A958-57980B212A5A): 11
LogDevObjectVersion:   Dev-VR (D7296918-1DD6-4BDD-9DE2-64A83CC13884): 2
LogDevObjectVersion:   Dev-LoadTimes (C2A15278-BFE7-4AFE-6C17-90FF531DF755): 1
LogDevObjectVersion:   Private-Geometry (6EACA3D4-40EC-4CC1-B786-8BED09428FC5): 3
LogDevObjectVersion:   Dev-AnimPhys (29E575DD-E0A3-4627-9D10-D276232CDCEA): 17
LogDevObjectVersion:   Dev-Anim (AF43A65D-7FD3-4947-9873-3E8ED9C1BB05): 2
LogDevObjectVersion:   Dev-ReflectionCapture (6B266CEC-1EC7-4B8F-A30B-E4D90942FC07): 1
LogDevObjectVersion:   Dev-Automation (0DF73D61-A23F-47EA-B727-89E90C41499A): 1
LogDevObjectVersion:   FortniteMain (601D1886-AC64-4F84-AA16-D3DE0DEAC7D6): 25
LogDevObjectVersion:   Dev-Enterprise (9DFFBCD6-494F-0158-E221-12823C92A888): 6
LogDevObjectVersion:   Dev-Niagara (F2AED0AC-9AFE-416F-8664-AA7FFA26D6FC): 1
LogDevObjectVersion:   Dev-Destruction (174F1F0B-B4C6-45A5-B13F-2EE8D0FB917D): 2
LogInit: Presizing for max 16777216 objects, including 0 objects not considered by GC, pre-allocating 0 bytes for permanent pool.
LogInit: Object subsystem initialized
LogConfig: Setting CVar [[con.DebugEarlyDefault:1]]
LogConfig: Setting CVar [[r.setres:1280x720]]
[2021.06.07-07.10.39:132][  0]LogConfig: Setting CVar [[r.VSync:0]]
[2021.06.07-07.10.39:132][  0]LogConfig: Setting CVar [[r.RHICmdBypass:0]]
[2021.06.07-07.10.39:132][  0]LogConfig: Applying CVar settings from Section [/Script/Engine.RendererSettings] File [F:/Work/Unreal/BattleTank/BattleTank/Saved/Config/Windows/Engine.ini]
[2021.06.07-07.10.39:132][  0]LogConfig: Setting CVar [[r.GPUCrashDebugging:0]]
[2021.06.07-07.10.39:132][  0]LogConfig: Setting CVar [[r.DefaultFeature.AutoExposure.ExtendDefaultLuminanceRange:1]]
[2021.06.07-07.10.39:132][  0]LogConfig: Applying CVar settings from Section [/Script/Engine.RendererOverrideSettings] File [F:/Work/Unreal/BattleTank/BattleTank/Saved/Config/Windows/Engine.ini]
[2021.06.07-07.10.39:132][  0]LogConfig: Applying CVar settings from Section [/Script/Engine.StreamingSettings] File [F:/Work/Unreal/BattleTank/BattleTank/Saved/Config/Windows/Engine.ini]
[2021.06.07-07.10.39:133][  0]LogConfig: Setting CVar [[s.MinBulkDataSizeForAsyncLoading:131072]]
[2021.06.07-07.10.39:133][  0]LogConfig: Setting CVar [[s.AsyncLoadingThreadEnabled:0]]
[2021.06.07-07.10.39:133][  0]LogConfig: Setting CVar [[s.EventDrivenLoaderEnabled:1]]
[2021.06.07-07.10.39:133][  0]LogConfig: Setting CVar [[s.WarnIfTimeLimitExceeded:0]]
[2021.06.07-07.10.39:133][  0]LogConfig: Setting CVar [[s.TimeLimitExceededMultiplier:1.5]]
[2021.06.07-07.10.39:133][  0]LogConfig: Setting CVar [[s.TimeLimitExceededMinTime:0.005]]
[2021.06.07-07.10.39:133][  0]LogConfig: Setting CVar [[s.UseBackgroundLevelStreaming:1]]
[2021.06.07-07.10.39:133][  0]LogConfig: Setting CVar [[s.PriorityAsyncLoadingExtraTime:15.0]]
[2021.06.07-07.10.39:133][  0]LogConfig: Setting CVar [[s.LevelStreamingActorsUpdateTimeLimit:5.0]]
[2021.06.07-07.10.39:133][  0]LogConfig: Setting CVar [[s.PriorityLevelStreamingActorsUpdateExtraTime:5.0]]
[2021.06.07-07.10.39:133][  0]LogConfig: Setting CVar [[s.LevelStreamingComponentsRegistrationGranularity:10]]
[2021.06.07-07.10.39:133][  0]LogConfig: Setting CVar [[s.UnregisterComponentsTimeLimit:1.0]]
[2021.06.07-07.10.39:133][  0]LogConfig: Setting CVar [[s.LevelStreamingComponentsUnregistrationGranularity:5]]
[2021.06.07-07.10.39:133][  0]LogConfig: Applying CVar settings from Section [/Script/Engine.GarbageCollectionSettings] File [F:/Work/Unreal/BattleTank/BattleTank/Saved/Config/Windows/Engine.ini]
[2021.06.07-07.10.39:133][  0]LogConfig: Setting CVar [[gc.MaxObjectsNotConsideredByGC:1]]
[2021.06.07-07.10.39:133][  0]LogConfig: Setting CVar [[gc.SizeOfPermanentObjectPool:0]]
[2021.06.07-07.10.39:133][  0]LogConfig: Setting CVar [[gc.FlushStreamingOnGC:0]]
[2021.06.07-07.10.39:133][  0]LogConfig: Setting CVar [[gc.NumRetriesBeforeForcingGC:10]]
[2021.06.07-07.10.39:133][  0]LogConfig: Setting CVar [[gc.AllowParallelGC:1]]
[2021.06.07-07.10.39:133][  0]LogConfig: Setting CVar [[gc.TimeBetweenPurgingPendingKillObjects:61.1]]
[2021.06.07-07.10.39:133][  0]LogConfig: Setting CVar [[gc.MaxObjectsInEditor:16777216]]
[2021.06.07-07.10.39:133][  0]LogConfig: Setting CVar [[gc.IncrementalBeginDestroyEnabled:1]]
[2021.06.07-07.10.39:133][  0]LogConfig: Setting CVar [[gc.CreateGCClusters:1]]
[2021.06.07-07.10.39:133][  0]LogConfig: Setting CVar [[gc.MinGCClusterSize:5]]
[2021.06.07-07.10.39:133][  0]LogConfig: Setting CVar [[gc.ActorClusteringEnabled:0]]
[2021.06.07-07.10.39:133][  0]LogConfig: Setting CVar [[gc.BlueprintClusteringEnabled:0]]
[2021.06.07-07.10.39:133][  0]LogConfig: Setting CVar [[gc.UseDisregardForGCOnDedicatedServers:0]]
[2021.06.07-07.10.39:133][  0]LogConfig: Applying CVar settings from Section [/Script/Engine.NetworkSettings] File [F:/Work/Unreal/BattleTank/BattleTank/Saved/Config/Windows/Engine.ini]
[2021.06.07-07.10.39:133][  0]LogConfig: Applying CVar settings from Section [/Script/UnrealEd.CookerSettings] File [F:/Work/Unreal/BattleTank/BattleTank/Saved/Config/Windows/Engine.ini]
[2021.06.07-07.10.39:138][  0]LogConfig: Applying CVar settings from Section [ViewDistanceQuality@3] File [F:/Work/Unreal/BattleTank/BattleTank/Saved/Config/Windows/Scalability.ini]
[2021.06.07-07.10.39:138][  0]LogConfig: Setting CVar [[r.SkeletalMeshLODBias:0]]
[2021.06.07-07.10.39:138][  0]LogConfig: Setting CVar [[r.ViewDistanceScale:1.0]]
[2021.06.07-07.10.39:138][  0]LogConfig: Applying CVar settings from Section [AntiAliasingQuality@3] File [F:/Work/Unreal/BattleTank/BattleTank/Saved/Config/Windows/Scalability.ini]
[2021.06.07-07.10.39:138][  0]LogConfig: Setting CVar [[r.PostProcessAAQuality:4]]
[2021.06.07-07.10.39:138][  0]LogConfig: Applying CVar settings from Section [ShadowQuality@3] File [F:/Work/Unreal/BattleTank/BattleTank/Saved/Config/Windows/Scalability.ini]
[2021.06.07-07.10.39:138][  0]LogConfig: Setting CVar [[r.LightFunctionQuality:1]]
[2021.06.07-07.10.39:138][  0]LogConfig: Setting CVar [[r.ShadowQuality:5]]
[2021.06.07-07.10.39:138][  0]LogConfig: Setting CVar [[r.Shadow.CSM.MaxCascades:10]]
[2021.06.07-07.10.39:138][  0]LogConfig: Setting CVar [[r.Shadow.MaxResolution:2048]]
[2021.06.07-07.10.39:138][  0]LogConfig: Setting CVar [[r.Shadow.MaxCSMResolution:2048]]
[2021.06.07-07.10.39:138][  0]LogConfig: Setting CVar [[r.Shadow.RadiusThreshold:0.01]]
[2021.06.07-07.10.39:138][  0]LogConfig: Setting CVar [[r.Shadow.DistanceScale:1.0]]
[2021.06.07-07.10.39:138][  0]LogConfig: Setting CVar [[r.Shadow.CSM.TransitionScale:1.0]]
[2021.06.07-07.10.39:138][  0]LogConfig: Setting CVar [[r.Shadow.PreShadowResolutionFactor:1.0]]
[2021.06.07-07.10.39:138][  0]LogConfig: Setting CVar [[r.DistanceFieldShadowing:1]]
[2021.06.07-07.10.39:138][  0]LogConfig: Setting CVar [[r.DistanceFieldAO:1]]
[2021.06.07-07.10.39:138][  0]LogConfig: Setting CVar [[r.AOQuality:2]]
[2021.06.07-07.10.39:138][  0]LogConfig: Setting CVar [[r.VolumetricFog:1]]
[2021.06.07-07.10.39:138][  0]LogConfig: Setting CVar [[r.VolumetricFog.GridPixelSize:8]]
[2021.06.07-07.10.39:138][  0]LogConfig: Setting CVar [[r.VolumetricFog.GridSizeZ:128]]
[2021.06.07-07.10.39:138][  0]LogConfig: Setting CVar [[r.VolumetricFog.HistoryMissSupersampleCount:4]]
[2021.06.07-07.10.39:138][  0]LogConfig: Setting CVar [[r.LightMaxDrawDistanceScale:1]]
[2021.06.07-07.10.39:138][  0]LogConfig: Setting CVar [[r.CapsuleShadows:1]]
[2021.06.07-07.10.39:139][  0]LogConfig: Applying CVar settings from Section [PostProcessQuality@3] File [F:/Work/Unreal/BattleTank/BattleTank/Saved/Config/Windows/Scalability.ini]
[2021.06.07-07.10.39:139][  0]LogConfig: Setting CVar [[r.MotionBlurQuality:4]]
[2021.06.07-07.10.39:139][  0]LogConfig: Setting CVar [[r.AmbientOcclusionMipLevelFactor:0.4]]
[2021.06.07-07.10.39:139][  0]LogConfig: Setting CVar [[r.AmbientOcclusionMaxQuality:100]]
[2021.06.07-07.10.39:139][  0]LogConfig: Setting CVar [[r.AmbientOcclusionLevels:-1]]
[2021.06.07-07.10.39:139][  0]LogConfig: Setting CVar [[r.AmbientOcclusionRadiusScale:1.0]]
[2021.06.07-07.10.39:139][  0]LogConfig: Setting CVar [[r.DepthOfFieldQuality:2]]
[2021.06.07-07.10.39:139][  0]LogConfig: Setting CVar [[r.RenderTargetPoolMin:400]]
[2021.06.07-07.10.39:139][  0]LogConfig: Setting CVar [[r.LensFlareQuality:2]]
[2021.06.07-07.10.39:139][  0]LogConfig: Setting CVar [[r.SceneColorFringeQuality:1]]
[2021.06.07-07.10.39:139][  0]LogConfig: Setting CVar [[r.EyeAdaptationQuality:2]]
[2021.06.07-07.10.39:139][  0]LogConfig: Setting CVar [[r.BloomQuality:5]]
[2021.06.07-07.10.39:139][  0]LogConfig: Setting CVar [[r.FastBlurThreshold:100]]
[2021.06.07-07.10.39:139][  0]LogConfig: Setting CVar [[r.Upscale.Quality:3]]
[2021.06.07-07.10.39:139][  0]LogConfig: Setting CVar [[r.Tonemapper.GrainQuantization:1]]
[2021.06.07-07.10.39:139][  0]LogConfig: Setting CVar [[r.LightShaftQuality:1]]
[2021.06.07-07.10.39:139][  0]LogConfig: Setting CVar [[r.Filter.SizeScale:1]]
[2021.06.07-07.10.39:139][  0]LogConfig: Setting CVar [[r.Tonemapper.Quality:5]]
[2021.06.07-07.10.39:139][  0]LogConfig: Setting CVar [[r.DOF.Gather.AccumulatorQuality:1        ; higher gathering accumulator quality]]
[2021.06.07-07.10.39:139][  0]LogConfig: Setting CVar [[r.DOF.Gather.PostfilterMethod:1          ; Median3x3 postfilering method]]
[2021.06.07-07.10.39:139][  0]LogConfig: Setting CVar [[r.DOF.Gather.EnableBokehSettings:0       ; no bokeh simulation when gathering]]
[2021.06.07-07.10.39:139][  0]LogConfig: Setting CVar [[r.DOF.Gather.RingCount:4                 ; medium number of samples when gathering]]
[2021.06.07-07.10.39:139][  0]LogConfig: Setting CVar [[r.DOF.Scatter.ForegroundCompositing:1    ; additive foreground scattering]]
[2021.06.07-07.10.39:139][  0]LogConfig: Setting CVar [[r.DOF.Scatter.BackgroundCompositing:2    ; additive background scattering]]
[2021.06.07-07.10.39:139][  0]LogConfig: Setting CVar [[r.DOF.Scatter.EnableBokehSettings:1      ; bokeh simulation when scattering]]
[2021.06.07-07.10.39:139][  0]LogConfig: Setting CVar [[r.DOF.Scatter.MaxSpriteRatio:0.1         ; only a maximum of 10% of scattered bokeh]]
[2021.06.07-07.10.39:139][  0]LogConfig: Setting CVar [[r.DOF.Recombine.Quality:1                ; cheap slight out of focus]]
[2021.06.07-07.10.39:139][  0]LogConfig: Setting CVar [[r.DOF.Recombine.EnableBokehSettings:0    ; no bokeh simulation on slight out of focus]]
[2021.06.07-07.10.39:139][  0]LogConfig: Setting CVar [[r.DOF.TemporalAAQuality:1                ; more stable temporal accumulation]]
[2021.06.07-07.10.39:139][  0]LogConfig: Setting CVar [[r.DOF.Kernel.MaxForegroundRadius:0.025]]
[2021.06.07-07.10.39:139][  0]LogConfig: Setting CVar [[r.DOF.Kernel.MaxBackgroundRadius:0.025]]
[2021.06.07-07.10.39:139][  0]LogConfig: Applying CVar settings from Section [TextureQuality@3] File [F:/Work/Unreal/BattleTank/BattleTank/Saved/Config/Windows/Scalability.ini]
[2021.06.07-07.10.39:139][  0]LogConfig: Setting CVar [[r.Streaming.MipBias:0]]
[2021.06.07-07.10.39:139][  0]LogConfig: Setting CVar [[r.Streaming.AmortizeCPUToGPUCopy:0]]
[2021.06.07-07.10.39:139][  0]LogConfig: Setting CVar [[r.Streaming.MaxNumTexturesToStreamPerFrame:0]]
[2021.06.07-07.10.39:139][  0]LogConfig: Setting CVar [[r.Streaming.Boost:1]]
[2021.06.07-07.10.39:139][  0]LogConfig: Setting CVar [[r.MaxAnisotropy:8]]
[2021.06.07-07.10.39:140][  0]LogConfig: Setting CVar [[r.Streaming.LimitPoolSizeToVRAM:0]]
[2021.06.07-07.10.39:140][  0]LogConfig: Setting CVar [[r.Streaming.PoolSize:1000]]
[2021.06.07-07.10.39:140][  0]LogConfig: Setting CVar [[r.Streaming.MaxEffectiveScreenSize:0]]
[2021.06.07-07.10.39:140][  0]LogConfig: Applying CVar settings from Section [EffectsQuality@3] File [F:/Work/Unreal/BattleTank/BattleTank/Saved/Config/Windows/Scalability.ini]
[2021.06.07-07.10.39:140][  0]LogConfig: Setting CVar [[r.TranslucencyLightingVolumeDim:64]]
[2021.06.07-07.10.39:140][  0]LogConfig: Setting CVar [[r.RefractionQuality:2]]
[2021.06.07-07.10.39:140][  0]LogConfig: Setting CVar [[r.SSR.Quality:3]]
[2021.06.07-07.10.39:140][  0]LogConfig: Setting CVar [[r.SceneColorFormat:4]]
[2021.06.07-07.10.39:140][  0]LogConfig: Setting CVar [[r.DetailMode:2]]
[2021.06.07-07.10.39:140][  0]LogConfig: Setting CVar [[r.TranslucencyVolumeBlur:1]]
[2021.06.07-07.10.39:140][  0]LogConfig: Setting CVar [[r.MaterialQualityLevel:1 ; High quality]]
[2021.06.07-07.10.39:140][  0]LogConfig: Setting CVar [[r.SSS.Scale:1]]
[2021.06.07-07.10.39:140][  0]LogConfig: Setting CVar [[r.SSS.SampleSet:2]]
[2021.06.07-07.10.39:140][  0]LogConfig: Setting CVar [[r.SSS.Quality:1]]
[2021.06.07-07.10.39:140][  0]LogConfig: Setting CVar [[r.SSS.HalfRes:1]]
[2021.06.07-07.10.39:140][  0]LogConfig: Setting CVar [[r.EmitterSpawnRateScale:1.0]]
[2021.06.07-07.10.39:140][  0]LogConfig: Setting CVar [[r.ParticleLightQuality:2]]
[2021.06.07-07.10.39:140][  0]LogConfig: Applying CVar settings from Section [FoliageQuality@3] File [F:/Work/Unreal/BattleTank/BattleTank/Saved/Config/Windows/Scalability.ini]
[2021.06.07-07.10.39:140][  0]LogConfig: Setting CVar [[foliage.DensityScale:1.0]]
[2021.06.07-07.10.39:140][  0]LogConfig: Setting CVar [[grass.DensityScale:1.0]]
[2021.06.07-07.10.39:140][  0]LogInit: Selected Device Profile: [Windows]
[2021.06.07-07.10.39:140][  0]LogInit: Applying CVar settings loaded from the selected device profile: [Windows]
[2021.06.07-07.10.39:253][  0]LogHAL: Display: Platform has ~ 16 GB [17002713088 / 17179869184 / 16], which maps to Larger [LargestMinGB=32, LargerMinGB=12, DefaultMinGB=8, SmallerMinGB=6, SmallestMinGB=0)
[2021.06.07-07.10.39:253][  0]LogConfig: Setting CVar [[r.Vulkan.UseRealUBs:0		; Required until we fix HLR fall-out]]
[2021.06.07-07.10.39:253][  0]LogInit: Going up to parent DeviceProfile []
[2021.06.07-07.10.39:254][  0]LogConfig: Applying CVar settings from Section [ViewDistanceQuality@1] File [F:/Work/Unreal/BattleTank/BattleTank/Saved/Config/Windows/Scalability.ini]
[2021.06.07-07.10.39:254][  0]LogConfig: Setting CVar [[r.SkeletalMeshLODBias:1]]
[2021.06.07-07.10.39:254][  0]LogConfig: Setting CVar [[r.ViewDistanceScale:0.6]]
[2021.06.07-07.10.39:254][  0]LogConfig: Applying CVar settings from Section [AntiAliasingQuality@1] File [F:/Work/Unreal/BattleTank/BattleTank/Saved/Config/Windows/Scalability.ini]
[2021.06.07-07.10.39:254][  0]LogConfig: Setting CVar [[r.PostProcessAAQuality:2]]
[2021.06.07-07.10.39:254][  0]LogConfig: Applying CVar settings from Section [ShadowQuality@1] File [F:/Work/Unreal/BattleTank/BattleTank/Saved/Config/Windows/Scalability.ini]
[2021.06.07-07.10.39:254][  0]LogConfig: Setting CVar [[r.LightFunctionQuality:1]]
[2021.06.07-07.10.39:254][  0]LogConfig: Setting CVar [[r.ShadowQuality:3]]
[2021.06.07-07.10.39:254][  0]LogConfig: Setting CVar [[r.Shadow.CSM.MaxCascades:1]]
[2021.06.07-07.10.39:254][  0]LogConfig: Setting CVar [[r.Shadow.MaxResolution:1024]]
[2021.06.07-07.10.39:254][  0]LogConfig: Setting CVar [[r.Shadow.MaxCSMResolution:1024]]
[2021.06.07-07.10.39:254][  0]LogConfig: Setting CVar [[r.Shadow.RadiusThreshold:0.05]]
[2021.06.07-07.10.39:254][  0]LogConfig: Setting CVar [[r.Shadow.DistanceScale:0.7]]
[2021.06.07-07.10.39:254][  0]LogConfig: Setting CVar [[r.Shadow.CSM.TransitionScale:0.25]]
[2021.06.07-07.10.39:254][  0]LogConfig: Setting CVar [[r.Shadow.PreShadowResolutionFactor:0.5]]
[2021.06.07-07.10.39:254][  0]LogConfig: Setting CVar [[r.DistanceFieldShadowing:0]]
[2021.06.07-07.10.39:254][  0]LogConfig: Setting CVar [[r.DistanceFieldAO:0]]
[2021.06.07-07.10.39:254][  0]LogConfig: Setting CVar [[r.VolumetricFog:0]]
[2021.06.07-07.10.39:254][  0]LogConfig: Setting CVar [[r.LightMaxDrawDistanceScale:.5]]
[2021.06.07-07.10.39:254][  0]LogConfig: Setting CVar [[r.CapsuleShadows:1]]
[2021.06.07-07.10.39:254][  0]LogConfig: Applying CVar settings from Section [PostProcessQuality@1] File [F:/Work/Unreal/BattleTank/BattleTank/Saved/Config/Windows/Scalability.ini]
[2021.06.07-07.10.39:255][  0]LogConfig: Setting CVar [[r.MotionBlurQuality:3]]
[2021.06.07-07.10.39:255][  0]LogConfig: Setting CVar [[r.AmbientOcclusionMipLevelFactor:1.0]]
[2021.06.07-07.10.39:255][  0]LogConfig: Setting CVar [[r.AmbientOcclusionMaxQuality:60]]
[2021.06.07-07.10.39:255][  0]LogConfig: Setting CVar [[r.AmbientOcclusionLevels:-1]]
[2021.06.07-07.10.39:255][  0]LogConfig: Setting CVar [[r.AmbientOcclusionRadiusScale:1.5]]
[2021.06.07-07.10.39:255][  0]LogConfig: Setting CVar [[r.DepthOfFieldQuality:1]]
[2021.06.07-07.10.39:255][  0]LogConfig: Setting CVar [[r.RenderTargetPoolMin:350]]
[2021.06.07-07.10.39:255][  0]LogConfig: Setting CVar [[r.LensFlareQuality:0]]
[2021.06.07-07.10.39:255][  0]LogConfig: Setting CVar [[r.SceneColorFringeQuality:0]]
[2021.06.07-07.10.39:255][  0]LogConfig: Setting CVar [[r.EyeAdaptationQuality:0]]
[2021.06.07-07.10.39:255][  0]LogConfig: Setting CVar [[r.BloomQuality:4]]
[2021.06.07-07.10.39:255][  0]LogConfig: Setting CVar [[r.FastBlurThreshold:2]]
[2021.06.07-07.10.39:255][  0]LogConfig: Setting CVar [[r.Upscale.Quality:2]]
[2021.06.07-07.10.39:255][  0]LogConfig: Setting CVar [[r.Tonemapper.GrainQuantization:0]]
[2021.06.07-07.10.39:255][  0]LogConfig: Setting CVar [[r.LightShaftQuality:0]]
[2021.06.07-07.10.39:255][  0]LogConfig: Setting CVar [[r.Filter.SizeScale:0.7]]
[2021.06.07-07.10.39:255][  0]LogConfig: Setting CVar [[r.Tonemapper.Quality:2]]
[2021.06.07-07.10.39:255][  0]LogConfig: Setting CVar [[r.DOF.Gather.AccumulatorQuality:0        ; lower gathering accumulator quality]]
[2021.06.07-07.10.39:256][  0]LogConfig: Setting CVar [[r.DOF.Gather.PostfilterMethod:2          ; Max3x3 postfilering method]]
[2021.06.07-07.10.39:256][  0]LogConfig: Setting CVar [[r.DOF.Gather.EnableBokehSettings:0       ; no bokeh simulation when gathering]]
[2021.06.07-07.10.39:256][  0]LogConfig: Setting CVar [[r.DOF.Gather.RingCount:3                 ; low number of samples when gathering]]
[2021.06.07-07.10.39:256][  0]LogConfig: Setting CVar [[r.DOF.Scatter.ForegroundCompositing:0    ; no foreground scattering]]
[2021.06.07-07.10.39:256][  0]LogConfig: Setting CVar [[r.DOF.Scatter.BackgroundCompositing:0    ; no foreground scattering]]
[2021.06.07-07.10.39:256][  0]LogConfig: Setting CVar [[r.DOF.Recombine.Quality:0                ; no slight out of focus]]
[2021.06.07-07.10.39:256][  0]LogConfig: Setting CVar [[r.DOF.TemporalAAQuality:0                ; faster temporal accumulation]]
[2021.06.07-07.10.39:256][  0]LogConfig: Setting CVar [[r.DOF.Kernel.MaxForegroundRadius:0.006   ; required because low gathering and no scattering and not looking great at 1080p]]
[2021.06.07-07.10.39:256][  0]LogConfig: Setting CVar [[r.DOF.Kernel.MaxBackgroundRadius:0.006   ; required because low gathering and no scattering and not looking great at 1080p]]
[2021.06.07-07.10.39:256][  0]LogConfig: Applying CVar settings from Section [TextureQuality@1] File [F:/Work/Unreal/BattleTank/BattleTank/Saved/Config/Windows/Scalability.ini]
[2021.06.07-07.10.39:256][  0]LogConfig: Setting CVar [[r.Streaming.MipBias:1]]
[2021.06.07-07.10.39:256][  0]LogConfig: Setting CVar [[r.Streaming.AmortizeCPUToGPUCopy:0]]
[2021.06.07-07.10.39:256][  0]LogConfig: Setting CVar [[r.Streaming.MaxNumTexturesToStreamPerFrame:0]]
[2021.06.07-07.10.39:256][  0]LogConfig: Setting CVar [[r.Streaming.Boost:1]]
[2021.06.07-07.10.39:256][  0]LogConfig: Setting CVar [[r.MaxAnisotropy:2]]
[2021.06.07-07.10.39:256][  0]LogConfig: Setting CVar [[r.Streaming.LimitPoolSizeToVRAM:1]]
[2021.06.07-07.10.39:256][  0]LogConfig: Setting CVar [[r.Streaming.PoolSize:600]]
[2021.06.07-07.10.39:256][  0]LogConfig: Setting CVar [[r.Streaming.MaxEffectiveScreenSize:0]]
[2021.06.07-07.10.39:256][  0]LogConfig: Applying CVar settings from Section [EffectsQuality@1] File [F:/Work/Unreal/BattleTank/BattleTank/Saved/Config/Windows/Scalability.ini]
[2021.06.07-07.10.39:256][  0]LogConfig: Setting CVar [[r.TranslucencyLightingVolumeDim:32]]
[2021.06.07-07.10.39:257][  0]LogConfig: Setting CVar [[r.RefractionQuality:0]]
[2021.06.07-07.10.39:257][  0]LogConfig: Setting CVar [[r.SSR.Quality:0]]
[2021.06.07-07.10.39:257][  0]LogConfig: Setting CVar [[r.SceneColorFormat:3]]
[2021.06.07-07.10.39:257][  0]LogConfig: Setting CVar [[r.DetailMode:1]]
[2021.06.07-07.10.39:257][  0]LogConfig: Setting CVar [[r.TranslucencyVolumeBlur:0]]
[2021.06.07-07.10.39:257][  0]LogConfig: Setting CVar [[r.MaterialQualityLevel:2 ; Medium quality]]
[2021.06.07-07.10.39:257][  0]LogConfig: Setting CVar [[r.SSS.Scale:0.75]]
[2021.06.07-07.10.39:257][  0]LogConfig: Setting CVar [[r.SSS.SampleSet:0]]
[2021.06.07-07.10.39:257][  0]LogConfig: Setting CVar [[r.SSS.Quality:0]]
[2021.06.07-07.10.39:257][  0]LogConfig: Setting CVar [[r.SSS.HalfRes:1]]
[2021.06.07-07.10.39:257][  0]LogConfig: Setting CVar [[r.EmitterSpawnRateScale:0.25]]
[2021.06.07-07.10.39:257][  0]LogConfig: Setting CVar [[r.ParticleLightQuality:0]]
[2021.06.07-07.10.39:257][  0]LogConfig: Applying CVar settings from Section [FoliageQuality@1] File [F:/Work/Unreal/BattleTank/BattleTank/Saved/Config/Windows/Scalability.ini]
[2021.06.07-07.10.39:257][  0]LogConfig: Setting CVar [[foliage.DensityScale:0.4]]
[2021.06.07-07.10.39:257][  0]LogConfig: Setting CVar [[grass.DensityScale:0.4]]
[2021.06.07-07.10.39:257][  0]LogConfig: Applying CVar settings from Section [Startup] File [../../../Engine/Config/ConsoleVariables.ini]
[2021.06.07-07.10.39:258][  0]LogConfig: Setting CVar [[net.UseAdaptiveNetUpdateFrequency:0]]
[2021.06.07-07.10.39:258][  0]LogConfig: Setting CVar [[p.chaos.AllowCreatePhysxBodies:1]]
[2021.06.07-07.10.39:258][  0]LogConfig: Applying CVar settings from Section [ConsoleVariables] File [F:/Work/Unreal/BattleTank/BattleTank/Saved/Config/Windows/Engine.ini]
[2021.06.07-07.10.39:258][  0]LogInit: Computer: DESKTOP-BVMFIOQ
[2021.06.07-07.10.39:259][  0]LogInit: User: andre
[2021.06.07-07.10.39:259][  0]LogInit: CPU Page size=4096, Cores=4
[2021.06.07-07.10.39:259][  0]LogInit: High frequency timer resolution =10.000000 MHz
[2021.06.07-07.10.39:259][  0]LogMemory: Memory total: Physical=15.8GB (16GB approx)
[2021.06.07-07.10.39:260][  0]LogMemory: Platform Memory Stats for Windows
[2021.06.07-07.10.39:260][  0]LogMemory: Process Physical Memory: 98.86 MB used, 98.86 MB peak
[2021.06.07-07.10.39:260][  0]LogMemory: Process Virtual Memory: 93.31 MB used, 93.31 MB peak
[2021.06.07-07.10.39:260][  0]LogMemory: Physical Memory: 7677.22 MB used,  8537.83 MB free, 16215.05 MB total
[2021.06.07-07.10.39:260][  0]LogMemory: Virtual Memory: 4646.54 MB used,  134213080.00 MB free, 134217728.00 MB total
[2021.06.07-07.10.39:372][  0]LogInit: Using OS detected language (en-US).
[2021.06.07-07.10.39:372][  0]LogInit: Using OS detected locale (en-US).
[2021.06.07-07.10.39:373][  0]LogTextLocalizationManager: No specific localization for 'en-US' exists, so the 'en' localization will be used.
[2021.06.07-07.10.39:566][  0]LogInit: Setting process to per monitor DPI aware
[2021.06.07-07.10.39:596][  0]LogSlate: New Slate User Created.  User Index 0, Is Virtual User: 0
[2021.06.07-07.10.39:596][  0]LogSlate: Slate User Registered.  User Index 0, Is Virtual User: 0
[2021.06.07-07.10.39:797][  0]LogHMD: Failed to initialize OpenVR with code 110
[2021.06.07-07.10.39:797][  0]LogD3D11RHI: D3D11 adapters:
[2021.06.07-07.10.39:917][  0]LogD3D11RHI:    0. 'NVIDIA GeForce RTX 2060' (Feature Level 11_0)
[2021.06.07-07.10.39:917][  0]LogD3D11RHI:       5980/0/8107 MB DedicatedVideo/DedicatedSystem/SharedSystem, Outputs:1, VendorId:0x10de
[2021.06.07-07.10.39:965][  0]LogD3D11RHI:    1. 'Intel(R) UHD Graphics' (Feature Level 11_0)
[2021.06.07-07.10.39:965][  0]LogD3D11RHI:       128/0/8107 MB DedicatedVideo/DedicatedSystem/SharedSystem, Outputs:0, VendorId:0x8086
[2021.06.07-07.10.39:968][  0]LogD3D11RHI:    2. 'Microsoft Basic Render Driver' (Feature Level 11_0)
[2021.06.07-07.10.39:968][  0]LogD3D11RHI:       0/0/8107 MB DedicatedVideo/DedicatedSystem/SharedSystem, Outputs:0, VendorId:0x1414
[2021.06.07-07.10.39:968][  0]LogD3D11RHI: Chosen D3D11 Adapter: 0
[2021.06.07-07.10.39:974][  0]LogD3D11RHI: Creating new Direct3DDevice
[2021.06.07-07.10.39:974][  0]LogD3D11RHI:     GPU DeviceId: 0x1f15 (for the marketing name, search the web for "GPU Device Id")
[2021.06.07-07.10.39:974][  0]LogWindows: EnumDisplayDevices:
[2021.06.07-07.10.39:974][  0]LogWindows:    0. 'Intel(R) UHD Graphics' (P:1 D:1)
[2021.06.07-07.10.39:974][  0]LogWindows:    1. 'Intel(R) UHD Graphics' (P:0 D:0)
[2021.06.07-07.10.39:975][  0]LogWindows:    2. 'Intel(R) UHD Graphics' (P:0 D:0)
[2021.06.07-07.10.39:975][  0]LogWindows:    3. 'NVIDIA GeForce RTX 2060' (P:0 D:0)
[2021.06.07-07.10.39:975][  0]LogWindows: DebugString: PrimaryIsNotTheChoosenAdapter PrimaryIsNotTheChoosenAdapter PrimaryIsNotTheChoosenAdapter 
[2021.06.07-07.10.39:975][  0]LogD3D11RHI:     Adapter Name: NVIDIA GeForce RTX 2060
[2021.06.07-07.10.39:975][  0]LogD3D11RHI:   Driver Version: 466.63 (internal:27.21.14.6663, unified:466.63)
[2021.06.07-07.10.39:975][  0]LogD3D11RHI:      Driver Date: 5-27-2021
[2021.06.07-07.10.39:975][  0]LogRHI: Texture pool is 4186 MB (70% of 5980 MB)
[2021.06.07-07.10.40:067][  0]LogD3D11RHI: Async texture creation enabled
[2021.06.07-07.10.40:072][  0]LogRendererCore: FGlobalReadBuffer::InitRHI
[2021.06.07-07.10.40:072][  0]LogRendererCore: FGlobalReadBuffer::InitRHI
[2021.06.07-07.10.40:072][  0]LogRendererCore: FGlobalReadBuffer::InitRHI
[2021.06.07-07.10.40:087][  0]LogD3D11RHI: GPU Timing Frequency: 1000.000000 (Debug: 2 2)
[2021.06.07-07.10.40:444][  0]LogTemp: Display: Module 'AllDesktopTargetPlatform' loaded TargetPlatform 'AllDesktop'
[2021.06.07-07.10.40:457][  0]LogTemp: Display: Module 'MacClientTargetPlatform' loaded TargetPlatform 'MacClient'
[2021.06.07-07.10.40:470][  0]LogTemp: Display: Module 'MacNoEditorTargetPlatform' loaded TargetPlatform 'MacNoEditor'
[2021.06.07-07.10.40:486][  0]LogTemp: Display: Module 'MacServerTargetPlatform' loaded TargetPlatform 'MacServer'
[2021.06.07-07.10.40:500][  0]LogTemp: Display: Module 'MacTargetPlatform' loaded TargetPlatform 'Mac'
[2021.06.07-07.10.40:514][  0]LogTemp: Display: Module 'WindowsClientTargetPlatform' loaded TargetPlatform 'WindowsClient'
[2021.06.07-07.10.40:527][  0]LogTemp: Display: Module 'WindowsNoEditorTargetPlatform' loaded TargetPlatform 'WindowsNoEditor'
[2021.06.07-07.10.40:540][  0]LogTemp: Display: Module 'WindowsServerTargetPlatform' loaded TargetPlatform 'WindowsServer'
[2021.06.07-07.10.40:546][  0]LogTemp: Display: Module 'WindowsTargetPlatform' loaded TargetPlatform 'Windows'
[2021.06.07-07.10.40:627][  0]LogTemp: Display: Module 'AndroidTargetPlatform' loaded TargetPlatform 'Android'
[2021.06.07-07.10.40:627][  0]LogTemp: Display: Module 'AndroidTargetPlatform' loaded TargetPlatform 'Android_ASTC'
[2021.06.07-07.10.40:627][  0]LogTemp: Display: Module 'AndroidTargetPlatform' loaded TargetPlatform 'Android_ATC'
[2021.06.07-07.10.40:627][  0]LogTemp: Display: Module 'AndroidTargetPlatform' loaded TargetPlatform 'Android_DXT'
[2021.06.07-07.10.40:627][  0]LogTemp: Display: Module 'AndroidTargetPlatform' loaded TargetPlatform 'Android_ETC1'
[2021.06.07-07.10.40:627][  0]LogTemp: Display: Module 'AndroidTargetPlatform' loaded TargetPlatform 'Android_ETC1a'
[2021.06.07-07.10.40:627][  0]LogTemp: Display: Module 'AndroidTargetPlatform' loaded TargetPlatform 'Android_ETC2'
[2021.06.07-07.10.40:627][  0]LogTemp: Display: Module 'AndroidTargetPlatform' loaded TargetPlatform 'Android_PVRTC'
[2021.06.07-07.10.40:627][  0]LogTemp: Display: Module 'AndroidTargetPlatform' loaded TargetPlatform 'AndroidClient'
[2021.06.07-07.10.40:627][  0]LogTemp: Display: Module 'AndroidTargetPlatform' loaded TargetPlatform 'Android_ASTCClient'
[2021.06.07-07.10.40:627][  0]LogTemp: Display: Module 'AndroidTargetPlatform' loaded TargetPlatform 'Android_ATCClient'
[2021.06.07-07.10.40:627][  0]LogTemp: Display: Module 'AndroidTargetPlatform' loaded TargetPlatform 'Android_DXTClient'
[2021.06.07-07.10.40:627][  0]LogTemp: Display: Module 'AndroidTargetPlatform' loaded TargetPlatform 'Android_ETC1Client'
[2021.06.07-07.10.40:627][  0]LogTemp: Display: Module 'AndroidTargetPlatform' loaded TargetPlatform 'Android_ETC1aClient'
[2021.06.07-07.10.40:627][  0]LogTemp: Display: Module 'AndroidTargetPlatform' loaded TargetPlatform 'Android_ETC2Client'
[2021.06.07-07.10.40:627][  0]LogTemp: Display: Module 'AndroidTargetPlatform' loaded TargetPlatform 'Android_PVRTCClient'
[2021.06.07-07.10.40:627][  0]LogTemp: Display: Module 'AndroidTargetPlatform' loaded TargetPlatform 'Android_Multi'
[2021.06.07-07.10.40:627][  0]LogTemp: Display: Module 'AndroidTargetPlatform' loaded TargetPlatform 'Android_MultiClient'
[2021.06.07-07.10.40:629][  0]LogTemp: Display: Module 'HTML5TargetPlatform' loaded TargetPlatform 'HTML5'
[2021.06.07-07.10.40:678][  0]LogTemp: Display: Module 'IOSTargetPlatform' loaded TargetPlatform 'IOSClient'
[2021.06.07-07.10.40:678][  0]LogTemp: Display: Module 'IOSTargetPlatform' loaded TargetPlatform 'IOS'
[2021.06.07-07.10.40:705][  0]LogTemp: Display: Module 'TVOSTargetPlatform' loaded TargetPlatform 'TVOSClient'
[2021.06.07-07.10.40:705][  0]LogTemp: Display: Module 'TVOSTargetPlatform' loaded TargetPlatform 'TVOS'
[2021.06.07-07.10.40:725][  0]LogTemp: Display: Module 'LinuxClientTargetPlatform' loaded TargetPlatform 'LinuxClient'
[2021.06.07-07.10.40:738][  0]LogTemp: Display: Module 'LinuxNoEditorTargetPlatform' loaded TargetPlatform 'LinuxNoEditor'
[2021.06.07-07.10.40:751][  0]LogTemp: Display: Module 'LinuxServerTargetPlatform' loaded TargetPlatform 'LinuxServer'
[2021.06.07-07.10.40:764][  0]LogTemp: Display: Module 'LinuxTargetPlatform' loaded TargetPlatform 'Linux'
[2021.06.07-07.10.40:814][  0]LogTemp: Display: Module 'LuminTargetPlatform' loaded TargetPlatform 'Lumin'
[2021.06.07-07.10.40:814][  0]LogTemp: Display: Module 'LuminTargetPlatform' loaded TargetPlatform 'LuminClient'
[2021.06.07-07.10.40:814][  0]LogTargetPlatformManager: Display: Building Assets For Windows
[2021.06.07-07.10.40:823][  0]LogAudioDebug: Display: Lib vorbis DLL was dynamically loaded.
[2021.06.07-07.10.40:890][  0]LogShaderCompilers: Guid format shader working directory is -6 characters bigger than the processId version (../../../../../../Work/Unreal/BattleTank/BattleTank/Intermediate/Shaders/WorkingDirectory/17704/).
[2021.06.07-07.10.40:890][  0]LogShaderCompilers: Cleaned the shader compiler working directory 'C:/Users/andre/AppData/Local/Temp/UnrealShaderWorkingDir/05A31BCB40193BAD5027B5A8B40A99A9/'.
[2021.06.07-07.10.40:892][  0]LogXGEController: Cannot use XGE Controller as Incredibuild is not installed on this machine.
[2021.06.07-07.10.40:892][  0]LogShaderCompilers: Cannot use XGE Shader Compiler as Incredibuild is not installed on this machine.
[2021.06.07-07.10.40:892][  0]LogShaderCompilers: Display: Using Local Shader Compiler.
[2021.06.07-07.10.41:498][  0]LogDerivedDataCache: Display: Max Cache Size: 512 MB
[2021.06.07-07.10.41:552][  0]LogDerivedDataCache: Loaded boot cache 0.05s 71MB C:/Users/andre/AppData/Local/UnrealEngine/4.22/DerivedDataCache/Boot.ddc.
[2021.06.07-07.10.41:552][  0]LogDerivedDataCache: Display: Loaded Boot cache: C:/Users/andre/AppData/Local/UnrealEngine/4.22/DerivedDataCache/Boot.ddc
[2021.06.07-07.10.41:552][  0]LogDerivedDataCache: FDerivedDataBackendGraph:  Pak pak cache file ../../../../../../Work/Unreal/BattleTank/BattleTank/DerivedDataCache/DDC.ddp not found, will not use a pak cache.
[2021.06.07-07.10.41:552][  0]LogDerivedDataCache: Unable to find inner node Pak for hierarchical cache Hierarchy.
[2021.06.07-07.10.41:552][  0]LogDerivedDataCache: FDerivedDataBackendGraph:  CompressedPak pak cache file ../../../../../../Work/Unreal/BattleTank/BattleTank/DerivedDataCache/Compressed.ddp not found, will not use a pak cache.
[2021.06.07-07.10.41:552][  0]LogDerivedDataCache: Unable to find inner node CompressedPak for hierarchical cache Hierarchy.
[2021.06.07-07.10.41:568][  0]LogDerivedDataCache: Display: Pak cache opened for reading ../../../Engine/DerivedDataCache/Compressed.ddp.
[2021.06.07-07.10.41:568][  0]LogDerivedDataCache: FDerivedDataBackendGraph:  EnterprisePak pak cache file ../../../Enterprise/DerivedDataCache/Compressed.ddp not found, will not use a pak cache.
[2021.06.07-07.10.41:568][  0]LogDerivedDataCache: Unable to find inner node EnterprisePak for hierarchical cache Hierarchy.
[2021.06.07-07.10.41:580][  0]LogDerivedDataCache: Using Local data cache path C:/Users/andre/AppData/Local/UnrealEngine/Common/DerivedDataCache: Writable
[2021.06.07-07.10.41:580][  0]LogDerivedDataCache: Shared data cache path not found in *engine.ini, will not use an Shared cache.
[2021.06.07-07.10.41:580][  0]LogDerivedDataCache: Unable to find inner node Shared for hierarchical cache Hierarchy.
[2021.06.07-07.10.41:605][  0]LogMaterial: Verifying Global Shaders for PCD3D_SM5
[2021.06.07-07.10.41:606][  0]LogSlate: Using FreeType 2.6.0
[2021.06.07-07.10.41:607][  0]LogSlate: SlateFontServices - WITH_FREETYPE: 1, WITH_HARFBUZZ: 1
[2021.06.07-07.10.41:698][  0]LogAssetRegistry: FAssetRegistry took 0.0339 seconds to start up
[2021.06.07-07.10.42:025][  0]LogInit: Selected Device Profile: [Windows]
[2021.06.07-07.10.42:155][  0]LogMeshReduction: Using QuadricMeshReduction for automatic static mesh reduction
[2021.06.07-07.10.42:155][  0]LogMeshReduction: Using SimplygonMeshReduction for automatic skeletal mesh reduction
[2021.06.07-07.10.42:155][  0]LogMeshReduction: Using ProxyLODMeshReduction for automatic mesh merging
[2021.06.07-07.10.42:155][  0]LogMeshReduction: No distributed automatic mesh merging module available
[2021.06.07-07.10.42:155][  0]LogMeshMerging: No distributed automatic mesh merging module available
[2021.06.07-07.10.42:172][  0]LogNetVersion: BattleTank 1.0.0, NetCL: 5660361, EngineNetVer: 10, GameNetVer: 0 (Checksum: 704854574)
[2021.06.07-07.10.43:429][  0]LogPackageLocalizationCache: Processed 10 localized package path(s) for 1 prioritized culture(s) in 0.682428 seconds
[2021.06.07-07.10.43:437][  0]LogUObjectArray: 42205 objects as part of root set at end of initial load.
[2021.06.07-07.10.43:437][  0]LogUObjectAllocator: 7325032 out of 0 bytes used by permanent object pool.
[2021.06.07-07.10.43:437][  0]LogUObjectArray: CloseDisregardForGC: 0/0 objects in disregard for GC pool
[2021.06.07-07.10.44:443][  0]LogTcpMessaging: Initializing TcpMessaging bridge
[2021.06.07-07.10.44:458][  0]LogUdpMessaging: Initializing bridge on interface 0.0.0.0:0 to multicast group 230.0.0.1:6666.
[2021.06.07-07.10.44:782][  0]SourceControl: Source control is disabled
[2021.06.07-07.10.44:782][  0]SourceControl: Source control is disabled
[2021.06.07-07.10.44:784][  0]SourceControl: Source control is disabled
[2021.06.07-07.10.44:785][  0]SourceControl: Source control is disabled
[2021.06.07-07.10.44:883][  0]LogAndroidPermission: UAndroidPermissionCallbackProxy::GetInstance
[2021.06.07-07.10.44:991][  0]LogOcInput: OculusInput pre-init called
[2021.06.07-07.10.45:877][  0]LogEngine: Initializing Engine...
[2021.06.07-07.10.45:880][  0]LogHMD: Failed to initialize OpenVR with code 110
[2021.06.07-07.10.45:882][  0]LogStats: UGameplayTagsManager::InitializeManager -  0.000 s
[2021.06.07-07.10.46:125][  0]LogInit: Initializing FReadOnlyCVARCache
[2021.06.07-07.10.46:138][  0]LogAIModule: Creating AISystem for world Untitled
[2021.06.07-07.10.46:167][  0]LogInit: XAudio2 using 'Headphones (Realtek(R) Audio)' : 2 channels at 48 kHz using 32 bits per sample (channel mask 0x3)
[2021.06.07-07.10.46:677][  0]LogInit: FAudioDevice initialized.
[2021.06.07-07.10.46:678][  0]LogNetVersion: Set ProjectVersion to 1.0.0.0. Version Checksum will be recalculated on next use.
[2021.06.07-07.10.46:728][  0]LogDerivedDataCache: Saved boot cache 0.05s 71MB C:/Users/andre/AppData/Local/UnrealEngine/4.22/DerivedDataCache/Boot.ddc.
[2021.06.07-07.10.46:734][  0]LogInit: Texture streaming: Enabled
[2021.06.07-07.10.46:749][  0]LogEngineSessionManager: EngineSessionManager initialized
[2021.06.07-07.10.46:787][  0]LogInit: Transaction tracking system initialized
[2021.06.07-07.10.46:814][  0]BlueprintLog: New page: Editor Load
[2021.06.07-07.10.46:887][  0]LocalizationService: Localization service is disabled
[2021.06.07-07.10.47:800][  0]LogFileCache: Scanning file cache for directory 'F:/Work/Unreal/BattleTank/BattleTank/Content/' took 0.01s
[2021.06.07-07.10.47:800][  0]LogCook: Display: Max memory allowance for cook 16384mb min free memory 0mb
[2021.06.07-07.10.47:800][  0]LogCook: Display: Mobile HDR setting 1
[2021.06.07-07.10.48:002][  0]SourceControl: Source control is disabled
[2021.06.07-07.10.48:002][  0]Cmd: MAP LOAD FILE="../../../../../../Work/Unreal/BattleTank/BattleTank/Content/Levels/BattleGround.umap" TEMPLATE=0 SHOWPROGRESS=1 FEATURELEVEL=3
[2021.06.07-07.10.48:003][  0]LightingResults: New page: Lighting Build
[2021.06.07-07.10.48:005][  0]MapCheck: New page: Map Check
[2021.06.07-07.10.48:005][  0]LightingResults: New page: Lighting Build
[2021.06.07-07.10.48:035][  0]LogUObjectHash: Compacting FUObjectHashTables data took   1.94ms
[2021.06.07-07.10.49:768][  0]LogAIModule: Creating AISystem for world BattleGround
[2021.06.07-07.10.51:285][  0]LogEditorServer: Finished looking for orphan Actors (0.000 secs)
[2021.06.07-07.10.51:505][  0]LogUObjectHash: Compacting FUObjectHashTables data took   2.32ms
[2021.06.07-07.10.51:505][  0]Cmd: MAP CHECKDEP NOCLEARLOG
[2021.06.07-07.10.51:506][  0]MapCheck: Map check complete: 0 Error(s), 0 Warning(s), took 0.104ms to complete.
[2021.06.07-07.10.51:506][  0]LogFileHelpers: Loading map 'BattleGround' took 3.503
[2021.06.07-07.10.52:072][  0]LogCollectionManager: Loaded 0 collections in 0.004165 seconds
[2021.06.07-07.10.52:309][  0]LogFileCache: Scanning file cache for directory 'F:/Work/Unreal/BattleTank/BattleTank/Saved/Collections/' took 0.01s
[2021.06.07-07.10.52:309][  0]LogFileCache: Scanning file cache for directory 'F:/Work/Unreal/BattleTank/BattleTank/Content/Developers/andre/Collections/' took 0.01s
[2021.06.07-07.10.52:309][  0]LogFileCache: Scanning file cache for directory 'F:/Work/Unreal/BattleTank/BattleTank/Content/Collections/' took 0.01s
[2021.06.07-07.10.52:309][  0]LogCollectionManager: Rebuilt the GUID cache for 0 collections in 0.000001 seconds
[2021.06.07-07.10.52:336][  0]LogContentBrowser: Native class hierarchy populated in 0.0250 seconds. Added 2743 classes and 662 folders.
[2021.06.07-07.10.52:438][  0]LogContentBrowser: Native class hierarchy updated for 'WidgetCarousel' in 0.0004 seconds. Added 0 classes and 0 folders.
[2021.06.07-07.10.52:478][  0]LogPakFile: Registered encryption key '00000000000000000000000000000000': 0 pak files mounted, 0 remain pending
[2021.06.07-07.10.52:526][  0]LogPakFile: Registered encryption key '00000000000000000000000000000000': 0 pak files mounted, 0 remain pending
[2021.06.07-07.10.52:530][  0]LogPakFile: Registered encryption key '00000000000000000000000000000000': 0 pak files mounted, 0 remain pending
[2021.06.07-07.10.52:541][  0]LogPakFile: Registered encryption key '00000000000000000000000000000000': 0 pak files mounted, 0 remain pending
[2021.06.07-07.10.52:584][  0]LogPakFile: Registered encryption key '00000000000000000000000000000000': 0 pak files mounted, 0 remain pending
[2021.06.07-07.10.52:603][  0]LogPakFile: Registered encryption key '00000000000000000000000000000000': 0 pak files mounted, 0 remain pending
[2021.06.07-07.10.52:620][  0]LogPakFile: Registered encryption key '00000000000000000000000000000000': 0 pak files mounted, 0 remain pending
[2021.06.07-07.10.52:661][  0]LogPakFile: Registered encryption key '00000000000000000000000000000000': 0 pak files mounted, 0 remain pending
[2021.06.07-07.10.52:678][  0]LogPakFile: Registered encryption key '00000000000000000000000000000000': 0 pak files mounted, 0 remain pending
[2021.06.07-07.10.52:696][  0]LogPakFile: Registered encryption key '00000000000000000000000000000000': 0 pak files mounted, 0 remain pending
[2021.06.07-07.10.52:702][  0]LogPakFile: Registered encryption key '00000000000000000000000000000000': 0 pak files mounted, 0 remain pending
[2021.06.07-07.10.52:705][  0]LogPakFile: Registered encryption key '00000000000000000000000000000000': 0 pak files mounted, 0 remain pending
[2021.06.07-07.10.52:709][  0]LogPakFile: Registered encryption key '00000000000000000000000000000000': 0 pak files mounted, 0 remain pending
[2021.06.07-07.10.52:713][  0]LogPakFile: Registered encryption key '00000000000000000000000000000000': 0 pak files mounted, 0 remain pending
[2021.06.07-07.10.52:726][  0]LogPakFile: Registered encryption key '00000000000000000000000000000000': 0 pak files mounted, 0 remain pending
[2021.06.07-07.10.52:738][  0]LogPakFile: Registered encryption key '00000000000000000000000000000000': 0 pak files mounted, 0 remain pending
[2021.06.07-07.10.52:742][  0]LogPakFile: Registered encryption key '00000000000000000000000000000000': 0 pak files mounted, 0 remain pending
[2021.06.07-07.10.52:745][  0]LogPakFile: Registered encryption key '00000000000000000000000000000000': 0 pak files mounted, 0 remain pending
[2021.06.07-07.10.52:770][  0]LogPakFile: Registered encryption key '00000000000000000000000000000000': 0 pak files mounted, 0 remain pending
[2021.06.07-07.10.52:784][  0]LogPakFile: Registered encryption key '00000000000000000000000000000000': 0 pak files mounted, 0 remain pending
[2021.06.07-07.10.52:805][  0]LogPakFile: Registered encryption key '00000000000000000000000000000000': 0 pak files mounted, 0 remain pending
[2021.06.07-07.10.52:808][  0]LogPakFile: Registered encryption key '00000000000000000000000000000000': 0 pak files mounted, 0 remain pending
[2021.06.07-07.10.52:826][  0]LogPakFile: Registered encryption key '00000000000000000000000000000000': 0 pak files mounted, 0 remain pending
[2021.06.07-07.10.52:858][  0]LogPakFile: Registered encryption key '00000000000000000000000000000000': 0 pak files mounted, 0 remain pending
[2021.06.07-07.10.52:918][  0]LogPakFile: Registered encryption key '00000000000000000000000000000000': 0 pak files mounted, 0 remain pending
[2021.06.07-07.10.52:922][  0]LogPakFile: Registered encryption key '00000000000000000000000000000000': 0 pak files mounted, 0 remain pending
[2021.06.07-07.10.54:041][  0]LogContentBrowser: Native class hierarchy updated for 'AddContentDialog' in 0.0004 seconds. Added 0 classes and 0 folders.
[2021.06.07-07.10.54:076][  0]LogContentBrowser: Native class hierarchy updated for 'SceneOutliner' in 0.0005 seconds. Added 1 classes and 2 folders.
[2021.06.07-07.10.54:380][  0]LogSlate: Updating window title bar state: overlay mode, drag disabled, window buttons hidden, title bar hidden
[2021.06.07-07.10.54:392][  0]LogSlate: Updating window title bar state: overlay mode, drag disabled, window buttons hidden, title bar hidden
[2021.06.07-07.10.54:403][  0]LogSlate: Updating window title bar state: overlay mode, drag disabled, window buttons hidden, title bar hidden
[2021.06.07-07.10.54:415][  0]LogSlate: Updating window title bar state: overlay mode, drag disabled, window buttons hidden, title bar hidden
[2021.06.07-07.10.55:002][  0]LogSlate: Took 0.000570 seconds to synchronously load lazily loaded font '../../../Engine/Content/Slate/Fonts/Roboto-Regular.ttf' (155K)
[2021.06.07-07.10.55:025][  0]LogSlate: Took 0.015754 seconds to synchronously load lazily loaded font '../../../Engine/Content/Editor/Slate/Fonts/FontAwesome.ttf' (139K)
[2021.06.07-07.10.55:044][  0]LogSlate: Took 0.000516 seconds to synchronously load lazily loaded font '../../../Engine/Content/Slate/Fonts/Roboto-Bold.ttf' (160K)
[2021.06.07-07.10.55:111][  0]LogSlate: Took 0.032168 seconds to synchronously load lazily loaded font '../../../Engine/Content/Slate/Fonts/DroidSansMono.ttf' (77K)
[2021.06.07-07.10.55:377][  0]LogRenderer: Reallocating scene render targets to support 1180x644 Format 9 NumSamples 1 (Frame:1).
[2021.06.07-07.10.55:953][  0]LogContentBrowser: Native class hierarchy updated for 'HierarchicalLODOutliner' in 0.0007 seconds. Added 0 classes and 0 folders.
[2021.06.07-07.10.55:954][  0]LogLoad: (Engine Initialization) Total time: 21.42 seconds
[2021.06.07-07.10.55:954][  0]LogLoad: (Engine Initialization) Total Blueprint compile time: 0.00 seconds
[2021.06.07-07.10.56:029][  0]LogAssetRegistry: Asset discovery search completed in 14.3548 seconds
[2021.06.07-07.10.56:034][  0]LogCollectionManager: Rebuilt the object cache for 0 collections in 0.000001 seconds (found 0 objects)
[2021.06.07-07.10.56:034][  0]LogCollectionManager: Fixed up redirectors for 0 collections in 0.000400 seconds (updated 0 objects)
[2021.06.07-07.10.56:053][  0]LogContentStreaming: Texture pool size now 600 MB
[2021.06.07-07.10.57:344][  4]LogSlate: Took 0.016035 seconds to synchronously load lazily loaded font '../../../Engine/Content/Slate/Fonts/Roboto-Light.ttf' (167K)
[2021.06.07-07.10.59:574][ 11]LogSlate: FSceneViewport::OnFocusLost() reason 0
[2021.06.07-07.11.02:873][199]LogSlate: FSceneViewport::OnFocusLost() reason 0
[2021.06.07-07.11.02:939][203]LogTemp: Repeating last play command: Selected Viewport
[2021.06.07-07.11.02:950][203]LogBlueprintUserMessages: Early PlayInEditor Detection: Level '/Game/Levels/BattleGround.BattleGround:PersistentLevel' has LevelScriptBlueprint '/Game/Levels/BattleGround.BattleGround:PersistentLevel.BattleGround' with GeneratedClass '/Game/Levels/BattleGround.BattleGround_C' with ClassGeneratedBy '/Game/Levels/BattleGround.BattleGround:PersistentLevel.BattleGround'
[2021.06.07-07.11.02:967][203]LogPlayLevel: PlayLevel: No blueprints needed recompiling
[2021.06.07-07.11.02:984][203]PIE: New page: PIE session: BattleGround (Jun 7, 2021, 1:11:02 PM)
[2021.06.07-07.11.03:039][203]LogPlayLevel: Creating play world package: /Game/Levels/UEDPIE_0_BattleGround
[2021.06.07-07.11.03:364][203]LogPlayLevel: PIE: StaticDuplicateObject took: (0.323434s)
[2021.06.07-07.11.03:364][203]LogAIModule: Creating AISystem for world BattleGround
[2021.06.07-07.11.03:365][203]LogPlayLevel: PIE: World Init took: (0.000753s)
[2021.06.07-07.11.03:365][203]LogPlayLevel: PIE: Created PIE world by copying editor world from /Game/Levels/BattleGround.BattleGround to /Game/Levels/UEDPIE_0_BattleGround.BattleGround (0.325247s)
[2021.06.07-07.11.03:388][203]LogUObjectHash: Compacting FUObjectHashTables data took   1.11ms
[2021.06.07-07.11.03:456][203]LogInit: XAudio2 using 'Headphones (Realtek(R) Audio)' : 2 channels at 48 kHz using 32 bits per sample (channel mask 0x3)
[2021.06.07-07.11.03:473][203]LogInit: FAudioDevice initialized.
[2021.06.07-07.11.03:529][203]LogLoad: Game class is 'BattleTankGameMode_BP_C'
[2021.06.07-07.11.03:534][203]LogWorld: Bringing World /Game/Levels/UEDPIE_0_BattleGround.BattleGround up for play (max tick rate 60) at 2021.06.07-10.11.03
[2021.06.07-07.11.03:576][203]LogWorld: Bringing up level for play took: 0.045146
[2021.06.07-07.11.03:683][203]LogContentBrowser: Native class hierarchy updated for 'MovieSceneCapture' in 0.0005 seconds. Added 20 classes and 0 folders.
[2021.06.07-07.11.03:800][203]PIE: Play in editor start time for /Game/Levels/UEDPIE_0_BattleGround 1.351
[2021.06.07-07.11.03:800][203]LogBlueprintUserMessages: Late PlayInEditor Detection: Level '/Game/Levels/BattleGround.BattleGround:PersistentLevel' has LevelScriptBlueprint '/Game/Levels/BattleGround.BattleGround:PersistentLevel.BattleGround' with GeneratedClass '/Game/Levels/BattleGround.BattleGround_C' with ClassGeneratedBy '/Game/Levels/BattleGround.BattleGround:PersistentLevel.BattleGround'
[2021.06.07-07.11.08:917][497]LogBlueprintUserMessages: Early EndPlayMap Detection: Level '/Game/Levels/BattleGround.BattleGround:PersistentLevel' has LevelScriptBlueprint '/Game/Levels/BattleGround.BattleGround:PersistentLevel.BattleGround' with GeneratedClass '/Game/Levels/BattleGround.BattleGround_C' with ClassGeneratedBy '/Game/Levels/BattleGround.BattleGround:PersistentLevel.BattleGround'
[2021.06.07-07.11.08:918][497]LogSlate: Updating window title bar state: overlay mode, drag disabled, window buttons hidden, title bar hidden
[2021.06.07-07.11.08:953][497]LogPlayLevel: Display: Shutting down PIE online subsystems
[2021.06.07-07.11.08:953][497]LogBlueprintUserMessages: Late EndPlayMap Detection: Level '/Game/Levels/BattleGround.BattleGround:PersistentLevel' has LevelScriptBlueprint '/Game/Levels/BattleGround.BattleGround:PersistentLevel.BattleGround' with GeneratedClass '/Game/Levels/BattleGround.BattleGround_C' with ClassGeneratedBy '/Game/Levels/BattleGround.BattleGround:PersistentLevel.BattleGround'
[2021.06.07-07.11.08:982][497]LogSlate: Updating window title bar state: overlay mode, drag disabled, window buttons hidden, title bar hidden
[2021.06.07-07.11.08:987][497]LogUObjectHash: Compacting FUObjectHashTables data took   1.77ms
[2021.06.07-07.11.09:023][499]LogPlayLevel: Display: Destroying online subsystem :Context_5
[2021.06.07-07.11.10:110][564]LogSlate: FSceneViewport::OnFocusLost() reason 0
[2021.06.07-07.11.10:177][568]LogTemp: Repeating last play command: Selected Viewport
[2021.06.07-07.11.10:189][568]LogBlueprintUserMessages: Early PlayInEditor Detection: Level '/Game/Levels/BattleGround.BattleGround:PersistentLevel' has LevelScriptBlueprint '/Game/Levels/BattleGround.BattleGround:PersistentLevel.BattleGround' with GeneratedClass '/Game/Levels/BattleGround.BattleGround_C' with ClassGeneratedBy '/Game/Levels/BattleGround.BattleGround:PersistentLevel.BattleGround'
[2021.06.07-07.11.10:189][568]LogPlayLevel: PlayLevel: No blueprints needed recompiling
[2021.06.07-07.11.10:189][568]PIE: New page: PIE session: BattleGround (Jun 7, 2021, 1:11:10 PM)
[2021.06.07-07.11.10:190][568]LogPlayLevel: Creating play world package: /Game/Levels/UEDPIE_0_BattleGround
[2021.06.07-07.11.10:305][568]LogPlayLevel: PIE: StaticDuplicateObject took: (0.114155s)
[2021.06.07-07.11.10:305][568]LogAIModule: Creating AISystem for world BattleGround
[2021.06.07-07.11.10:306][568]LogPlayLevel: PIE: World Init took: (0.000862s)
[2021.06.07-07.11.10:306][568]LogPlayLevel: PIE: Created PIE world by copying editor world from /Game/Levels/BattleGround.BattleGround to /Game/Levels/UEDPIE_0_BattleGround.BattleGround (0.115800s)
[2021.06.07-07.11.10:330][568]LogUObjectHash: Compacting FUObjectHashTables data took   1.11ms
[2021.06.07-07.11.10:344][568]LogInit: XAudio2 using 'Headphones (Realtek(R) Audio)' : 2 channels at 48 kHz using 32 bits per sample (channel mask 0x3)
[2021.06.07-07.11.10:360][568]LogInit: FAudioDevice initialized.
[2021.06.07-07.11.10:407][568]LogLoad: Game class is 'BattleTankGameMode_BP_C'
[2021.06.07-07.11.10:411][568]LogWorld: Bringing World /Game/Levels/UEDPIE_0_BattleGround.BattleGround up for play (max tick rate 60) at 2021.06.07-10.11.10
[2021.06.07-07.11.10:411][568]LogWorld: Bringing up level for play took: 0.003771
[2021.06.07-07.11.10:425][568]PIE: Play in editor start time for /Game/Levels/UEDPIE_0_BattleGround -0.025
[2021.06.07-07.11.10:425][568]LogBlueprintUserMessages: Late PlayInEditor Detection: Level '/Game/Levels/BattleGround.BattleGround:PersistentLevel' has LevelScriptBlueprint '/Game/Levels/BattleGround.BattleGround:PersistentLevel.BattleGround' with GeneratedClass '/Game/Levels/BattleGround.BattleGround_C' with ClassGeneratedBy '/Game/Levels/BattleGround.BattleGround:PersistentLevel.BattleGround'
[2021.06.07-07.11.37:156][171]LogBlueprintUserMessages: Early EndPlayMap Detection: Level '/Game/Levels/BattleGround.BattleGround:PersistentLevel' has LevelScriptBlueprint '/Game/Levels/BattleGround.BattleGround:PersistentLevel.BattleGround' with GeneratedClass '/Game/Levels/BattleGround.BattleGround_C' with ClassGeneratedBy '/Game/Levels/BattleGround.BattleGround:PersistentLevel.BattleGround'
[2021.06.07-07.11.37:157][171]LogSlate: Updating window title bar state: overlay mode, drag disabled, window buttons hidden, title bar hidden
[2021.06.07-07.11.37:191][171]LogPlayLevel: Display: Shutting down PIE online subsystems
[2021.06.07-07.11.37:191][171]LogBlueprintUserMessages: Late EndPlayMap Detection: Level '/Game/Levels/BattleGround.BattleGround:PersistentLevel' has LevelScriptBlueprint '/Game/Levels/BattleGround.BattleGround:PersistentLevel.BattleGround' with GeneratedClass '/Game/Levels/BattleGround.BattleGround_C' with ClassGeneratedBy '/Game/Levels/BattleGround.BattleGround:PersistentLevel.BattleGround'
[2021.06.07-07.11.37:233][171]LogSlate: Updating window title bar state: overlay mode, drag disabled, window buttons hidden, title bar hidden
[2021.06.07-07.11.37:239][171]LogUObjectHash: Compacting FUObjectHashTables data took   1.72ms
[2021.06.07-07.11.37:255][172]LogPlayLevel: Display: Destroying online subsystem :Context_6
[2021.06.07-07.11.41:201][406]LogSlate: FSceneViewport::OnFocusLost() reason 2
[2021.06.07-07.14.26:410][ 62]LogSlate: FSceneViewport::OnFocusLost() reason 0
[2021.06.07-07.14.26:740][ 66]Candidate modules for hot reload:
[2021.06.07-07.14.26:740][ 66]  BattleTank
[2021.06.07-07.14.26:740][ 66]Launching UnrealBuildTool... [F:/program files al bun/unrealEngine/UE_4.22/Engine/Binaries/DotNET/UnrealBuildTool.exe  -ModuleWithSuffix=BattleTank,8479 Win64 Development -TargetType=Editor -Project="F:/Work/Unreal/BattleTank/BattleTank/BattleTank.uproject" "F:/Work/Unreal/BattleTank/BattleTank/BattleTank.uproject"  -IgnoreJunk]
[2021.06.07-07.14.26:749][ 66]Warning: Starting HotReload took  0.3s.
[2021.06.07-07.18.06:856][195]CompilerResultsLog: New page: Compilation - Jun 7, 2021, 1:18:06 PM
[2021.06.07-07.18.06:857][195]CompilerResultsLog: Using 'git status' to determine working set for adaptive non-unity build (F:\Work\Unreal\BattleTank).
[2021.06.07-07.18.06:857][195]CompilerResultsLog: Creating makefile for BattleTankEditor (ini files are newer than makefile)
[2021.06.07-07.18.06:857][195]CompilerResultsLog: Parsing headers for BattleTankEditor
[2021.06.07-07.18.06:858][195]CompilerResultsLog:   Running UnrealHeaderTool "F:\Work\Unreal\BattleTank\BattleTank\BattleTank.uproject" "F:\Work\Unreal\BattleTank\BattleTank\Intermediate\Build\Win64\BattleTankEditor\Development\BattleTankEditor.uhtmanifest" -LogCmds="loginit warning, logexit warning, logdatabase error" -Unattended -WarningsAsErrors -installed
[2021.06.07-07.18.06:859][195]CompilerResultsLog: Reflection code generated for BattleTankEditor in 23.5752964 seconds
[2021.06.07-07.18.06:859][195]CompilerResultsLog: Error: F:\Work\Unreal\BattleTank\BattleTank\Source\BattleTank\Private\TankBarrel.cpp(1) : error: Expected TankBarrel.h to be first header included.
[2021.06.07-07.18.06:860][195]CompilerResultsLog: Error: F:\Work\Unreal\BattleTank\BattleTank\Source\BattleTank\Private\TankTurret.cpp(1) : error: Expected TankTurret.h to be first header included.
[2021.06.07-07.18.06:861][195]CompilerResultsLog: Using Visual Studio 2019 14.28.29910 toolchain (E:\Pogram files\Visual Studio Community\Community\VC\Tools\MSVC\14.28.29910) and Windows 10.0.19041.0 SDK (E:\Windows Kits\10).
[2021.06.07-07.18.06:861][195]CompilerResultsLog: Building 8 actions with 8 processes...
[2021.06.07-07.18.06:862][195]CompilerResultsLog:   [1/8] TankAimingComponent.gen.cpp
[2021.06.07-07.18.06:862][195]CompilerResultsLog:    F:\Work\Unreal\BattleTank\BattleTank\Source\BattleTank/Public/TankAimingComponent.h(53) : error C2086: 'EFiringState UTankAimingComponent::FiringState': redefinition
[2021.06.07-07.18.06:863][195]CompilerResultsLog:   F:\Work\Unreal\BattleTank\BattleTank\Source\BattleTank/Public/TankAimingComponent.h(46): note: see declaration of 'UTankAimingComponent::FiringState'
[2021.06.07-07.18.06:863][195]CompilerResultsLog:   [2/8] TankAimingComponent.cpp
[2021.06.07-07.18.06:864][195]CompilerResultsLog:    F:\Work\Unreal\BattleTank\BattleTank\Source\BattleTank\Public\TankAimingComponent.h(53) : error C2086: 'EFiringState UTankAimingComponent::FiringState': redefinition
[2021.06.07-07.18.06:864][195]CompilerResultsLog:   F:\Work\Unreal\BattleTank\BattleTank\Source\BattleTank\Public\TankAimingComponent.h(46): note: see declaration of 'UTankAimingComponent::FiringState'
[2021.06.07-07.18.06:864][195]CompilerResultsLog:   F:\Work\Unreal\BattleTank\BattleTank\Source\BattleTank\Private\TankAimingComponent.cpp(14): warning C4996: 'UActorComponent::bWantsBeginPlay': bWantsBeginPlay was inconsistently enforced and is now unused. BeginPlay will now always be called for Actor Components. Please update your code to the new API before upgrading to the next release, otherwise your project will no longer compile.
[2021.06.07-07.18.06:865][195]CompilerResultsLog:   [3/8] TankPlayerController.cpp
[2021.06.07-07.18.06:865][195]CompilerResultsLog:    F:\Work\Unreal\BattleTank\BattleTank\Source\BattleTank\Public\TankAimingComponent.h(53) : error C2086: 'EFiringState UTankAimingComponent::FiringState': redefinition
[2021.06.07-07.18.06:866][195]CompilerResultsLog:   F:\Work\Unreal\BattleTank\BattleTank\Source\BattleTank\Public\TankAimingComponent.h(46): note: see declaration of 'UTankAimingComponent::FiringState'
[2021.06.07-07.18.06:866][195]CompilerResultsLog:   [4/8] TankAIController.cpp
[2021.06.07-07.18.06:866][195]CompilerResultsLog:    F:\Work\Unreal\BattleTank\BattleTank\Source\BattleTank\Public\TankAimingComponent.h(53) : error C2086: 'EFiringState UTankAimingComponent::FiringState': redefinition
[2021.06.07-07.18.06:866][195]CompilerResultsLog:   F:\Work\Unreal\BattleTank\BattleTank\Source\BattleTank\Public\TankAimingComponent.h(46): note: see declaration of 'UTankAimingComponent::FiringState'
[2021.06.07-07.18.06:867][195]CompilerResultsLog:   [5/8] BattleTank.init.gen.cpp
[2021.06.07-07.18.06:867][195]LogMainFrame: MainFrame: Module compiling took 220.148 seconds
[2021.06.07-07.18.06:867][195]Warning: HotReload failed, recompile failed
[2021.06.07-07.18.09:617][246]LogSlate: FSceneViewport::OnFocusLost() reason 0
[2021.06.07-07.19.07:357][946]LogSlate: Window 'Message Log' being destroyed
[2021.06.07-07.19.07:364][946]LogSlate: Window 'Message Log' being destroyed
[2021.06.07-07.21.15:658][443]LogSlate: FSceneViewport::OnFocusLost() reason 0
[2021.06.07-07.21.15:737][447]Candidate modules for hot reload:
[2021.06.07-07.21.15:737][447]  BattleTank
[2021.06.07-07.21.15:737][447]Launching UnrealBuildTool... [F:/program files al bun/unrealEngine/UE_4.22/Engine/Binaries/DotNET/UnrealBuildTool.exe  -ModuleWithSuffix=BattleTank,4567 Win64 Development -TargetType=Editor -Project="F:/Work/Unreal/BattleTank/BattleTank/BattleTank.uproject" "F:/Work/Unreal/BattleTank/BattleTank/BattleTank.uproject"  -IgnoreJunk]
[2021.06.07-07.21.15:746][447]Warning: Starting HotReload took  0.0s.
[2021.06.07-07.21.32:065][543]CompilerResultsLog: New page: Compilation - Jun 7, 2021, 1:21:32 PM
[2021.06.07-07.21.32:065][543]CompilerResultsLog: Using 'git status' to determine working set for adaptive non-unity build (F:\Work\Unreal\BattleTank).
[2021.06.07-07.21.32:065][543]CompilerResultsLog: Parsing headers for BattleTankEditor
[2021.06.07-07.21.32:065][543]CompilerResultsLog:   Running UnrealHeaderTool "F:\Work\Unreal\BattleTank\BattleTank\BattleTank.uproject" "F:\Work\Unreal\BattleTank\BattleTank\Intermediate\Build\Win64\BattleTankEditor\Development\BattleTankEditor.uhtmanifest" -LogCmds="loginit warning, logexit warning, logdatabase error" -Unattended -WarningsAsErrors -installed
[2021.06.07-07.21.32:066][543]CompilerResultsLog: Reflection code generated for BattleTankEditor in 7.0715755 seconds
[2021.06.07-07.21.32:066][543]CompilerResultsLog: Using Visual Studio 2019 14.28.29910 toolchain (E:\Pogram files\Visual Studio Community\Community\VC\Tools\MSVC\14.28.29910) and Windows 10.0.19041.0 SDK (E:\Windows Kits\10).
[2021.06.07-07.21.32:066][543]CompilerResultsLog: Building 8 actions with 8 processes...
[2021.06.07-07.21.32:066][543]CompilerResultsLog:   [1/8] BattleTank.init.gen.cpp
[2021.06.07-07.21.32:066][543]CompilerResultsLog:   [2/8] TankPlayerController.cpp
[2021.06.07-07.21.32:066][543]CompilerResultsLog:   [3/8] TankAimingComponent.gen.cpp
[2021.06.07-07.21.32:066][543]CompilerResultsLog:   [4/8] TankAimingComponent.cpp
[2021.06.07-07.21.32:067][543]CompilerResultsLog:   F:\Work\Unreal\BattleTank\BattleTank\Source\BattleTank\Private\TankAimingComponent.cpp(14): warning C4996: 'UActorComponent::bWantsBeginPlay': bWantsBeginPlay was inconsistently enforced and is now unused. BeginPlay will now always be called for Actor Components. Please update your code to the new API before upgrading to the next release, otherwise your project will no longer compile.
[2021.06.07-07.21.32:067][543]CompilerResultsLog:   [5/8] TankAIController.cpp
[2021.06.07-07.21.32:067][543]CompilerResultsLog:   [6/8] UE4Editor-BattleTank-4567.lib
[2021.06.07-07.21.32:067][543]CompilerResultsLog:      Creating library F:\Work\Unreal\BattleTank\BattleTank\Intermediate\Build\Win64\UE4Editor\Development\BattleTank\UE4Editor-BattleTank-4567.lib and object F:\Work\Unreal\BattleTank\BattleTank\Intermediate\Build\Win64\UE4Editor\Development\BattleTank\UE4Editor-BattleTank-4567.exp
[2021.06.07-07.21.32:068][543]CompilerResultsLog:   [7/8] UE4Editor-BattleTank-4567.dll
[2021.06.07-07.21.32:068][543]CompilerResultsLog:      Creating library F:\Work\Unreal\BattleTank\BattleTank\Intermediate\Build\Win64\UE4Editor\Development\BattleTank\UE4Editor-BattleTank-4567.suppressed.lib and object F:\Work\Unreal\BattleTank\BattleTank\Intermediate\Build\Win64\UE4Editor\Development\BattleTank\UE4Editor-BattleTank-4567.suppressed.exp
[2021.06.07-07.21.32:068][543]CompilerResultsLog:   [8/8] BattleTankEditor.target
[2021.06.07-07.21.32:068][543]CompilerResultsLog: Total time in Parallel executor: 7.11 seconds
[2021.06.07-07.21.32:069][543]CompilerResultsLog: Total execution time: 15.90 seconds
[2021.06.07-07.21.32:069][543]LogMainFrame: MainFrame: Module compiling took 16.335 seconds
[2021.06.07-07.21.32:095][543]LogUObjectHash: Compacting FUObjectHashTables data took   0.84ms
[2021.06.07-07.21.32:121][543]LogClass: EFiringState HotReload.
[2021.06.07-07.21.32:126][543]LogHotReload: Re-instancing TankAimingComponent after hot-reload.
[2021.06.07-07.21.32:351][543]LogContentBrowser: Native class hierarchy updated for 'BattleTank' in 0.0005 seconds. Added 11 classes and 3 folders.
[2021.06.07-07.21.32:354][543]Display: HotReload successful (6 functions remapped  0 scriptstructs remapped)
[2021.06.07-07.21.32:486][543]LogUObjectHash: Compacting FUObjectHashTables data took   1.90ms
[2021.06.07-07.21.32:501][543]LogContentBrowser: Native class hierarchy populated in 0.0095 seconds. Added 2744 classes and 664 folders.
[2021.06.07-07.21.32:501][543]Display: HotReload took 16.8s.
[2021.06.07-07.21.36:056][585]LogSlate: FSceneViewport::OnFocusLost() reason 0
[2021.06.07-07.21.36:139][590]LogTemp: Repeating last play command: Selected Viewport
[2021.06.07-07.21.36:155][590]LogBlueprintUserMessages: Early PlayInEditor Detection: Level '/Game/Levels/BattleGround.BattleGround:PersistentLevel' has LevelScriptBlueprint '/Game/Levels/BattleGround.BattleGround:PersistentLevel.BattleGround' with GeneratedClass '/Game/Levels/BattleGround.BattleGround_C' with ClassGeneratedBy '/Game/Levels/BattleGround.BattleGround:PersistentLevel.BattleGround'
[2021.06.07-07.21.36:155][590]LogPlayLevel: PlayLevel: No blueprints needed recompiling
[2021.06.07-07.21.36:155][590]PIE: New page: PIE session: BattleGround (Jun 7, 2021, 1:21:36 PM)
[2021.06.07-07.21.36:156][590]LogPlayLevel: Creating play world package: /Game/Levels/UEDPIE_0_BattleGround
[2021.06.07-07.21.36:288][590]LogPlayLevel: PIE: StaticDuplicateObject took: (0.131796s)
[2021.06.07-07.21.36:289][590]LogAIModule: Creating AISystem for world BattleGround
[2021.06.07-07.21.36:289][590]LogPlayLevel: PIE: World Init took: (0.001143s)
[2021.06.07-07.21.36:290][590]LogPlayLevel: PIE: Created PIE world by copying editor world from /Game/Levels/BattleGround.BattleGround to /Game/Levels/UEDPIE_0_BattleGround.BattleGround (0.133509s)
[2021.06.07-07.21.36:317][590]LogUObjectHash: Compacting FUObjectHashTables data took   1.26ms
[2021.06.07-07.21.36:334][590]LogInit: XAudio2 using 'Headphones (Realtek(R) Audio)' : 2 channels at 48 kHz using 32 bits per sample (channel mask 0x3)
[2021.06.07-07.21.36:354][590]LogInit: FAudioDevice initialized.
[2021.06.07-07.21.36:385][590]LogLoad: Game class is 'BattleTankGameMode_BP_C'
[2021.06.07-07.21.36:391][590]LogWorld: Bringing World /Game/Levels/UEDPIE_0_BattleGround.BattleGround up for play (max tick rate 60) at 2021.06.07-10.21.36
[2021.06.07-07.21.36:391][590]LogWorld: Bringing up level for play took: 0.005255
[2021.06.07-07.21.36:406][590]LogScript: Warning: Accessed None trying to read property TankAiming
	Tank_BP_C /Game/Levels/UEDPIE_0_BattleGround.BattleGround:PersistentLevel.Tank_BP2_2
	Function /Game/Tank/Tank_BP.Tank_BP_C:ExecuteUbergraph_Tank_BP:02F6
[2021.06.07-07.21.36:406][590]PIE: Error: Blueprint Runtime Error: "Accessed None trying to read property TankAiming". Blueprint:  Tank_BP Function:  Execute Ubergraph Tank BP Graph:  EventGraph Node:  Initialise
[2021.06.07-07.21.36:406][590]LogScript: Warning: Accessed None trying to read property TankAiming
	Tank_BP_C /Game/Levels/UEDPIE_0_BattleGround.BattleGround:PersistentLevel.Tank_BP_11
	Function /Game/Tank/Tank_BP.Tank_BP_C:ExecuteUbergraph_Tank_BP:02F6
[2021.06.07-07.21.36:407][590]PIE: Error: Blueprint Runtime Error: "Accessed None trying to read property TankAiming". Blueprint:  Tank_BP Function:  Execute Ubergraph Tank BP Graph:  EventGraph Node:  Initialise
[2021.06.07-07.21.36:407][590]LogOutputDevice: Warning: 

Script Stack (0 frames):

[2021.06.07-07.21.38:271][590]LogStats: FPlatformStackWalk::StackWalkAndDump -  1.864 s
[2021.06.07-07.21.38:272][590]LogOutputDevice: Error: === Handled ensure: ===
[2021.06.07-07.21.38:272][590]LogOutputDevice: Error: 
[2021.06.07-07.21.38:272][590]LogOutputDevice: Error: Ensure condition failed: AimingComponent [File:F:\Work\Unreal\BattleTank\BattleTank\Source\BattleTank\Private\TankPlayerController.cpp] [Line: 12]
[2021.06.07-07.21.38:272][590]LogOutputDevice: Error: 
[2021.06.07-07.21.38:272][590]LogOutputDevice: Error: Stack: 
[2021.06.07-07.21.38:272][590]LogOutputDevice: Error: [Callstack] 0x00007ffa4e24e4e8 UE4Editor-BattleTank-4567.dll!<lambda_e485e414ea946e1655a4437dd794ba23>::operator()() [F:\Work\Unreal\BattleTank\BattleTank\Source\BattleTank\Private\TankPlayerController.cpp:12]
[2021.06.07-07.21.38:272][590]LogOutputDevice: Error: [Callstack] 0x00007ffa4e245832 UE4Editor-BattleTank-4567.dll!ATankPlayerController::BeginPlay() [F:\Work\Unreal\BattleTank\BattleTank\Source\BattleTank\Private\TankPlayerController.cpp:12]
[2021.06.07-07.21.38:273][590]LogOutputDevice: Error: [Callstack] 0x00007ff9d4561af6 UE4Editor-Engine.dll!UnknownFunction []
[2021.06.07-07.21.38:273][590]LogOutputDevice: Error: [Callstack] 0x00007ff9d567cb99 UE4Editor-Engine.dll!UnknownFunction []
[2021.06.07-07.21.38:273][590]LogOutputDevice: Error: [Callstack] 0x00007ff9d4be2911 UE4Editor-Engine.dll!UnknownFunction []
[2021.06.07-07.21.38:273][590]LogOutputDevice: Error: [Callstack] 0x00007ff9d563754e UE4Editor-Engine.dll!UnknownFunction []
[2021.06.07-07.21.38:273][590]LogOutputDevice: Error: [Callstack] 0x00007ff9d4ba99af UE4Editor-Engine.dll!UnknownFunction []
[2021.06.07-07.21.38:274][590]LogOutputDevice: Error: [Callstack] 0x00007ff9d32abe44 UE4Editor-UnrealEd.dll!UnknownFunction []
[2021.06.07-07.21.38:274][590]LogOutputDevice: Error: [Callstack] 0x00007ff9d32cb044 UE4Editor-UnrealEd.dll!UnknownFunction []
[2021.06.07-07.21.38:274][590]LogOutputDevice: Error: [Callstack] 0x00007ff9d32e319f UE4Editor-UnrealEd.dll!UnknownFunction []
[2021.06.07-07.21.38:274][590]LogOutputDevice: Error: [Callstack] 0x00007ff9d2dbfc4a UE4Editor-UnrealEd.dll!UnknownFunction []
[2021.06.07-07.21.38:274][590]LogOutputDevice: Error: [Callstack] 0x00007ff9d35dd396 UE4Editor-UnrealEd.dll!UnknownFunction []
[2021.06.07-07.21.38:275][590]LogOutputDevice: Error: [Callstack] 0x00007ff614d16bb1 UE4Editor.exe!UnknownFunction []
[2021.06.07-07.21.38:275][590]LogOutputDevice: Error: [Callstack] 0x00007ff614d2554c UE4Editor.exe!UnknownFunction []
[2021.06.07-07.21.38:275][590]LogOutputDevice: Error: [Callstack] 0x00007ff614d255ca UE4Editor.exe!UnknownFunction []
[2021.06.07-07.21.38:275][590]LogOutputDevice: Error: [Callstack] 0x00007ff614d3316c UE4Editor.exe!UnknownFunction []
[2021.06.07-07.21.38:275][590]LogOutputDevice: Error: [Callstack] 0x00007ff614d35b8e UE4Editor.exe!UnknownFunction []
[2021.06.07-07.21.38:275][590]LogOutputDevice: Error: [Callstack] 0x00007ffa50b67034 KERNEL32.DLL!UnknownFunction []
[2021.06.07-07.21.38:275][590]LogOutputDevice: Error: [Callstack] 0x00007ffa52322651 ntdll.dll!UnknownFunction []
[2021.06.07-07.21.38:276][590]LogOutputDevice: Error: 
[2021.06.07-07.21.38:367][590]LogStats:                SubmitErrorReport -  0.000 s
[2021.06.07-07.21.46:327][590]LogStats:                    SendNewReport -  7.959 s
[2021.06.07-07.21.46:327][590]LogStats:             FDebug::EnsureFailed -  9.920 s
[2021.06.07-07.21.46:327][590]LogScript: Warning: Accessed None trying to read property TankAiming
	Tank_BP_C /Game/Levels/UEDPIE_0_BattleGround.BattleGround:PersistentLevel.Tank_BP_C_0
	Function /Game/Tank/Tank_BP.Tank_BP_C:ExecuteUbergraph_Tank_BP:02F6
[2021.06.07-07.21.46:327][590]PIE: Error: Blueprint Runtime Error: "Accessed None trying to read property TankAiming". Blueprint:  Tank_BP Function:  Execute Ubergraph Tank BP Graph:  EventGraph Node:  Initialise
[2021.06.07-07.21.46:328][590]PIE: Play in editor start time for /Game/Levels/UEDPIE_0_BattleGround 9.878
[2021.06.07-07.21.46:328][590]LogBlueprintUserMessages: Late PlayInEditor Detection: Level '/Game/Levels/BattleGround.BattleGround:PersistentLevel' has LevelScriptBlueprint '/Game/Levels/BattleGround.BattleGround:PersistentLevel.BattleGround' with GeneratedClass '/Game/Levels/BattleGround.BattleGround_C' with ClassGeneratedBy '/Game/Levels/BattleGround.BattleGround:PersistentLevel.BattleGround'
[2021.06.07-07.21.46:329][590]LogOutputDevice: Warning: 

Script Stack (0 frames):

[2021.06.07-07.21.47:140][590]LogStats: FPlatformStackWalk::StackWalkAndDump -  0.812 s
[2021.06.07-07.21.47:141][590]LogOutputDevice: Error: === Handled ensure: ===
[2021.06.07-07.21.47:142][590]LogOutputDevice: Error: 
[2021.06.07-07.21.47:142][590]LogOutputDevice: Error: Ensure condition failed: AimingComponent [File:F:\Work\Unreal\BattleTank\BattleTank\Source\BattleTank\Private\TankPlayerController.cpp] [Line: 19]
[2021.06.07-07.21.47:143][590]LogOutputDevice: Error: 
[2021.06.07-07.21.47:143][590]LogOutputDevice: Error: Stack: 
[2021.06.07-07.21.47:143][590]LogOutputDevice: Error: [Callstack] 0x00007ffa4e24e478 UE4Editor-BattleTank-4567.dll!<lambda_a0e90d0ff5a85923dce3161d01f25dcd>::operator()() [F:\Work\Unreal\BattleTank\BattleTank\Source\BattleTank\Private\TankPlayerController.cpp:19]
[2021.06.07-07.21.47:144][590]LogOutputDevice: Error: [Callstack] 0x00007ffa4e245718 UE4Editor-BattleTank-4567.dll!ATankPlayerController::AimTowardsCrosshair() [F:\Work\Unreal\BattleTank\BattleTank\Source\BattleTank\Private\TankPlayerController.cpp:19]
[2021.06.07-07.21.47:145][590]LogOutputDevice: Error: [Callstack] 0x00007ff9d51829b6 UE4Editor-Engine.dll!UnknownFunction []
[2021.06.07-07.21.47:146][590]LogOutputDevice: Error: [Callstack] 0x00007ff9d456aeed UE4Editor-Engine.dll!UnknownFunction []
[2021.06.07-07.21.47:146][590]LogOutputDevice: Error: [Callstack] 0x00007ff9d55272bc UE4Editor-Engine.dll!UnknownFunction []
[2021.06.07-07.21.47:147][590]LogOutputDevice: Error: [Callstack] 0x00007ff9d73922d8 UE4Editor-Core.dll!UnknownFunction []
[2021.06.07-07.21.47:147][590]LogOutputDevice: Error: [Callstack] 0x00007ff9d7392563 UE4Editor-Core.dll!UnknownFunction []
[2021.06.07-07.21.47:148][590]LogOutputDevice: Error: [Callstack] 0x00007ff9d73a2309 UE4Editor-Core.dll!UnknownFunction []
[2021.06.07-07.21.47:149][590]LogOutputDevice: Error: [Callstack] 0x00007ff9d556f9e3 UE4Editor-Engine.dll!UnknownFunction []
[2021.06.07-07.21.47:149][590]LogOutputDevice: Error: [Callstack] 0x00007ff9d557bd12 UE4Editor-Engine.dll!UnknownFunction []
[2021.06.07-07.21.47:150][590]LogOutputDevice: Error: [Callstack] 0x00007ff9d4d9dc4f UE4Editor-Engine.dll!UnknownFunction []
[2021.06.07-07.21.47:150][590]LogOutputDevice: Error: [Callstack] 0x00007ff9d4da7e28 UE4Editor-Engine.dll!UnknownFunction []
[2021.06.07-07.21.47:151][590]LogOutputDevice: Error: [Callstack] 0x00007ff9d2dc02f7 UE4Editor-UnrealEd.dll!UnknownFunction []
[2021.06.07-07.21.47:151][590]LogOutputDevice: Error: [Callstack] 0x00007ff9d35dd396 UE4Editor-UnrealEd.dll!UnknownFunction []
[2021.06.07-07.21.47:152][590]LogOutputDevice: Error: [Callstack] 0x00007ff614d16bb1 UE4Editor.exe!UnknownFunction []
[2021.06.07-07.21.47:152][590]LogOutputDevice: Error: [Callstack] 0x00007ff614d2554c UE4Editor.exe!UnknownFunction []
[2021.06.07-07.21.47:153][590]LogOutputDevice: Error: [Callstack] 0x00007ff614d255ca UE4Editor.exe!UnknownFunction []
[2021.06.07-07.21.47:153][590]LogOutputDevice: Error: [Callstack] 0x00007ff614d3316c UE4Editor.exe!UnknownFunction []
[2021.06.07-07.21.47:154][590]LogOutputDevice: Error: [Callstack] 0x00007ff614d35b8e UE4Editor.exe!UnknownFunction []
[2021.06.07-07.21.47:154][590]LogOutputDevice: Error: [Callstack] 0x00007ffa50b67034 KERNEL32.DLL!UnknownFunction []
[2021.06.07-07.21.47:155][590]LogOutputDevice: Error: [Callstack] 0x00007ffa52322651 ntdll.dll!UnknownFunction []
[2021.06.07-07.21.47:155][590]LogOutputDevice: Error: 
[2021.06.07-07.21.47:230][590]LogStats:                SubmitErrorReport -  0.000 s
[2021.06.07-07.21.47:827][590]LogStats:                    SendNewReport -  0.597 s
[2021.06.07-07.21.47:827][590]LogStats:             FDebug::EnsureFailed -  1.499 s
[2021.06.07-07.21.48:660][590]LogWindows: Error: === Critical error: ===
[2021.06.07-07.21.48:660][590]LogWindows: Error: 
[2021.06.07-07.21.48:660][590]LogWindows: Error: Unhandled Exception: EXCEPTION_ACCESS_VIOLATION reading address 0x00000108
[2021.06.07-07.21.48:660][590]LogWindows: Error: 
[2021.06.07-07.21.48:660][590]LogWindows: Error: [Callstack] 0x00007ffa4e243caa UE4Editor-BattleTank-4567.dll!UTankAimingComponent::AimAt() [F:\Work\Unreal\BattleTank\BattleTank\Source\BattleTank\Private\TankAimingComponent.cpp:37]
[2021.06.07-07.21.48:660][590]LogWindows: Error: [Callstack] 0x00007ffa4e243216 UE4Editor-BattleTank-4567.dll!ATankAIController::Tick() [F:\Work\Unreal\BattleTank\BattleTank\Source\BattleTank\Private\TankAIController.cpp:28]
[2021.06.07-07.21.48:660][590]LogWindows: Error: [Callstack] 0x00007ff9d4dab170 UE4Editor-Engine.dll!UnknownFunction []
[2021.06.07-07.21.48:660][590]LogWindows: Error: [Callstack] 0x00007ff9d456aeed UE4Editor-Engine.dll!UnknownFunction []
[2021.06.07-07.21.48:660][590]LogWindows: Error: [Callstack] 0x00007ff9d55272bc UE4Editor-Engine.dll!UnknownFunction []
[2021.06.07-07.21.48:660][590]LogWindows: Error: [Callstack] 0x00007ff9d73922d8 UE4Editor-Core.dll!UnknownFunction []
[2021.06.07-07.21.48:660][590]LogWindows: Error: [Callstack] 0x00007ff9d7392563 UE4Editor-Core.dll!UnknownFunction []
[2021.06.07-07.21.48:660][590]LogWindows: Error: [Callstack] 0x00007ff9d73a2309 UE4Editor-Core.dll!UnknownFunction []
[2021.06.07-07.21.48:660][590]LogWindows: Error: [Callstack] 0x00007ff9d556f9e3 UE4Editor-Engine.dll!UnknownFunction []
[2021.06.07-07.21.48:660][590]LogWindows: Error: [Callstack] 0x00007ff9d557bd12 UE4Editor-Engine.dll!UnknownFunction []
[2021.06.07-07.21.48:660][590]LogWindows: Error: [Callstack] 0x00007ff9d4d9dc4f UE4Editor-Engine.dll!UnknownFunction []
[2021.06.07-07.21.48:660][590]LogWindows: Error: [Callstack] 0x00007ff9d4da7e28 UE4Editor-Engine.dll!UnknownFunction []
[2021.06.07-07.21.48:660][590]LogWindows: Error: [Callstack] 0x00007ff9d2dc02f7 UE4Editor-UnrealEd.dll!UnknownFunction []
[2021.06.07-07.21.48:660][590]LogWindows: Error: [Callstack] 0x00007ff9d35dd396 UE4Editor-UnrealEd.dll!UnknownFunction []
[2021.06.07-07.21.48:660][590]LogWindows: Error: [Callstack] 0x00007ff614d16bb1 UE4Editor.exe!UnknownFunction []
[2021.06.07-07.21.48:660][590]LogWindows: Error: [Callstack] 0x00007ff614d2554c UE4Editor.exe!UnknownFunction []
[2021.06.07-07.21.48:660][590]LogWindows: Error: [Callstack] 0x00007ff614d255ca UE4Editor.exe!UnknownFunction []
[2021.06.07-07.21.48:660][590]LogWindows: Error: [Callstack] 0x00007ff614d3316c UE4Editor.exe!UnknownFunction []
[2021.06.07-07.21.48:660][590]LogWindows: Error: [Callstack] 0x00007ff614d35b8e UE4Editor.exe!UnknownFunction []
[2021.06.07-07.21.48:660][590]LogWindows: Error: [Callstack] 0x00007ffa50b67034 KERNEL32.DLL!UnknownFunction []
[2021.06.07-07.21.48:660][590]LogWindows: Error: [Callstack] 0x00007ffa52322651 ntdll.dll!UnknownFunction []
[2021.06.07-07.21.48:660][590]LogWindows: Error: 
[2021.06.07-07.21.48:710][590]LogExit: Executing StaticShutdownAfterError
[2021.06.07-07.21.48:713][590]LogWindows: FPlatformMisc::RequestExit(1)
[2021.06.07-07.21.48:746][590]Log file closed, 06/07/21 10:21:48
